<?xml version="1.0" encoding="UTF-8"?>
<coverage generated="1621083438687" clover="3.2.0">
  <project timestamp="1621083438687" name="All files">
    <metrics statements="2786" coveredstatements="2290" conditionals="1817" coveredconditionals="1351" methods="693" coveredmethods="542" elements="5296" coveredelements="4183" complexity="0" loc="2786" ncloc="2786" packages="1" files="1" classes="1">
      <file name="immutable.js" path="C:\Users\Henrik\Documents\GitHub\iet-hf2021-dr-jupekzo\dist\immutable.js">
        <metrics statements="2786" coveredstatements="2290" conditionals="1817" coveredconditionals="1351" methods="693" coveredmethods="542"/>
        <line num="8" count="41" type="stmt"/>
        <line num="9" count="41" type="cond" truecount="3" falsecount="1"/>
        <line num="15" count="41" type="stmt"/>
        <line num="18" count="41" type="stmt"/>
        <line num="19" count="41" type="stmt"/>
        <line num="20" count="41" type="stmt"/>
        <line num="24" count="41" type="stmt"/>
        <line num="28" count="73145" type="stmt"/>
        <line num="32" count="78406" type="cond" truecount="2" falsecount="0"/>
        <line num="33" count="73046" type="stmt"/>
        <line num="43" count="272" type="cond" truecount="2" falsecount="0"/>
        <line num="44" count="5" type="stmt"/>
        <line num="46" count="272" type="stmt"/>
        <line num="57" count="30477" type="cond" truecount="2" falsecount="0"/>
        <line num="58" count="16" type="stmt"/>
        <line num="59" count="16" type="cond" truecount="4" falsecount="0"/>
        <line num="60" count="13" type="stmt"/>
        <line num="62" count="3" type="stmt"/>
        <line num="64" count="30464" type="cond" truecount="2" falsecount="0"/>
        <line num="68" count="63" type="stmt"/>
        <line num="72" count="2592" type="stmt"/>
        <line num="80" count="2573" type="stmt"/>
        <line num="84" count="2563" type="stmt"/>
        <line num="90" count="5136" type="cond" truecount="2" falsecount="0"/>
        <line num="103" count="2794" type="cond" truecount="3" falsecount="0"/>
        <line num="107" count="41" type="stmt"/>
        <line num="110" count="247201" type="cond" truecount="2" falsecount="0"/>
        <line num="113" count="41" type="stmt"/>
        <line num="116" count="8362" type="cond" truecount="2" falsecount="0"/>
        <line num="119" count="41" type="stmt"/>
        <line num="122" count="1371" type="cond" truecount="2" falsecount="0"/>
        <line num="126" count="31" type="cond" truecount="2" falsecount="0"/>
        <line num="129" count="41" type="stmt"/>
        <line num="130" count="24" type="cond" truecount="2" falsecount="0"/>
        <line num="133" count="41" type="stmt"/>
        <line num="135" count="918" type="cond" truecount="2" falsecount="0"/>
        <line num="138" count="41" type="cond" truecount="1" falsecount="1"/>
        <line num="139" count="41" type="cond" truecount="2" falsecount="0"/>
        <line num="140" count="41" type="stmt"/>
        <line num="142" count="41" type="stmt"/>
        <line num="145" count="41" type="stmt"/>
        <line num="147" count="476" type="cond" truecount="2" falsecount="0"/>
        <line num="150" count="41" type="cond" truecount="1" falsecount="1"/>
        <line num="151" count="41" type="cond" truecount="2" falsecount="0"/>
        <line num="152" count="41" type="stmt"/>
        <line num="154" count="41" type="stmt"/>
        <line num="157" count="41" type="stmt"/>
        <line num="159" count="48" type="cond" truecount="3" falsecount="1"/>
        <line num="162" count="41" type="cond" truecount="1" falsecount="1"/>
        <line num="163" count="41" type="cond" truecount="2" falsecount="0"/>
        <line num="164" count="41" type="stmt"/>
        <line num="166" count="41" type="stmt"/>
        <line num="169" count="41" type="stmt"/>
        <line num="170" count="41" type="stmt"/>
        <line num="171" count="41" type="stmt"/>
        <line num="173" count="41" type="stmt"/>
        <line num="176" count="1528" type="cond" truecount="2" falsecount="0"/>
        <line num="179" count="41" type="stmt"/>
        <line num="182" count="130319" type="cond" truecount="2" falsecount="0"/>
        <line num="186" count="2275" type="cond" truecount="2" falsecount="0"/>
        <line num="189" count="41" type="stmt"/>
        <line num="192" count="95" type="cond" truecount="2" falsecount="0"/>
        <line num="195" count="41" type="stmt"/>
        <line num="196" count="41" type="stmt"/>
        <line num="197" count="41" type="stmt"/>
        <line num="199" count="41" type="cond" truecount="2" falsecount="0"/>
        <line num="200" count="41" type="stmt"/>
        <line num="202" count="41" type="cond" truecount="1" falsecount="1"/>
        <line num="204" count="41" type="stmt"/>
        <line num="205" count="321" type="stmt"/>
        <line num="208" count="41" type="stmt"/>
        <line num="209" count="0" type="stmt"/>
        <line num="212" count="41" type="stmt"/>
        <line num="213" count="41" type="stmt"/>
        <line num="214" count="41" type="stmt"/>
        <line num="216" count="41" type="stmt"/>
        <line num="217" count="0" type="stmt"/>
        <line num="219" count="41" type="stmt"/>
        <line num="220" count="0" type="stmt"/>
        <line num="224" count="5073" type="cond" truecount="3" falsecount="1"/>
        <line num="225" count="5073" type="cond" truecount="2" falsecount="0"/>
        <line num="231" count="5073" type="stmt"/>
        <line num="235" count="265" type="stmt"/>
        <line num="239" count="1137" type="stmt"/>
        <line num="243" count="1" type="cond" truecount="2" falsecount="0"/>
        <line num="247" count="23" type="stmt"/>
        <line num="248" count="23" type="cond" truecount="2" falsecount="0"/>
        <line num="253" count="1160" type="cond" truecount="4" falsecount="0"/>
        <line num="256" count="1160" type="cond" truecount="2" falsecount="0"/>
        <line num="257" count="37" type="stmt"/>
        <line num="261" count="41" type="stmt"/>
        <line num="264" count="128370" type="cond" truecount="4" falsecount="0"/>
        <line num="265" count="128195" type="stmt"/>
        <line num="268" count="174" type="stmt"/>
        <line num="282" count="41" type="stmt"/>
        <line num="284" count="902" type="cond" truecount="4" falsecount="0"/>
        <line num="285" count="9" type="stmt"/>
        <line num="287" count="893" type="cond" truecount="2" falsecount="0"/>
        <line num="291" count="41" type="cond" truecount="1" falsecount="1"/>
        <line num="292" count="41" type="cond" truecount="2" falsecount="0"/>
        <line num="293" count="41" type="stmt"/>
        <line num="295" count="41" type="stmt"/>
        <line num="296" count="151" type="stmt"/>
        <line num="299" count="41" type="stmt"/>
        <line num="300" count="0" type="stmt"/>
        <line num="303" count="41" type="stmt"/>
        <line num="304" count="11" type="cond" truecount="3" falsecount="1"/>
        <line num="305" count="11" type="stmt"/>
        <line num="306" count="10" type="stmt"/>
        <line num="308" count="10" type="stmt"/>
        <line num="313" count="41" type="stmt"/>
        <line num="314" count="1018" type="stmt"/>
        <line num="315" count="1018" type="cond" truecount="2" falsecount="0"/>
        <line num="316" count="10" type="stmt"/>
        <line num="317" count="10" type="stmt"/>
        <line num="318" count="10" type="stmt"/>
        <line num="319" count="51" type="cond" truecount="1" falsecount="1"/>
        <line num="320" count="51" type="cond" truecount="2" falsecount="0"/>
        <line num="321" count="1" type="stmt"/>
        <line num="324" count="10" type="stmt"/>
        <line num="326" count="1008" type="stmt"/>
        <line num="331" count="41" type="stmt"/>
        <line num="332" count="28" type="stmt"/>
        <line num="333" count="28" type="cond" truecount="1" falsecount="1"/>
        <line num="334" count="0" type="stmt"/>
        <line num="335" count="0" type="stmt"/>
        <line num="336" count="0" type="stmt"/>
        <line num="337" count="0" type="cond" truecount="0" falsecount="2"/>
        <line num="338" count="0" type="stmt"/>
        <line num="340" count="0" type="cond" truecount="0" falsecount="2"/>
        <line num="341" count="0" type="stmt"/>
        <line num="344" count="28" type="stmt"/>
        <line num="347" count="41" type="stmt"/>
        <line num="350" count="41" type="stmt"/>
        <line num="352" count="1745" type="cond" truecount="4" falsecount="0"/>
        <line num="353" count="22" type="stmt"/>
        <line num="354" count="1723" type="cond" truecount="2" falsecount="0"/>
        <line num="355" count="1" type="cond" truecount="1" falsecount="1"/>
        <line num="356" count="0" type="stmt"/>
        <line num="358" count="1" type="stmt"/>
        <line num="359" count="1722" type="cond" truecount="2" falsecount="0"/>
        <line num="360" count="4" type="stmt"/>
        <line num="362" count="1718" type="stmt"/>
        <line num="365" count="41" type="cond" truecount="1" falsecount="1"/>
        <line num="366" count="41" type="cond" truecount="2" falsecount="0"/>
        <line num="367" count="41" type="stmt"/>
        <line num="369" count="41" type="stmt"/>
        <line num="370" count="245" type="stmt"/>
        <line num="373" count="41" type="stmt"/>
        <line num="376" count="41" type="stmt"/>
        <line num="378" count="127262" type="cond" truecount="3" falsecount="1"/>
        <line num="379" count="0" type="stmt"/>
        <line num="380" count="127262" type="cond" truecount="2" falsecount="0"/>
        <line num="381" count="7" type="cond" truecount="2" falsecount="0"/>
        <line num="382" count="3" type="stmt"/>
        <line num="384" count="4" type="stmt"/>
        <line num="385" count="127254" type="cond" truecount="2" falsecount="0"/>
        <line num="386" count="1" type="stmt"/>
        <line num="388" count="127253" type="stmt"/>
        <line num="391" count="41" type="cond" truecount="1" falsecount="1"/>
        <line num="392" count="41" type="cond" truecount="2" falsecount="0"/>
        <line num="393" count="41" type="stmt"/>
        <line num="395" count="41" type="stmt"/>
        <line num="396" count="8" type="stmt"/>
        <line num="399" count="41" type="stmt"/>
        <line num="400" count="23" type="stmt"/>
        <line num="403" count="41" type="stmt"/>
        <line num="404" count="0" type="stmt"/>
        <line num="407" count="41" type="stmt"/>
        <line num="410" count="41" type="stmt"/>
        <line num="412" count="115472" type="cond" truecount="3" falsecount="1"/>
        <line num="418" count="41" type="cond" truecount="1" falsecount="1"/>
        <line num="419" count="41" type="cond" truecount="2" falsecount="0"/>
        <line num="420" count="41" type="stmt"/>
        <line num="422" count="41" type="stmt"/>
        <line num="423" count="0" type="stmt"/>
        <line num="426" count="41" type="stmt"/>
        <line num="427" count="0" type="stmt"/>
        <line num="430" count="41" type="stmt"/>
        <line num="433" count="41" type="stmt"/>
        <line num="434" count="41" type="stmt"/>
        <line num="435" count="41" type="stmt"/>
        <line num="436" count="41" type="stmt"/>
        <line num="438" count="41" type="stmt"/>
        <line num="442" count="41" type="stmt"/>
        <line num="444" count="129025" type="stmt"/>
        <line num="445" count="129025" type="stmt"/>
        <line num="448" count="41" type="cond" truecount="1" falsecount="1"/>
        <line num="449" count="41" type="cond" truecount="2" falsecount="0"/>
        <line num="450" count="41" type="stmt"/>
        <line num="452" count="41" type="stmt"/>
        <line num="453" count="27" type="cond" truecount="2" falsecount="0"/>
        <line num="456" count="41" type="stmt"/>
        <line num="457" count="1459" type="stmt"/>
        <line num="458" count="1459" type="stmt"/>
        <line num="459" count="1459" type="stmt"/>
        <line num="460" count="1459" type="stmt"/>
        <line num="461" count="32968" type="cond" truecount="2" falsecount="0"/>
        <line num="462" count="32968" type="cond" truecount="2" falsecount="0"/>
        <line num="463" count="140" type="stmt"/>
        <line num="466" count="1454" type="stmt"/>
        <line num="469" count="41" type="stmt"/>
        <line num="470" count="253" type="stmt"/>
        <line num="471" count="253" type="stmt"/>
        <line num="472" count="253" type="stmt"/>
        <line num="473" count="253" type="stmt"/>
        <line num="474" count="5179" type="cond" truecount="2" falsecount="0"/>
        <line num="475" count="243" type="stmt"/>
        <line num="477" count="4936" type="cond" truecount="2" falsecount="0"/>
        <line num="478" count="4936" type="stmt"/>
        <line num="482" count="41" type="stmt"/>
        <line num="485" count="41" type="stmt"/>
        <line num="487" count="1118" type="stmt"/>
        <line num="488" count="1118" type="stmt"/>
        <line num="489" count="1118" type="stmt"/>
        <line num="490" count="1118" type="stmt"/>
        <line num="493" count="41" type="cond" truecount="1" falsecount="1"/>
        <line num="494" count="41" type="cond" truecount="2" falsecount="0"/>
        <line num="495" count="41" type="stmt"/>
        <line num="497" count="41" type="stmt"/>
        <line num="498" count="3" type="cond" truecount="2" falsecount="2"/>
        <line num="499" count="0" type="stmt"/>
        <line num="501" count="3" type="stmt"/>
        <line num="504" count="41" type="stmt"/>
        <line num="505" count="0" type="stmt"/>
        <line num="508" count="41" type="stmt"/>
        <line num="509" count="446" type="stmt"/>
        <line num="510" count="446" type="stmt"/>
        <line num="511" count="446" type="stmt"/>
        <line num="512" count="446" type="stmt"/>
        <line num="513" count="446" type="stmt"/>
        <line num="514" count="1914" type="cond" truecount="2" falsecount="0"/>
        <line num="515" count="1914" type="cond" truecount="2" falsecount="0"/>
        <line num="516" count="5" type="stmt"/>
        <line num="519" count="443" type="stmt"/>
        <line num="522" count="41" type="stmt"/>
        <line num="523" count="1" type="stmt"/>
        <line num="524" count="1" type="stmt"/>
        <line num="525" count="1" type="stmt"/>
        <line num="526" count="1" type="stmt"/>
        <line num="527" count="1" type="stmt"/>
        <line num="528" count="4" type="cond" truecount="2" falsecount="0"/>
        <line num="529" count="1" type="stmt"/>
        <line num="531" count="3" type="cond" truecount="1" falsecount="1"/>
        <line num="532" count="3" type="stmt"/>
        <line num="536" count="41" type="stmt"/>
        <line num="538" count="41" type="stmt"/>
        <line num="540" count="41" type="stmt"/>
        <line num="542" count="1" type="stmt"/>
        <line num="543" count="1" type="cond" truecount="1" falsecount="1"/>
        <line num="546" count="41" type="cond" truecount="1" falsecount="1"/>
        <line num="547" count="41" type="cond" truecount="2" falsecount="0"/>
        <line num="548" count="41" type="stmt"/>
        <line num="550" count="41" type="stmt"/>
        <line num="551" count="1" type="cond" truecount="1" falsecount="1"/>
        <line num="552" count="0" type="stmt"/>
        <line num="554" count="1" type="stmt"/>
        <line num="555" count="1" type="stmt"/>
        <line num="556" count="1" type="stmt"/>
        <line num="557" count="1" type="cond" truecount="1" falsecount="1"/>
        <line num="559" count="1" type="stmt"/>
        <line num="560" count="1" type="cond" truecount="0" falsecount="2"/>
        <line num="561" count="0" type="stmt"/>
        <line num="565" count="0" type="stmt"/>
        <line num="568" count="41" type="stmt"/>
        <line num="569" count="0" type="cond" truecount="0" falsecount="2"/>
        <line num="570" count="0" type="stmt"/>
        <line num="572" count="0" type="stmt"/>
        <line num="573" count="0" type="stmt"/>
        <line num="574" count="0" type="cond" truecount="0" falsecount="2"/>
        <line num="575" count="0" type="stmt"/>
        <line num="577" count="0" type="stmt"/>
        <line num="578" count="0" type="stmt"/>
        <line num="579" count="0" type="stmt"/>
        <line num="580" count="0" type="cond" truecount="0" falsecount="2"/>
        <line num="584" count="41" type="stmt"/>
        <line num="592" count="31" type="cond" truecount="2" falsecount="0"/>
        <line num="596" count="1750" type="cond" truecount="2" falsecount="0"/>
        <line num="601" count="1750" type="cond" truecount="2" falsecount="0"/>
        <line num="602" count="672" type="stmt"/>
        <line num="604" count="1078" type="cond" truecount="2" falsecount="0"/>
        <line num="605" count="1077" type="stmt"/>
        <line num="607" count="1" type="stmt"/>
        <line num="614" count="127271" type="stmt"/>
        <line num="615" count="127255" type="cond" truecount="2" falsecount="0"/>
        <line num="616" count="127254" type="stmt"/>
        <line num="618" count="1" type="stmt"/>
        <line num="624" count="890" type="stmt"/>
        <line num="625" count="890" type="cond" truecount="2" falsecount="0"/>
        <line num="626" count="848" type="stmt"/>
        <line num="628" count="42" type="cond" truecount="2" falsecount="0"/>
        <line num="629" count="41" type="stmt"/>
        <line num="631" count="1" type="stmt"/>
        <line num="637" count="128161" type="cond" truecount="2" falsecount="0"/>
        <line num="644" count="41" type="stmt"/>
        <line num="647" count="787" type="cond" truecount="2" falsecount="0"/>
        <line num="651" count="30" type="cond" truecount="2" falsecount="0"/>
        <line num="655" count="17651" type="stmt"/>
        <line num="717" count="39489" type="cond" truecount="5" falsecount="0"/>
        <line num="718" count="19126" type="stmt"/>
        <line num="720" count="20363" type="cond" truecount="4" falsecount="0"/>
        <line num="721" count="2733" type="stmt"/>
        <line num="723" count="17630" type="cond" truecount="1" falsecount="1"/>
        <line num="727" count="17630" type="stmt"/>
        <line num="728" count="17630" type="stmt"/>
        <line num="729" count="17630" type="cond" truecount="4" falsecount="1"/>
        <line num="730" count="10" type="stmt"/>
        <line num="732" count="17620" type="cond" truecount="3" falsecount="1"/>
        <line num="733" count="0" type="stmt"/>
        <line num="736" count="17620" type="stmt"/>
        <line num="744" count="41" type="cond" truecount="3" falsecount="1"/>
        <line num="747" count="0" type="stmt"/>
        <line num="748" count="0" type="stmt"/>
        <line num="749" count="0" type="stmt"/>
        <line num="750" count="0" type="stmt"/>
        <line num="752" count="0" type="stmt"/>
        <line num="760" count="34708" type="stmt"/>
        <line num="763" count="41" type="stmt"/>
        <line num="766" count="34718" type="cond" truecount="6" falsecount="1"/>
        <line num="771" count="2" type="cond" truecount="2" falsecount="0"/>
        <line num="773" count="15930" type="stmt"/>
        <line num="775" count="18776" type="cond" truecount="2" falsecount="0"/>
        <line num="780" count="9" type="cond" truecount="2" falsecount="0"/>
        <line num="781" count="1" type="stmt"/>
        <line num="783" count="8" type="cond" truecount="1" falsecount="1"/>
        <line num="785" count="0" type="stmt"/>
        <line num="787" count="8" type="cond" truecount="2" falsecount="2"/>
        <line num="788" count="0" type="stmt"/>
        <line num="790" count="8" type="stmt"/>
        <line num="792" count="1" type="stmt"/>
        <line num="794" count="0" type="cond" truecount="0" falsecount="2"/>
        <line num="795" count="0" type="stmt"/>
        <line num="797" count="0" type="stmt"/>
        <line num="803" count="15930" type="cond" truecount="3" falsecount="1"/>
        <line num="804" count="0" type="stmt"/>
        <line num="806" count="15930" type="stmt"/>
        <line num="807" count="15930" type="cond" truecount="2" falsecount="0"/>
        <line num="808" count="4" type="stmt"/>
        <line num="810" count="15930" type="stmt"/>
        <line num="811" count="0" type="stmt"/>
        <line num="812" count="0" type="stmt"/>
        <line num="814" count="15930" type="stmt"/>
        <line num="818" count="31" type="stmt"/>
        <line num="819" count="31" type="cond" truecount="1" falsecount="1"/>
        <line num="820" count="31" type="stmt"/>
        <line num="821" count="31" type="cond" truecount="1" falsecount="1"/>
        <line num="822" count="0" type="stmt"/>
        <line num="823" count="0" type="stmt"/>
        <line num="825" count="31" type="stmt"/>
        <line num="826" count="31" type="stmt"/>
        <line num="828" count="31" type="stmt"/>
        <line num="839" count="18776" type="stmt"/>
        <line num="840" count="18776" type="stmt"/>
        <line num="841" count="109860" type="stmt"/>
        <line num="843" count="18776" type="stmt"/>
        <line num="848" count="8" type="cond" truecount="1" falsecount="1"/>
        <line num="849" count="8" type="stmt"/>
        <line num="850" count="8" type="cond" truecount="2" falsecount="0"/>
        <line num="851" count="4" type="stmt"/>
        <line num="855" count="4" type="stmt"/>
        <line num="856" count="4" type="cond" truecount="1" falsecount="1"/>
        <line num="857" count="0" type="stmt"/>
        <line num="860" count="4" type="cond" truecount="1" falsecount="1"/>
        <line num="861" count="0" type="cond" truecount="0" falsecount="2"/>
        <line num="862" count="0" type="cond" truecount="0" falsecount="2"/>
        <line num="863" count="0" type="stmt"/>
        <line num="866" count="0" type="stmt"/>
        <line num="867" count="0" type="cond" truecount="0" falsecount="2"/>
        <line num="868" count="0" type="stmt"/>
        <line num="872" count="4" type="stmt"/>
        <line num="873" count="4" type="cond" truecount="1" falsecount="1"/>
        <line num="874" count="0" type="stmt"/>
        <line num="877" count="4" type="cond" truecount="1" falsecount="1"/>
        <line num="878" count="4" type="stmt"/>
        <line num="879" count="0" type="cond" truecount="0" falsecount="4"/>
        <line num="880" count="0" type="stmt"/>
        <line num="881" count="0" type="cond" truecount="0" falsecount="2"/>
        <line num="882" count="0" type="stmt"/>
        <line num="888" count="0" type="cond" truecount="0" falsecount="2"/>
        <line num="896" count="0" type="stmt"/>
        <line num="897" count="0" type="stmt"/>
        <line num="902" count="0" type="stmt"/>
        <line num="903" count="0" type="cond" truecount="0" falsecount="2"/>
        <line num="908" count="0" type="stmt"/>
        <line num="910" count="0" type="stmt"/>
        <line num="913" count="4" type="stmt"/>
        <line num="917" count="41" type="stmt"/>
        <line num="920" count="41" type="stmt"/>
        <line num="921" count="41" type="stmt"/>
        <line num="922" count="41" type="stmt"/>
        <line num="923" count="41" type="stmt"/>
        <line num="925" count="0" type="stmt"/>
        <line num="932" count="0" type="cond" truecount="0" falsecount="4"/>
        <line num="933" count="0" type="cond" truecount="0" falsecount="2"/>
        <line num="935" count="0" type="stmt"/>
        <line num="937" count="0" type="cond" truecount="0" falsecount="2"/>
        <line num="943" count="41" type="stmt"/>
        <line num="945" count="41" type="cond" truecount="1" falsecount="1"/>
        <line num="946" count="41" type="stmt"/>
        <line num="949" count="41" type="stmt"/>
        <line num="951" count="41" type="stmt"/>
        <line num="952" count="41" type="cond" truecount="1" falsecount="1"/>
        <line num="953" count="41" type="stmt"/>
        <line num="956" count="41" type="stmt"/>
        <line num="957" count="41" type="stmt"/>
        <line num="958" count="41" type="stmt"/>
        <line num="959" count="41" type="stmt"/>
        <line num="961" count="41" type="stmt"/>
        <line num="963" count="614" type="stmt"/>
        <line num="964" count="614" type="stmt"/>
        <line num="965" count="614" type="stmt"/>
        <line num="966" count="614" type="stmt"/>
        <line num="967" count="614" type="stmt"/>
        <line num="970" count="41" type="cond" truecount="1" falsecount="1"/>
        <line num="971" count="41" type="cond" truecount="2" falsecount="0"/>
        <line num="972" count="41" type="stmt"/>
        <line num="974" count="41" type="stmt"/>
        <line num="975" count="0" type="stmt"/>
        <line num="978" count="41" type="stmt"/>
        <line num="979" count="0" type="stmt"/>
        <line num="982" count="41" type="stmt"/>
        <line num="983" count="0" type="stmt"/>
        <line num="986" count="41" type="stmt"/>
        <line num="987" count="5" type="stmt"/>
        <line num="989" count="5" type="stmt"/>
        <line num="990" count="5" type="cond" truecount="1" falsecount="1"/>
        <line num="991" count="5" type="stmt"/>
        <line num="993" count="5" type="stmt"/>
        <line num="996" count="41" type="stmt"/>
        <line num="997" count="16" type="stmt"/>
        <line num="999" count="16" type="stmt"/>
        <line num="1000" count="16" type="cond" truecount="1" falsecount="1"/>
        <line num="1001" count="0" type="stmt"/>
        <line num="1003" count="16" type="stmt"/>
        <line num="1006" count="41" type="stmt"/>
        <line num="1007" count="464" type="stmt"/>
        <line num="1009" count="10069" type="stmt"/>
        <line num="1012" count="41" type="stmt"/>
        <line num="1013" count="100" type="stmt"/>
        <line num="1016" count="41" type="stmt"/>
        <line num="1018" count="41" type="stmt"/>
        <line num="1020" count="41" type="stmt"/>
        <line num="1022" count="36" type="stmt"/>
        <line num="1023" count="36" type="stmt"/>
        <line num="1024" count="36" type="stmt"/>
        <line num="1025" count="36" type="stmt"/>
        <line num="1028" count="41" type="cond" truecount="1" falsecount="1"/>
        <line num="1029" count="41" type="cond" truecount="2" falsecount="0"/>
        <line num="1030" count="41" type="stmt"/>
        <line num="1032" count="41" type="stmt"/>
        <line num="1033" count="0" type="stmt"/>
        <line num="1036" count="41" type="stmt"/>
        <line num="1037" count="33" type="stmt"/>
        <line num="1039" count="33" type="stmt"/>
        <line num="1040" count="33" type="cond" truecount="2" falsecount="0"/>
        <line num="1041" count="33" type="stmt"/>
        <line num="1042" count="112" type="cond" truecount="2" falsecount="0"/>
        <line num="1047" count="41" type="stmt"/>
        <line num="1048" count="2" type="stmt"/>
        <line num="1050" count="2" type="stmt"/>
        <line num="1051" count="1" type="stmt"/>
        <line num="1052" count="1" type="cond" truecount="2" falsecount="0"/>
        <line num="1053" count="1" type="stmt"/>
        <line num="1054" count="4" type="stmt"/>
        <line num="1055" count="4" type="cond" truecount="2" falsecount="0"/>
        <line num="1066" count="41" type="stmt"/>
        <line num="1069" count="41" type="stmt"/>
        <line num="1071" count="115425" type="stmt"/>
        <line num="1072" count="115425" type="stmt"/>
        <line num="1073" count="0" type="stmt"/>
        <line num="1074" count="0" type="stmt"/>
        <line num="1077" count="41" type="cond" truecount="1" falsecount="1"/>
        <line num="1078" count="41" type="cond" truecount="2" falsecount="0"/>
        <line num="1079" count="41" type="stmt"/>
        <line num="1081" count="41" type="stmt"/>
        <line num="1082" count="0" type="stmt"/>
        <line num="1085" count="41" type="stmt"/>
        <line num="1086" count="0" type="stmt"/>
        <line num="1088" count="0" type="stmt"/>
        <line num="1091" count="41" type="stmt"/>
        <line num="1092" count="0" type="stmt"/>
        <line num="1093" count="0" type="stmt"/>
        <line num="1094" count="0" type="stmt"/>
        <line num="1095" count="0" type="cond" truecount="0" falsecount="2"/>
        <line num="1101" count="41" type="stmt"/>
        <line num="1104" count="41" type="stmt"/>
        <line num="1106" count="675" type="stmt"/>
        <line num="1107" count="675" type="stmt"/>
        <line num="1108" count="675" type="stmt"/>
        <line num="1109" count="675" type="stmt"/>
        <line num="1112" count="41" type="cond" truecount="1" falsecount="1"/>
        <line num="1113" count="41" type="cond" truecount="2" falsecount="0"/>
        <line num="1114" count="41" type="stmt"/>
        <line num="1116" count="41" type="stmt"/>
        <line num="1117" count="2" type="stmt"/>
        <line num="1120" count="41" type="stmt"/>
        <line num="1121" count="56" type="stmt"/>
        <line num="1123" count="56" type="stmt"/>
        <line num="1126" count="109" type="cond" truecount="1" falsecount="1"/>
        <line num="1127" count="109" type="stmt"/>
        <line num="1128" count="106" type="stmt"/>
        <line num="1129" count="106" type="stmt"/>
        <line num="1138" count="41" type="stmt"/>
        <line num="1139" count="5" type="stmt"/>
        <line num="1140" count="3" type="stmt"/>
        <line num="1141" count="9" type="stmt"/>
        <line num="1142" count="9" type="stmt"/>
        <line num="1143" count="9" type="cond" truecount="2" falsecount="0"/>
        <line num="1144" count="3" type="stmt"/>
        <line num="1146" count="6" type="stmt"/>
        <line num="1149" count="6" type="cond" truecount="1" falsecount="1"/>
        <line num="1150" count="6" type="stmt"/>
        <line num="1151" count="6" type="stmt"/>
        <line num="1152" count="6" type="stmt"/>
        <line num="1163" count="41" type="stmt"/>
        <line num="1166" count="41" type="stmt"/>
        <line num="1169" count="209" type="stmt"/>
        <line num="1170" count="209" type="stmt"/>
        <line num="1171" count="209" type="stmt"/>
        <line num="1172" count="209" type="stmt"/>
        <line num="1173" count="209" type="stmt"/>
        <line num="1174" count="0" type="stmt"/>
        <line num="1175" count="0" type="stmt"/>
        <line num="1176" count="0" type="stmt"/>
        <line num="1178" count="209" type="stmt"/>
        <line num="1179" count="209" type="stmt"/>
        <line num="1180" count="209" type="stmt"/>
        <line num="1181" count="209" type="stmt"/>
        <line num="1182" count="207" type="stmt"/>
        <line num="1184" count="4756" type="stmt"/>
        <line num="1186" count="209" type="stmt"/>
        <line num="1187" count="0" type="cond" truecount="0" falsecount="2"/>
        <line num="1188" count="0" type="stmt"/>
        <line num="1189" count="0" type="stmt"/>
        <line num="1190" count="0" type="stmt"/>
        <line num="1191" count="0" type="cond" truecount="0" falsecount="2"/>
        <line num="1192" count="0" type="stmt"/>
        <line num="1193" count="0" type="stmt"/>
        <line num="1194" count="0" type="stmt"/>
        <line num="1196" count="0" type="stmt"/>
        <line num="1199" count="0" type="stmt"/>
        <line num="1204" count="209" type="stmt"/>
        <line num="1208" count="581" type="stmt"/>
        <line num="1209" count="581" type="stmt"/>
        <line num="1210" count="581" type="stmt"/>
        <line num="1211" count="581" type="stmt"/>
        <line num="1212" count="0" type="stmt"/>
        <line num="1213" count="0" type="cond" truecount="0" falsecount="2"/>
        <line num="1217" count="581" type="stmt"/>
        <line num="1218" count="574" type="stmt"/>
        <line num="1220" count="574" type="stmt"/>
        <line num="1221" count="7934" type="stmt"/>
        <line num="1225" count="581" type="stmt"/>
        <line num="1226" count="5" type="stmt"/>
        <line num="1227" count="5" type="stmt"/>
        <line num="1228" count="21" type="stmt"/>
        <line num="1229" count="21" type="cond" truecount="2" falsecount="0"/>
        <line num="1230" count="3" type="stmt"/>
        <line num="1232" count="18" type="stmt"/>
        <line num="1233" count="18" type="stmt"/>
        <line num="1234" count="18" type="stmt"/>
        <line num="1242" count="581" type="stmt"/>
        <line num="1246" count="29" type="stmt"/>
        <line num="1248" count="29" type="stmt"/>
        <line num="1249" count="29" type="stmt"/>
        <line num="1250" count="29" type="stmt"/>
        <line num="1251" count="29" type="stmt"/>
        <line num="1252" count="29" type="cond" truecount="2" falsecount="0"/>
        <line num="1253" count="11" type="stmt"/>
        <line num="1254" count="0" type="stmt"/>
        <line num="1255" count="0" type="stmt"/>
        <line num="1256" count="0" type="stmt"/>
        <line num="1259" count="29" type="cond" truecount="1" falsecount="1"/>
        <line num="1260" count="29" type="cond" truecount="0" falsecount="2"/>
        <line num="1261" count="29" type="stmt"/>
        <line num="1262" count="29" type="stmt"/>
        <line num="1263" count="29" type="stmt"/>
        <line num="1264" count="20" type="stmt"/>
        <line num="1266" count="20" type="stmt"/>
        <line num="1267" count="20" type="cond" truecount="1" falsecount="1"/>
        <line num="1268" count="20" type="stmt"/>
        <line num="1269" count="110" type="cond" truecount="3" falsecount="1"/>
        <line num="1273" count="29" type="stmt"/>
        <line num="1274" count="2" type="stmt"/>
        <line num="1275" count="2" type="cond" truecount="1" falsecount="1"/>
        <line num="1276" count="2" type="stmt"/>
        <line num="1277" count="1" type="stmt"/>
        <line num="1278" count="4" type="stmt"/>
        <line num="1279" count="4" type="cond" truecount="2" falsecount="0"/>
        <line num="1280" count="1" type="stmt"/>
        <line num="1282" count="3" type="stmt"/>
        <line num="1283" count="3" type="stmt"/>
        <line num="1291" count="29" type="stmt"/>
        <line num="1295" count="23" type="stmt"/>
        <line num="1296" count="23" type="cond" truecount="2" falsecount="0"/>
        <line num="1297" count="3" type="stmt"/>
        <line num="1298" count="0" type="stmt"/>
        <line num="1299" count="0" type="cond" truecount="0" falsecount="2"/>
        <line num="1301" count="3" type="stmt"/>
        <line num="1302" count="0" type="stmt"/>
        <line num="1303" count="0" type="cond" truecount="0" falsecount="4"/>
        <line num="1308" count="23" type="stmt"/>
        <line num="1309" count="27" type="stmt"/>
        <line num="1311" count="27" type="stmt"/>
        <line num="1312" count="27" type="stmt"/>
        <line num="1313" count="389" type="cond" truecount="2" falsecount="0"/>
        <line num="1314" count="197" type="stmt"/>
        <line num="1315" count="197" type="cond" truecount="2" falsecount="0"/>
        <line num="1318" count="24" type="stmt"/>
        <line num="1320" count="23" type="stmt"/>
        <line num="1321" count="1" type="stmt"/>
        <line num="1322" count="1" type="stmt"/>
        <line num="1323" count="1" type="stmt"/>
        <line num="1324" count="6" type="stmt"/>
        <line num="1325" count="11" type="stmt"/>
        <line num="1326" count="11" type="cond" truecount="2" falsecount="0"/>
        <line num="1327" count="1" type="stmt"/>
        <line num="1329" count="10" type="stmt"/>
        <line num="1330" count="10" type="stmt"/>
        <line num="1331" count="10" type="stmt"/>
        <line num="1332" count="10" type="cond" truecount="2" falsecount="0"/>
        <line num="1333" count="5" type="cond" truecount="1" falsecount="1"/>
        <line num="1338" count="23" type="stmt"/>
        <line num="1342" count="3" type="stmt"/>
        <line num="1343" count="3" type="stmt"/>
        <line num="1344" count="16" type="stmt"/>
        <line num="1346" count="3" type="stmt"/>
        <line num="1350" count="6" type="stmt"/>
        <line num="1351" count="6" type="cond" truecount="1" falsecount="1"/>
        <line num="1352" count="6" type="stmt"/>
        <line num="1353" count="34" type="stmt"/>
        <line num="1355" count="34" type="cond" truecount="4" falsecount="0"/>
        <line num="1358" count="6" type="stmt"/>
        <line num="1359" count="6" type="stmt"/>
        <line num="1363" count="170" type="stmt"/>
        <line num="1365" count="170" type="cond" truecount="2" falsecount="0"/>
        <line num="1366" count="8" type="stmt"/>
        <line num="1369" count="162" type="stmt"/>
        <line num="1370" count="162" type="stmt"/>
        <line num="1375" count="162" type="cond" truecount="3" falsecount="1"/>
        <line num="1376" count="0" type="stmt"/>
        <line num="1383" count="162" type="stmt"/>
        <line num="1385" count="162" type="cond" truecount="2" falsecount="0"/>
        <line num="1386" count="159" type="cond" truecount="2" falsecount="0"/>
        <line num="1389" count="162" type="stmt"/>
        <line num="1393" count="162" type="stmt"/>
        <line num="1396" count="162" type="cond" truecount="5" falsecount="0"/>
        <line num="1397" count="145" type="stmt"/>
        <line num="1398" count="1" type="stmt"/>
        <line num="1399" count="1" type="cond" truecount="3" falsecount="1"/>
        <line num="1405" count="162" type="stmt"/>
        <line num="1406" count="163" type="stmt"/>
        <line num="1408" count="163" type="cond" truecount="2" falsecount="0"/>
        <line num="1409" count="15" type="stmt"/>
        <line num="1411" count="148" type="cond" truecount="2" falsecount="0"/>
        <line num="1412" count="7" type="stmt"/>
        <line num="1414" count="141" type="stmt"/>
        <line num="1415" count="141" type="stmt"/>
        <line num="1416" count="141" type="stmt"/>
        <line num="1417" count="141" type="stmt"/>
        <line num="1418" count="4352" type="cond" truecount="4" falsecount="0"/>
        <line num="1419" count="3189" type="stmt"/>
        <line num="1420" count="3189" type="stmt"/>
        <line num="1426" count="141" type="stmt"/>
        <line num="1429" count="162" type="stmt"/>
        <line num="1430" count="7" type="cond" truecount="3" falsecount="1"/>
        <line num="1431" count="0" type="stmt"/>
        <line num="1434" count="7" type="cond" truecount="2" falsecount="0"/>
        <line num="1435" count="1" type="stmt"/>
        <line num="1437" count="6" type="stmt"/>
        <line num="1438" count="6" type="stmt"/>
        <line num="1439" count="6" type="stmt"/>
        <line num="1440" count="6" type="stmt"/>
        <line num="1441" count="18" type="stmt"/>
        <line num="1442" count="12" type="stmt"/>
        <line num="1444" count="18" type="cond" truecount="2" falsecount="0"/>
        <line num="1445" count="5" type="stmt"/>
        <line num="1447" count="13" type="stmt"/>
        <line num="1448" count="13" type="cond" truecount="5" falsecount="0"/>
        <line num="1449" count="7" type="stmt"/>
        <line num="1451" count="6" type="cond" truecount="1" falsecount="1"/>
        <line num="1452" count="0" type="stmt"/>
        <line num="1454" count="6" type="stmt"/>
        <line num="1458" count="162" type="stmt"/>
        <line num="1462" count="0" type="stmt"/>
        <line num="1463" count="0" type="stmt"/>
        <line num="1464" count="0" type="stmt"/>
        <line num="1466" count="0" type="cond" truecount="0" falsecount="2"/>
        <line num="1467" count="0" type="stmt"/>
        <line num="1469" count="0" type="stmt"/>
        <line num="1470" count="0" type="stmt"/>
        <line num="1471" count="0" type="cond" truecount="0" falsecount="3"/>
        <line num="1473" count="0" type="stmt"/>
        <line num="1475" count="0" type="stmt"/>
        <line num="1476" count="0" type="stmt"/>
        <line num="1478" count="0" type="cond" truecount="0" falsecount="2"/>
        <line num="1479" count="0" type="stmt"/>
        <line num="1481" count="0" type="stmt"/>
        <line num="1482" count="0" type="stmt"/>
        <line num="1483" count="0" type="stmt"/>
        <line num="1484" count="0" type="cond" truecount="0" falsecount="2"/>
        <line num="1485" count="0" type="stmt"/>
        <line num="1487" count="0" type="stmt"/>
        <line num="1488" count="0" type="cond" truecount="0" falsecount="2"/>
        <line num="1489" count="0" type="stmt"/>
        <line num="1491" count="0" type="stmt"/>
        <line num="1492" count="0" type="stmt"/>
        <line num="1493" count="0" type="stmt"/>
        <line num="1494" count="0" type="cond" truecount="0" falsecount="2"/>
        <line num="1495" count="0" type="stmt"/>
        <line num="1496" count="0" type="stmt"/>
        <line num="1498" count="0" type="cond" truecount="0" falsecount="2"/>
        <line num="1501" count="0" type="stmt"/>
        <line num="1505" count="0" type="stmt"/>
        <line num="1506" count="0" type="stmt"/>
        <line num="1507" count="0" type="stmt"/>
        <line num="1509" count="0" type="cond" truecount="0" falsecount="2"/>
        <line num="1510" count="0" type="stmt"/>
        <line num="1512" count="0" type="stmt"/>
        <line num="1513" count="0" type="stmt"/>
        <line num="1514" count="0" type="stmt"/>
        <line num="1515" count="0" type="cond" truecount="0" falsecount="4"/>
        <line num="1516" count="0" type="stmt"/>
        <line num="1517" count="0" type="cond" truecount="0" falsecount="2"/>
        <line num="1520" count="0" type="stmt"/>
        <line num="1522" count="0" type="stmt"/>
        <line num="1523" count="0" type="stmt"/>
        <line num="1525" count="0" type="cond" truecount="0" falsecount="2"/>
        <line num="1526" count="0" type="stmt"/>
        <line num="1528" count="0" type="stmt"/>
        <line num="1529" count="0" type="stmt"/>
        <line num="1530" count="0" type="stmt"/>
        <line num="1531" count="0" type="stmt"/>
        <line num="1535" count="0" type="stmt"/>
        <line num="1536" count="0" type="stmt"/>
        <line num="1537" count="0" type="cond" truecount="0" falsecount="2"/>
        <line num="1538" count="0" type="cond" truecount="0" falsecount="4"/>
        <line num="1539" count="0" type="stmt"/>
        <line num="1541" count="0" type="cond" truecount="0" falsecount="2"/>
        <line num="1542" count="0" type="stmt"/>
        <line num="1544" count="0" type="stmt"/>
        <line num="1546" count="0" type="stmt"/>
        <line num="1547" count="0" type="stmt"/>
        <line num="1548" count="0" type="stmt"/>
        <line num="1549" count="0" type="cond" truecount="0" falsecount="2"/>
        <line num="1551" count="0" type="cond" truecount="0" falsecount="2"/>
        <line num="1554" count="0" type="stmt"/>
        <line num="1558" count="36" type="stmt"/>
        <line num="1559" count="36" type="stmt"/>
        <line num="1562" count="97" type="cond" truecount="2" falsecount="0"/>
        <line num="1563" count="20" type="cond" truecount="2" falsecount="0"/>
        <line num="1566" count="77" type="cond" truecount="2" falsecount="0"/>
        <line num="1567" count="20" type="stmt"/>
        <line num="1569" count="97" type="stmt"/>
        <line num="1571" count="97" type="stmt"/>
        <line num="1573" count="36" type="cond" truecount="2" falsecount="0"/>
        <line num="1574" count="1" type="stmt"/>
        <line num="1577" count="35" type="cond" truecount="2" falsecount="0"/>
        <line num="1578" count="8" type="stmt"/>
        <line num="1579" count="8" type="cond" truecount="1" falsecount="1"/>
        <line num="1584" count="8" type="stmt"/>
        <line num="1588" count="27" type="stmt"/>
        <line num="1589" count="27" type="cond" truecount="2" falsecount="0"/>
        <line num="1590" count="9" type="stmt"/>
        <line num="1591" count="18" type="cond" truecount="1" falsecount="1"/>
        <line num="1592" count="0" type="stmt"/>
        <line num="1594" count="27" type="stmt"/>
        <line num="1595" count="27" type="stmt"/>
        <line num="1596" count="71" type="cond" truecount="2" falsecount="0"/>
        <line num="1597" count="67" type="stmt"/>
        <line num="1598" count="67" type="cond" truecount="2" falsecount="0"/>
        <line num="1599" count="65" type="stmt"/>
        <line num="1603" count="27" type="stmt"/>
        <line num="1607" count="40" type="stmt"/>
        <line num="1608" count="40" type="stmt"/>
        <line num="1609" count="35" type="cond" truecount="2" falsecount="0"/>
        <line num="1610" count="4" type="stmt"/>
        <line num="1612" count="31" type="stmt"/>
        <line num="1613" count="31" type="stmt"/>
        <line num="1615" count="96" type="stmt"/>
        <line num="1616" count="224" type="cond" truecount="5" falsecount="0"/>
        <line num="1617" count="65" type="stmt"/>
        <line num="1619" count="159" type="stmt"/>
        <line num="1620" count="159" type="cond" truecount="4" falsecount="0"/>
        <line num="1621" count="1" type="stmt"/>
        <line num="1624" count="220" type="stmt"/>
        <line num="1627" count="31" type="stmt"/>
        <line num="1628" count="22" type="stmt"/>
        <line num="1630" count="40" type="stmt"/>
        <line num="1631" count="4" type="cond" truecount="1" falsecount="1"/>
        <line num="1632" count="0" type="stmt"/>
        <line num="1634" count="4" type="stmt"/>
        <line num="1635" count="4" type="stmt"/>
        <line num="1636" count="4" type="stmt"/>
        <line num="1637" count="4" type="stmt"/>
        <line num="1638" count="20" type="stmt"/>
        <line num="1639" count="46" type="stmt"/>
        <line num="1640" count="46" type="cond" truecount="2" falsecount="0"/>
        <line num="1641" count="14" type="stmt"/>
        <line num="1642" count="14" type="stmt"/>
        <line num="1644" count="32" type="stmt"/>
        <line num="1645" count="32" type="cond" truecount="1" falsecount="1"/>
        <line num="1646" count="32" type="stmt"/>
        <line num="1648" count="32" type="cond" truecount="5" falsecount="0"/>
        <line num="1649" count="14" type="stmt"/>
        <line num="1650" count="14" type="stmt"/>
        <line num="1652" count="18" type="cond" truecount="1" falsecount="1"/>
        <line num="1655" count="2" type="stmt"/>
        <line num="1658" count="40" type="stmt"/>
        <line num="1662" count="3" type="stmt"/>
        <line num="1663" count="3" type="stmt"/>
        <line num="1665" count="16" type="stmt"/>
        <line num="1670" count="2" type="stmt"/>
        <line num="1671" count="2" type="cond" truecount="2" falsecount="0"/>
        <line num="1672" count="2" type="stmt"/>
        <line num="1673" count="1" type="stmt"/>
        <line num="1675" count="1" type="stmt"/>
        <line num="1676" count="1" type="stmt"/>
        <line num="1677" count="5" type="cond" truecount="3" falsecount="0"/>
        <line num="1681" count="1" type="stmt"/>
        <line num="1683" count="2" type="stmt"/>
        <line num="1684" count="1" type="stmt"/>
        <line num="1685" count="1" type="stmt"/>
        <line num="1687" count="1" type="stmt"/>
        <line num="1688" count="10" type="cond" truecount="4" falsecount="0"/>
        <line num="1689" count="6" type="stmt"/>
        <line num="1690" count="6" type="cond" truecount="2" falsecount="0"/>
        <line num="1691" count="1" type="stmt"/>
        <line num="1694" count="9" type="cond" truecount="2" falsecount="0"/>
        <line num="1699" count="2" type="stmt"/>
        <line num="1703" count="8" type="cond" truecount="2" falsecount="0"/>
        <line num="1704" count="6" type="stmt"/>
        <line num="1706" count="8" type="stmt"/>
        <line num="1707" count="8" type="stmt"/>
        <line num="1708" count="8" type="stmt"/>
        <line num="1710" count="36" type="cond" truecount="2" falsecount="0"/>
        <line num="1713" count="68" type="cond" truecount="2" falsecount="0"/>
        <line num="1716" count="6" type="stmt"/>
        <line num="1719" count="30" type="stmt"/>
        <line num="1722" count="5" type="cond" truecount="2" falsecount="0"/>
        <line num="1730" count="623" type="cond" truecount="2" falsecount="0"/>
        <line num="1731" count="308" type="stmt"/>
        <line num="1733" count="623" type="cond" truecount="2" falsecount="0"/>
        <line num="1734" count="4" type="stmt"/>
        <line num="1736" count="16" type="stmt"/>
        <line num="1737" count="12" type="cond" truecount="2" falsecount="0"/>
        <line num="1738" count="4" type="cond" truecount="2" falsecount="0"/>
        <line num="1740" count="14393" type="cond" truecount="2" falsecount="0"/>
        <line num="1744" count="14405" type="stmt"/>
        <line num="1747" count="14405" type="stmt"/>
        <line num="1754" count="210" type="stmt"/>
        <line num="1755" count="4961" type="stmt"/>
        <line num="1756" count="210" type="cond" truecount="2" falsecount="0"/>
        <line num="1759" count="210" type="stmt"/>
        <line num="1773" count="10" type="stmt"/>
        <line num="1775" count="9" type="stmt"/>
        <line num="1776" count="9" type="stmt"/>
        <line num="1777" count="26" type="cond" truecount="1" falsecount="1"/>
        <line num="1778" count="0" type="stmt"/>
        <line num="1781" count="8" type="stmt"/>
        <line num="1783" count="210" type="stmt"/>
        <line num="1784" count="10" type="stmt"/>
        <line num="1785" count="22" type="cond" truecount="1" falsecount="1"/>
        <line num="1787" count="9" type="stmt"/>
        <line num="1788" count="9" type="stmt"/>
        <line num="1789" count="9" type="stmt"/>
        <line num="1791" count="34" type="cond" truecount="1" falsecount="1"/>
        <line num="1792" count="76" type="stmt"/>
        <line num="1793" count="63" type="cond" truecount="2" falsecount="0"/>
        <line num="1795" count="34" type="cond" truecount="2" falsecount="0"/>
        <line num="1796" count="8" type="stmt"/>
        <line num="1798" count="26" type="stmt"/>
        <line num="1801" count="58" type="stmt"/>
        <line num="1805" count="210" type="stmt"/>
        <line num="1811" count="1395" type="cond" truecount="4" falsecount="0"/>
        <line num="1815" count="115" type="cond" truecount="2" falsecount="0"/>
        <line num="1816" count="3" type="stmt"/>
        <line num="1821" count="9" type="cond" truecount="2" falsecount="0"/>
        <line num="1829" count="1256" type="stmt"/>
        <line num="1840" count="0" type="cond" truecount="0" falsecount="2"/>
        <line num="1841" count="0" type="stmt"/>
        <line num="1842" count="0" type="stmt"/>
        <line num="1843" count="0" type="stmt"/>
        <line num="1845" count="0" type="stmt"/>
        <line num="1849" count="7078" type="cond" truecount="4" falsecount="0"/>
        <line num="1850" count="1110" type="stmt"/>
        <line num="1853" count="5968" type="cond" truecount="2" falsecount="0"/>
        <line num="1854" count="43" type="stmt"/>
        <line num="1857" count="5925" type="cond" truecount="2" falsecount="0"/>
        <line num="1858" count="1100" type="stmt"/>
        <line num="1861" count="4825" type="cond" truecount="4" falsecount="0"/>
        <line num="1866" count="8194" type="cond" truecount="2" falsecount="0"/>
        <line num="1867" count="8194" type="stmt"/>
        <line num="1868" count="8194" type="stmt"/>
        <line num="1869" count="8194" type="stmt"/>
        <line num="1870" count="229551" type="stmt"/>
        <line num="1872" count="8194" type="stmt"/>
        <line num="1876" count="14515" type="cond" truecount="2" falsecount="0"/>
        <line num="1880" count="8805" type="stmt"/>
        <line num="1887" count="224" type="cond" truecount="4" falsecount="0"/>
        <line num="1888" count="205" type="stmt"/>
        <line num="1890" count="19" type="cond" truecount="2" falsecount="0"/>
        <line num="1891" count="8" type="stmt"/>
        <line num="1893" count="11" type="stmt"/>
        <line num="1899" count="503" type="stmt"/>
        <line num="1911" count="520" type="stmt"/>
        <line num="1921" count="44" type="stmt"/>
        <line num="1922" count="44" type="cond" truecount="2" falsecount="0"/>
        <line num="1924" count="0" type="stmt"/>
        <line num="1929" count="79" type="cond" truecount="1" falsecount="1"/>
        <line num="1935" count="334" type="cond" truecount="2" falsecount="0"/>
        <line num="1945" count="29" type="cond" truecount="2" falsecount="0"/>
        <line num="1946" count="4" type="stmt"/>
        <line num="1948" count="25" type="stmt"/>
        <line num="1949" count="25" type="stmt"/>
        <line num="1950" count="22" type="cond" truecount="1" falsecount="1"/>
        <line num="1951" count="22" type="stmt"/>
        <line num="1954" count="25" type="stmt"/>
        <line num="1958" count="3" type="cond" truecount="1" falsecount="1"/>
        <line num="1959" count="0" type="stmt"/>
        <line num="1963" count="3" type="cond" truecount="2" falsecount="0"/>
        <line num="1964" count="2" type="cond" truecount="1" falsecount="1"/>
        <line num="1965" count="0" type="stmt"/>
        <line num="1969" count="2" type="stmt"/>
        <line num="1971" count="1" type="cond" truecount="1" falsecount="1"/>
        <line num="1972" count="0" type="stmt"/>
        <line num="1974" count="1" type="stmt"/>
        <line num="1975" count="1" type="cond" truecount="1" falsecount="1"/>
        <line num="1976" count="0" type="stmt"/>
        <line num="1978" count="1" type="stmt"/>
        <line num="1980" count="1" type="stmt"/>
        <line num="1984" count="134" type="cond" truecount="1" falsecount="1"/>
        <line num="1985" count="0" type="stmt"/>
        <line num="1989" count="134" type="cond" truecount="2" falsecount="0"/>
        <line num="1990" count="117" type="cond" truecount="1" falsecount="1"/>
        <line num="1991" count="0" type="stmt"/>
        <line num="1995" count="117" type="stmt"/>
        <line num="1997" count="17" type="cond" truecount="3" falsecount="1"/>
        <line num="1998" count="0" type="stmt"/>
        <line num="2000" count="17" type="stmt"/>
        <line num="2001" count="17" type="stmt"/>
        <line num="2002" count="17" type="stmt"/>
        <line num="2006" count="160" type="cond" truecount="2" falsecount="0"/>
        <line num="2007" count="60" type="stmt"/>
        <line num="2008" count="60" type="stmt"/>
        <line num="2010" count="160" type="stmt"/>
        <line num="2018" count="150" type="cond" truecount="2" falsecount="0"/>
        <line num="2029" count="349" type="stmt"/>
        <line num="2030" count="349" type="cond" truecount="2" falsecount="0"/>
        <line num="2031" count="150" type="cond" truecount="2" falsecount="0"/>
        <line num="2032" count="150" type="stmt"/>
        <line num="2033" count="150" type="cond" truecount="2" falsecount="0"/>
        <line num="2035" count="199" type="cond" truecount="4" falsecount="0"/>
        <line num="2036" count="1" type="stmt"/>
        <line num="2043" count="198" type="stmt"/>
        <line num="2044" count="198" type="cond" truecount="2" falsecount="0"/>
        <line num="2045" count="198" type="stmt"/>
        <line num="2053" count="195" type="cond" truecount="2" falsecount="0"/>
        <line num="2065" count="12" type="stmt"/>
        <line num="2069" count="7" type="stmt"/>
        <line num="2073" count="8" type="stmt"/>
        <line num="2077" count="5" type="stmt"/>
        <line num="2081" count="107" type="stmt"/>
        <line num="2085" count="51" type="cond" truecount="1" falsecount="1"/>
        <line num="2091" count="19" type="stmt"/>
        <line num="2095" count="18" type="stmt"/>
        <line num="2096" count="18" type="stmt"/>
        <line num="2098" count="18" type="stmt"/>
        <line num="2102" count="36" type="stmt"/>
        <line num="2103" count="36" type="stmt"/>
        <line num="2105" count="36" type="cond" truecount="2" falsecount="0"/>
        <line num="2106" count="1" type="stmt"/>
        <line num="2108" count="35" type="stmt"/>
        <line num="2112" count="53" type="stmt"/>
        <line num="2113" count="53" type="stmt"/>
        <line num="2114" count="53" type="stmt"/>
        <line num="2115" count="53" type="cond" truecount="2" falsecount="0"/>
        <line num="2116" count="51" type="stmt"/>
        <line num="2119" count="53" type="cond" truecount="2" falsecount="0"/>
        <line num="2120" count="2" type="stmt"/>
        <line num="2122" count="51" type="cond" truecount="2" falsecount="0"/>
        <line num="2127" count="1" type="stmt"/>
        <line num="2129" count="50" type="stmt"/>
        <line num="2130" count="50" type="cond" truecount="2" falsecount="0"/>
        <line num="2132" count="56" type="stmt"/>
        <line num="2136" count="56" type="cond" truecount="2" falsecount="0"/>
        <line num="2140" count="29" type="stmt"/>
        <line num="2142" count="50" type="stmt"/>
        <line num="2143" count="50" type="stmt"/>
        <line num="2149" count="3" type="stmt"/>
        <line num="2150" count="6" type="stmt"/>
        <line num="2152" count="3" type="stmt"/>
        <line num="2156" count="0" type="stmt"/>
        <line num="2157" count="0" type="stmt"/>
        <line num="2159" count="0" type="stmt"/>
        <line num="2163" count="1" type="stmt"/>
        <line num="2164" count="1" type="stmt"/>
        <line num="2166" count="1" type="stmt"/>
        <line num="2170" count="2" type="stmt"/>
        <line num="2171" count="2" type="stmt"/>
        <line num="2173" count="2" type="stmt"/>
        <line num="2177" count="18" type="stmt"/>
        <line num="2181" count="51" type="cond" truecount="1" falsecount="1"/>
        <line num="2182" count="0" type="stmt"/>
        <line num="2186" count="51" type="cond" truecount="2" falsecount="0"/>
        <line num="2187" count="36" type="cond" truecount="4" falsecount="0"/>
        <line num="2193" count="15" type="stmt"/>
        <line num="2194" count="15" type="stmt"/>
        <line num="2195" count="15" type="cond" truecount="2" falsecount="0"/>
        <line num="2196" count="15" type="cond" truecount="2" falsecount="0"/>
        <line num="2199" count="8" type="cond" truecount="2" falsecount="0"/>
        <line num="2200" count="3" type="stmt"/>
        <line num="2202" count="8" type="stmt"/>
        <line num="2205" count="20" type="stmt"/>
        <line num="2207" count="20" type="cond" truecount="4" falsecount="0"/>
        <line num="2208" count="20" type="cond" truecount="4" falsecount="0"/>
        <line num="2210" count="17" type="cond" truecount="2" falsecount="0"/>
        <line num="2211" count="8" type="stmt"/>
        <line num="2213" count="17" type="stmt"/>
        <line num="2216" count="15" type="stmt"/>
        <line num="2217" count="18" type="stmt"/>
        <line num="2219" count="14" type="stmt"/>
        <line num="2224" count="39" type="cond" truecount="4" falsecount="0"/>
        <line num="2230" count="18" type="stmt"/>
        <line num="2234" count="10" type="stmt"/>
        <line num="2235" count="10" type="stmt"/>
        <line num="2237" count="10" type="stmt"/>
        <line num="2241" count="1" type="stmt"/>
        <line num="2242" count="1" type="stmt"/>
        <line num="2244" count="1" type="stmt"/>
        <line num="2248" count="5" type="stmt"/>
        <line num="2249" count="5" type="stmt"/>
        <line num="2251" count="5" type="stmt"/>
        <line num="2255" count="5" type="stmt"/>
        <line num="2256" count="5" type="stmt"/>
        <line num="2258" count="5" type="stmt"/>
        <line num="2263" count="1095" type="stmt"/>
        <line num="2264" count="1095" type="stmt"/>
        <line num="2265" count="1019" type="cond" truecount="2" falsecount="0"/>
        <line num="2269" count="1210" type="cond" truecount="2" falsecount="0"/>
        <line num="2273" count="6" type="stmt"/>
        <line num="2277" count="1023" type="stmt"/>
        <line num="2280" count="41" type="stmt"/>
        <line num="2282" count="907" type="cond" truecount="4" falsecount="0"/>
        <line num="2287" count="753" type="stmt"/>
        <line num="2288" count="752" type="stmt"/>
        <line num="2289" count="11623" type="stmt"/>
        <line num="2293" count="41" type="cond" truecount="1" falsecount="1"/>
        <line num="2294" count="41" type="cond" truecount="2" falsecount="0"/>
        <line num="2295" count="41" type="stmt"/>
        <line num="2297" count="41" type="stmt"/>
        <line num="2298" count="2" type="stmt"/>
        <line num="2299" count="9" type="stmt"/>
        <line num="2301" count="2" type="stmt"/>
        <line num="2302" count="2" type="stmt"/>
        <line num="2303" count="5" type="cond" truecount="2" falsecount="0"/>
        <line num="2304" count="1" type="stmt"/>
        <line num="2306" count="4" type="stmt"/>
        <line num="2311" count="41" type="stmt"/>
        <line num="2312" count="12" type="stmt"/>
        <line num="2317" count="41" type="stmt"/>
        <line num="2318" count="12614" type="cond" truecount="2" falsecount="0"/>
        <line num="2325" count="41" type="stmt"/>
        <line num="2326" count="13890" type="stmt"/>
        <line num="2329" count="41" type="stmt"/>
        <line num="2330" count="8751" type="stmt"/>
        <line num="2333" count="41" type="stmt"/>
        <line num="2334" count="2" type="stmt"/>
        <line num="2336" count="2" type="cond" truecount="2" falsecount="0"/>
        <line num="2337" count="1" type="stmt"/>
        <line num="2340" count="1" type="stmt"/>
        <line num="2341" count="2" type="stmt"/>
        <line num="2345" count="41" type="stmt"/>
        <line num="2346" count="0" type="cond" truecount="0" falsecount="2"/>
        <line num="2347" count="0" type="stmt"/>
        <line num="2349" count="0" type="cond" truecount="0" falsecount="2"/>
        <line num="2350" count="0" type="stmt"/>
        <line num="2351" count="0" type="stmt"/>
        <line num="2352" count="0" type="stmt"/>
        <line num="2353" count="0" type="stmt"/>
        <line num="2354" count="0" type="stmt"/>
        <line num="2356" count="0" type="stmt"/>
        <line num="2361" count="41" type="stmt"/>
        <line num="2363" count="1" type="stmt"/>
        <line num="2366" count="41" type="stmt"/>
        <line num="2368" count="0" type="stmt"/>
        <line num="2371" count="41" type="stmt"/>
        <line num="2372" count="8" type="stmt"/>
        <line num="2373" count="8" type="stmt"/>
        <line num="2374" count="6" type="stmt"/>
        <line num="2381" count="41" type="stmt"/>
        <line num="2382" count="27" type="stmt"/>
        <line num="2385" count="41" type="stmt"/>
        <line num="2386" count="312" type="stmt"/>
        <line num="2388" count="312" type="stmt"/>
        <line num="2389" count="312" type="cond" truecount="2" falsecount="0"/>
        <line num="2391" count="245" type="stmt"/>
        <line num="2392" count="245" type="stmt"/>
        <line num="2394" count="307" type="stmt"/>
        <line num="2397" count="41" type="stmt"/>
        <line num="2398" count="1789" type="cond" truecount="1" falsecount="1"/>
        <line num="2399" count="0" type="stmt"/>
        <line num="2401" count="1789" type="cond" truecount="2" falsecount="0"/>
        <line num="2402" count="795" type="cond" truecount="2" falsecount="0"/>
        <line num="2403" count="1" type="stmt"/>
        <line num="2405" count="794" type="stmt"/>
        <line num="2406" count="794" type="stmt"/>
        <line num="2407" count="794" type="stmt"/>
        <line num="2409" count="994" type="stmt"/>
        <line num="2412" count="41" type="stmt"/>
        <line num="2415" count="41" type="stmt"/>
        <line num="2417" count="41" type="stmt"/>
        <line num="2418" count="41" type="stmt"/>
        <line num="2419" count="41" type="stmt"/>
        <line num="2420" count="41" type="stmt"/>
        <line num="2421" count="41" type="stmt"/>
        <line num="2422" count="41" type="stmt"/>
        <line num="2423" count="41" type="stmt"/>
        <line num="2424" count="41" type="stmt"/>
        <line num="2425" count="41" type="stmt"/>
        <line num="2426" count="41" type="stmt"/>
        <line num="2427" count="41" type="stmt"/>
        <line num="2428" count="41" type="stmt"/>
        <line num="2429" count="41" type="stmt"/>
        <line num="2430" count="41" type="stmt"/>
        <line num="2431" count="41" type="stmt"/>
        <line num="2432" count="41" type="stmt"/>
        <line num="2433" count="41" type="stmt"/>
        <line num="2434" count="41" type="stmt"/>
        <line num="2435" count="41" type="stmt"/>
        <line num="2436" count="0" type="stmt"/>
        <line num="2438" count="41" type="stmt"/>
        <line num="2439" count="0" type="stmt"/>
        <line num="2444" count="41" type="stmt"/>
        <line num="2445" count="1172" type="stmt"/>
        <line num="2446" count="1172" type="stmt"/>
        <line num="2449" count="41" type="stmt"/>
        <line num="2450" count="1137" type="stmt"/>
        <line num="2451" count="1137" type="stmt"/>
        <line num="2452" count="2649" type="cond" truecount="2" falsecount="0"/>
        <line num="2453" count="888" type="stmt"/>
        <line num="2456" count="249" type="stmt"/>
        <line num="2459" count="41" type="stmt"/>
        <line num="2460" count="4022" type="stmt"/>
        <line num="2462" count="4022" type="stmt"/>
        <line num="2463" count="4022" type="stmt"/>
        <line num="2464" count="4022" type="stmt"/>
        <line num="2465" count="4022" type="stmt"/>
        <line num="2466" count="15146" type="cond" truecount="2" falsecount="0"/>
        <line num="2467" count="569" type="stmt"/>
        <line num="2470" count="4022" type="stmt"/>
        <line num="2472" count="4022" type="cond" truecount="4" falsecount="0"/>
        <line num="2473" count="5" type="stmt"/>
        <line num="2476" count="4017" type="stmt"/>
        <line num="2477" count="4017" type="cond" truecount="3" falsecount="0"/>
        <line num="2479" count="4017" type="cond" truecount="4" falsecount="0"/>
        <line num="2480" count="127" type="stmt"/>
        <line num="2483" count="3890" type="cond" truecount="5" falsecount="0"/>
        <line num="2484" count="335" type="stmt"/>
        <line num="2487" count="3555" type="cond" truecount="2" falsecount="0"/>
        <line num="2488" count="3555" type="cond" truecount="2" falsecount="0"/>
        <line num="2490" count="3555" type="cond" truecount="2" falsecount="0"/>
        <line num="2491" count="437" type="cond" truecount="2" falsecount="0"/>
        <line num="2492" count="363" type="cond" truecount="2" falsecount="0"/>
        <line num="2496" count="74" type="stmt"/>
        <line num="2499" count="3118" type="stmt"/>
        <line num="2502" count="3555" type="cond" truecount="2" falsecount="0"/>
        <line num="2503" count="3177" type="stmt"/>
        <line num="2504" count="3177" type="stmt"/>
        <line num="2507" count="378" type="stmt"/>
        <line num="2510" count="41" type="stmt"/>
        <line num="2511" count="7252" type="stmt"/>
        <line num="2512" count="7252" type="stmt"/>
        <line num="2513" count="7252" type="stmt"/>
        <line num="2516" count="41" type="stmt"/>
        <line num="2517" count="8520" type="cond" truecount="2" falsecount="0"/>
        <line num="2518" count="3980" type="stmt"/>
        <line num="2520" count="8520" type="cond" truecount="2" falsecount="0"/>
        <line num="2521" count="8520" type="stmt"/>
        <line num="2522" count="8520" type="cond" truecount="2" falsecount="0"/>
        <line num="2532" count="41" type="stmt"/>
        <line num="2533" count="11847" type="cond" truecount="2" falsecount="0"/>
        <line num="2534" count="6873" type="stmt"/>
        <line num="2536" count="11847" type="cond" truecount="2" falsecount="0"/>
        <line num="2537" count="11847" type="stmt"/>
        <line num="2538" count="11847" type="stmt"/>
        <line num="2539" count="11847" type="stmt"/>
        <line num="2541" count="11847" type="cond" truecount="3" falsecount="1"/>
        <line num="2542" count="0" type="stmt"/>
        <line num="2545" count="11847" type="stmt"/>
        <line num="2546" count="11847" type="stmt"/>
        <line num="2547" count="11847" type="cond" truecount="2" falsecount="0"/>
        <line num="2548" count="11847" type="stmt"/>
        <line num="2559" count="11847" type="cond" truecount="2" falsecount="0"/>
        <line num="2560" count="39" type="stmt"/>
        <line num="2563" count="11808" type="cond" truecount="5" falsecount="0"/>
        <line num="2564" count="256" type="stmt"/>
        <line num="2567" count="11552" type="cond" truecount="2" falsecount="0"/>
        <line num="2573" count="2275" type="stmt"/>
        <line num="2576" count="9277" type="cond" truecount="6" falsecount="0"/>
        <line num="2577" count="11" type="stmt"/>
        <line num="2580" count="9266" type="cond" truecount="2" falsecount="0"/>
        <line num="2581" count="9266" type="cond" truecount="4" falsecount="0"/>
        <line num="2582" count="9266" type="cond" truecount="2" falsecount="0"/>
        <line num="2588" count="9266" type="cond" truecount="2" falsecount="0"/>
        <line num="2589" count="5558" type="stmt"/>
        <line num="2590" count="5558" type="stmt"/>
        <line num="2591" count="5558" type="stmt"/>
        <line num="2594" count="3708" type="stmt"/>
        <line num="2597" count="41" type="stmt"/>
        <line num="2598" count="6913" type="stmt"/>
        <line num="2599" count="6913" type="stmt"/>
        <line num="2600" count="6913" type="stmt"/>
        <line num="2603" count="41" type="stmt"/>
        <line num="2604" count="7035" type="cond" truecount="2" falsecount="0"/>
        <line num="2605" count="7034" type="stmt"/>
        <line num="2607" count="7035" type="cond" truecount="2" falsecount="0"/>
        <line num="2608" count="7035" type="stmt"/>
        <line num="2609" count="7035" type="cond" truecount="2" falsecount="0"/>
        <line num="2614" count="41" type="stmt"/>
        <line num="2615" count="13887" type="cond" truecount="2" falsecount="0"/>
        <line num="2616" count="13037" type="stmt"/>
        <line num="2618" count="13887" type="cond" truecount="2" falsecount="0"/>
        <line num="2619" count="13887" type="stmt"/>
        <line num="2620" count="13887" type="stmt"/>
        <line num="2621" count="13887" type="stmt"/>
        <line num="2623" count="13887" type="cond" truecount="3" falsecount="1"/>
        <line num="2624" count="0" type="stmt"/>
        <line num="2627" count="13887" type="stmt"/>
        <line num="2637" count="13887" type="cond" truecount="2" falsecount="0"/>
        <line num="2638" count="662" type="stmt"/>
        <line num="2641" count="13225" type="stmt"/>
        <line num="2642" count="13225" type="cond" truecount="2" falsecount="0"/>
        <line num="2643" count="2434" type="stmt"/>
        <line num="2644" count="10791" type="cond" truecount="2" falsecount="0"/>
        <line num="2645" count="3787" type="stmt"/>
        <line num="2646" count="3787" type="cond" truecount="2" falsecount="0"/>
        <line num="2647" count="181" type="stmt"/>
        <line num="2651" count="13044" type="cond" truecount="2" falsecount="0"/>
        <line num="2652" count="13044" type="stmt"/>
        <line num="2654" count="13044" type="cond" truecount="2" falsecount="0"/>
        <line num="2655" count="6387" type="stmt"/>
        <line num="2656" count="6387" type="stmt"/>
        <line num="2657" count="6387" type="stmt"/>
        <line num="2660" count="6657" type="stmt"/>
        <line num="2663" count="41" type="stmt"/>
        <line num="2664" count="2" type="stmt"/>
        <line num="2665" count="2" type="stmt"/>
        <line num="2666" count="2" type="stmt"/>
        <line num="2669" count="41" type="stmt"/>
        <line num="2670" count="4" type="stmt"/>
        <line num="2671" count="4" type="stmt"/>
        <line num="2672" count="6" type="cond" truecount="2" falsecount="0"/>
        <line num="2673" count="4" type="stmt"/>
        <line num="2676" count="0" type="stmt"/>
        <line num="2679" count="41" type="stmt"/>
        <line num="2680" count="0" type="cond" truecount="0" falsecount="2"/>
        <line num="2681" count="0" type="stmt"/>
        <line num="2684" count="0" type="stmt"/>
        <line num="2686" count="0" type="cond" truecount="0" falsecount="2"/>
        <line num="2687" count="0" type="cond" truecount="0" falsecount="2"/>
        <line num="2688" count="0" type="stmt"/>
        <line num="2690" count="0" type="stmt"/>
        <line num="2691" count="0" type="stmt"/>
        <line num="2692" count="0" type="stmt"/>
        <line num="2695" count="0" type="stmt"/>
        <line num="2696" count="0" type="stmt"/>
        <line num="2697" count="0" type="stmt"/>
        <line num="2698" count="0" type="stmt"/>
        <line num="2699" count="0" type="cond" truecount="0" falsecount="2"/>
        <line num="2700" count="0" type="stmt"/>
        <line num="2703" count="0" type="stmt"/>
        <line num="2705" count="0" type="cond" truecount="0" falsecount="4"/>
        <line num="2706" count="0" type="stmt"/>
        <line num="2709" count="0" type="stmt"/>
        <line num="2710" count="0" type="cond" truecount="0" falsecount="3"/>
        <line num="2712" count="0" type="cond" truecount="0" falsecount="4"/>
        <line num="2713" count="0" type="stmt"/>
        <line num="2716" count="0" type="cond" truecount="0" falsecount="2"/>
        <line num="2717" count="0" type="cond" truecount="0" falsecount="2"/>
        <line num="2719" count="0" type="cond" truecount="0" falsecount="2"/>
        <line num="2720" count="0" type="cond" truecount="0" falsecount="2"/>
        <line num="2721" count="0" type="stmt"/>
        <line num="2723" count="0" type="stmt"/>
        <line num="2726" count="0" type="stmt"/>
        <line num="2729" count="0" type="cond" truecount="0" falsecount="2"/>
        <line num="2730" count="0" type="stmt"/>
        <line num="2731" count="0" type="stmt"/>
        <line num="2734" count="0" type="stmt"/>
        <line num="2737" count="41" type="stmt"/>
        <line num="2738" count="0" type="cond" truecount="0" falsecount="2"/>
        <line num="2739" count="0" type="stmt"/>
        <line num="2741" count="0" type="stmt"/>
        <line num="2745" count="41" type="stmt"/>
        <line num="2746" count="12577" type="stmt"/>
        <line num="2747" count="12577" type="stmt"/>
        <line num="2748" count="12577" type="stmt"/>
        <line num="2751" count="41" type="stmt"/>
        <line num="2752" count="9682" type="cond" truecount="2" falsecount="0"/>
        <line num="2755" count="41" type="stmt"/>
        <line num="2756" count="11600" type="stmt"/>
        <line num="2757" count="11600" type="stmt"/>
        <line num="2758" count="11600" type="cond" truecount="3" falsecount="1"/>
        <line num="2759" count="0" type="stmt"/>
        <line num="2762" count="11600" type="stmt"/>
        <line num="2764" count="11600" type="cond" truecount="2" falsecount="0"/>
        <line num="2765" count="8261" type="stmt"/>
        <line num="2766" count="8261" type="stmt"/>
        <line num="2769" count="3339" type="cond" truecount="1" falsecount="1"/>
        <line num="2770" count="0" type="cond" truecount="0" falsecount="4"/>
        <line num="2771" count="0" type="stmt"/>
        <line num="2772" count="0" type="stmt"/>
        <line num="2774" count="0" type="stmt"/>
        <line num="2777" count="3339" type="stmt"/>
        <line num="2778" count="3339" type="stmt"/>
        <line num="2783" count="41" type="stmt"/>
        <line num="2787" count="104" type="stmt"/>
        <line num="2788" count="104" type="stmt"/>
        <line num="2789" count="245" type="cond" truecount="2" falsecount="2"/>
        <line num="2790" count="0" type="stmt"/>
        <line num="2795" count="41" type="stmt"/>
        <line num="2799" count="0" type="stmt"/>
        <line num="2800" count="0" type="stmt"/>
        <line num="2801" count="0" type="cond" truecount="0" falsecount="2"/>
        <line num="2802" count="0" type="cond" truecount="0" falsecount="4"/>
        <line num="2803" count="0" type="stmt"/>
        <line num="2809" count="41" type="stmt"/>
        <line num="2810" count="0" type="stmt"/>
        <line num="2813" count="41" type="stmt"/>
        <line num="2815" count="27" type="stmt"/>
        <line num="2816" count="27" type="stmt"/>
        <line num="2817" count="27" type="stmt"/>
        <line num="2818" count="27" type="cond" truecount="2" falsecount="0"/>
        <line num="2821" count="41" type="cond" truecount="1" falsecount="1"/>
        <line num="2822" count="41" type="cond" truecount="2" falsecount="0"/>
        <line num="2823" count="41" type="stmt"/>
        <line num="2825" count="41" type="stmt"/>
        <line num="2826" count="0" type="stmt"/>
        <line num="2827" count="0" type="stmt"/>
        <line num="2828" count="0" type="stmt"/>
        <line num="2829" count="0" type="stmt"/>
        <line num="2830" count="0" type="stmt"/>
        <line num="2831" count="0" type="stmt"/>
        <line num="2832" count="0" type="cond" truecount="0" falsecount="2"/>
        <line num="2833" count="0" type="cond" truecount="0" falsecount="2"/>
        <line num="2834" count="0" type="stmt"/>
        <line num="2836" count="0" type="cond" truecount="0" falsecount="2"/>
        <line num="2837" count="0" type="stmt"/>
        <line num="2838" count="0" type="cond" truecount="0" falsecount="2"/>
        <line num="2839" count="0" type="stmt"/>
        <line num="2845" count="0" type="stmt"/>
        <line num="2846" count="0" type="cond" truecount="0" falsecount="2"/>
        <line num="2847" count="0" type="cond" truecount="0" falsecount="2"/>
        <line num="2848" count="0" type="cond" truecount="0" falsecount="2"/>
        <line num="2849" count="0" type="cond" truecount="0" falsecount="2"/>
        <line num="2850" count="0" type="stmt"/>
        <line num="2852" count="0" type="stmt"/>
        <line num="2854" count="0" type="stmt"/>
        <line num="2857" count="0" type="stmt"/>
        <line num="2859" count="0" type="stmt"/>
        <line num="2862" count="41" type="stmt"/>
        <line num="2866" count="0" type="stmt"/>
        <line num="2870" count="25" type="stmt"/>
        <line num="2878" count="8899" type="stmt"/>
        <line num="2879" count="8899" type="stmt"/>
        <line num="2880" count="8899" type="stmt"/>
        <line num="2881" count="8899" type="stmt"/>
        <line num="2882" count="8899" type="stmt"/>
        <line num="2883" count="8899" type="stmt"/>
        <line num="2884" count="8899" type="stmt"/>
        <line num="2889" count="1233" type="cond" truecount="2" falsecount="0"/>
        <line num="2895" count="22641" type="cond" truecount="2" falsecount="0"/>
        <line num="2896" count="794" type="cond" truecount="1" falsecount="1"/>
[...]
        <line num="5051" count="0" type="stmt"/>
        <line num="5055" count="13" type="stmt"/>
        <line num="5061" count="2" type="cond" truecount="2" falsecount="0"/>
        <line num="5071" count="41" type="stmt"/>
        <line num="5072" count="41" type="stmt"/>
        <line num="5073" count="41" type="stmt"/>
        <line num="5074" count="41" type="stmt"/>
        <line num="5075" count="41" type="stmt"/>
        <line num="5076" count="41" type="stmt"/>
        <line num="5077" count="0" type="stmt"/>
        <line num="5079" count="41" type="stmt"/>
        <line num="5080" count="41" type="stmt"/>
        <line num="5082" count="41" type="stmt"/>
        <line num="5086" count="209" type="stmt"/>
        <line num="5090" count="0" type="stmt"/>
        <line num="5092" count="0" type="stmt"/>
        <line num="5093" count="0" type="stmt"/>
        <line num="5096" count="0" type="stmt"/>
        <line num="5102" count="101" type="stmt"/>
        <line num="5104" count="101" type="stmt"/>
        <line num="5108" count="2369" type="stmt"/>
        <line num="5114" count="41" type="stmt"/>
        <line num="5115" count="41" type="stmt"/>
        <line num="5116" count="41" type="stmt"/>
        <line num="5117" count="41" type="stmt"/>
        <line num="5118" count="41" type="stmt"/>
        <line num="5120" count="41" type="stmt"/>
        <line num="5124" count="551" type="stmt"/>
        <line num="5130" count="20" type="stmt"/>
        <line num="5134" count="1" type="stmt"/>
        <line num="5135" count="0" type="cond" truecount="0" falsecount="2"/>
        <line num="5139" count="4" type="stmt"/>
        <line num="5140" count="3" type="cond" truecount="2" falsecount="0"/>
        <line num="5144" count="1" type="stmt"/>
        <line num="5145" count="0" type="cond" truecount="0" falsecount="2"/>
        <line num="5149" count="18" type="stmt"/>
        <line num="5153" count="155" type="stmt"/>
        <line num="5157" count="11" type="stmt"/>
        <line num="5158" count="11" type="cond" truecount="2" falsecount="0"/>
        <line num="5159" count="11" type="cond" truecount="5" falsecount="0"/>
        <line num="5160" count="1" type="stmt"/>
        <line num="5165" count="10" type="cond" truecount="2" falsecount="0"/>
        <line num="5166" count="10" type="stmt"/>
        <line num="5167" count="10" type="stmt"/>
        <line num="5178" count="0" type="stmt"/>
        <line num="5179" count="0" type="cond" truecount="0" falsecount="2"/>
        <line num="5183" count="30" type="stmt"/>
        <line num="5187" count="31" type="stmt"/>
        <line num="5191" count="7" type="stmt"/>
        <line num="5192" count="7" type="cond" truecount="5" falsecount="1"/>
        <line num="5195" count="83" type="stmt"/>
        <line num="5199" count="345" type="stmt"/>
        <line num="5200" count="345" type="stmt"/>
        <line num="5209" count="2" type="stmt"/>
        <line num="5213" count="3" type="stmt"/>
        <line num="5214" count="3" type="stmt"/>
        <line num="5215" count="3" type="stmt"/>
        <line num="5216" count="3" type="cond" truecount="1" falsecount="1"/>
        <line num="5217" count="3" type="stmt"/>
        <line num="5219" count="3" type="stmt"/>
        <line num="5223" count="1" type="stmt"/>
        <line num="5227" count="127" type="stmt"/>
        <line num="5231" count="0" type="stmt"/>
        <line num="5235" count="104" type="stmt"/>
        <line num="5236" count="104" type="stmt"/>
        <line num="5240" count="101" type="stmt"/>
        <line num="5241" count="101" type="stmt"/>
        <line num="5245" count="2" type="stmt"/>
        <line num="5246" count="2" type="stmt"/>
        <line num="5247" count="2" type="stmt"/>
        <line num="5251" count="41" type="stmt"/>
        <line num="5252" count="41" type="stmt"/>
        <line num="5253" count="41" type="stmt"/>
        <line num="5255" count="41" type="stmt"/>
        <line num="5259" count="0" type="cond" truecount="0" falsecount="2"/>
        <line num="5263" count="0" type="stmt"/>
        <line num="5269" count="0" type="stmt"/>
        <line num="5273" count="41" type="stmt"/>
        <line num="5274" count="41" type="stmt"/>
        <line num="5278" count="41" type="stmt"/>
        <line num="5279" count="41" type="stmt"/>
        <line num="5280" count="41" type="stmt"/>
        <line num="5285" count="629" type="stmt"/>
        <line num="5286" count="629" type="stmt"/>
        <line num="5287" count="15018" type="cond" truecount="2" falsecount="0"/>
        <line num="5288" count="600" type="stmt"/>
        <line num="5289" count="600" type="stmt"/>
        <line num="5291" count="14418" type="stmt"/>
        <line num="5294" count="627" type="stmt"/>
        <line num="5298" count="27" type="stmt"/>
        <line num="5302" count="115" type="stmt"/>
        <line num="5306" count="9" type="stmt"/>
        <line num="5307" count="15" type="stmt"/>
        <line num="5312" count="2" type="stmt"/>
        <line num="5313" count="11" type="stmt"/>
        <line num="5318" count="14" type="stmt"/>
        <line num="5322" count="7345" type="cond" truecount="4" falsecount="0"/>
        <line num="5326" count="2" type="cond" truecount="1" falsecount="1"/>
        <line num="5327" count="0" type="stmt"/>
        <line num="5329" count="2" type="stmt"/>
        <line num="5330" count="2" type="stmt"/>
        <line num="5331" count="2" type="cond" truecount="1" falsecount="1"/>
        <line num="5332" count="2" type="stmt"/>
        <line num="5336" count="0" type="stmt"/>
        <line num="5339" count="0" type="stmt"/>
        <line num="5343" count="2" type="stmt"/>
        <line num="5346" count="0" type="stmt"/>
        <line num="5349" count="2" type="stmt"/>
        <line num="5353" count="2" type="stmt"/>
        <line num="5354" count="2" type="stmt"/>
        <line num="5355" count="2" type="stmt"/>
        <line num="5356" count="2" type="stmt"/>
        <line num="5357" count="2" type="stmt"/>
        <line num="5358" count="2" type="stmt"/>
        <line num="5359" count="2" type="stmt"/>
        <line num="5360" count="2" type="stmt"/>
        <line num="5364" count="0" type="stmt"/>
        <line num="5367" count="41" type="stmt"/>
        <line num="5369" count="8" type="cond" truecount="4" falsecount="0"/>
        <line num="5374" count="6" type="stmt"/>
        <line num="5375" count="0" type="stmt"/>
        <line num="5376" count="0" type="stmt"/>
        <line num="5380" count="41" type="cond" truecount="1" falsecount="1"/>
        <line num="5381" count="41" type="cond" truecount="2" falsecount="0"/>
        <line num="5382" count="41" type="stmt"/>
        <line num="5384" count="41" type="stmt"/>
        <line num="5385" count="4" type="stmt"/>
        <line num="5388" count="41" type="stmt"/>
        <line num="5389" count="0" type="stmt"/>
        <line num="5392" count="41" type="stmt"/>
        <line num="5393" count="0" type="stmt"/>
        <line num="5396" count="41" type="stmt"/>
        <line num="5399" count="41" type="stmt"/>
        <line num="5401" count="41" type="stmt"/>
        <line num="5402" count="41" type="stmt"/>
        <line num="5403" count="41" type="stmt"/>
        <line num="5404" count="41" type="stmt"/>
        <line num="5406" count="41" type="stmt"/>
        <line num="5407" count="41" type="stmt"/>
        <line num="5410" count="14" type="stmt"/>
        <line num="5411" count="14" type="cond" truecount="1" falsecount="1"/>
        <line num="5412" count="14" type="stmt"/>
        <line num="5413" count="14" type="stmt"/>
        <line num="5414" count="14" type="stmt"/>
        <line num="5419" count="8" type="stmt"/>
        <line num="5424" count="41" type="stmt"/>
        <line num="5427" count="38" type="stmt"/>
        <line num="5428" count="93" type="stmt"/>
        <line num="5430" count="93" type="cond" truecount="2" falsecount="0"/>
        <line num="5431" count="2" type="stmt"/>
        <line num="5433" count="91" type="cond" truecount="2" falsecount="0"/>
        <line num="5434" count="41" type="stmt"/>
        <line num="5436" count="50" type="cond" truecount="2" falsecount="0"/>
        <line num="5437" count="38" type="stmt"/>
        <line num="5438" count="38" type="stmt"/>
        <line num="5439" count="38" type="stmt"/>
        <line num="5443" count="38" type="stmt"/>
        <line num="5444" count="38" type="stmt"/>
        <line num="5445" count="38" type="stmt"/>
        <line num="5446" count="38" type="stmt"/>
        <line num="5447" count="75" type="stmt"/>
        <line num="5448" count="75" type="stmt"/>
        <line num="5449" count="75" type="cond" truecount="2" falsecount="0"/>
        <line num="5451" count="1" type="cond" truecount="3" falsecount="0"/>
        <line num="5462" count="74" type="stmt"/>
        <line num="5466" count="50" type="stmt"/>
        <line num="5467" count="50" type="stmt"/>
        <line num="5468" count="50" type="stmt"/>
        <line num="5469" count="50" type="stmt"/>
        <line num="5470" count="44" type="cond" truecount="2" falsecount="0"/>
        <line num="5475" count="38" type="stmt"/>
        <line num="5478" count="38" type="stmt"/>
        <line num="5480" count="38" type="cond" truecount="2" falsecount="0"/>
        <line num="5481" count="3" type="stmt"/>
        <line num="5484" count="38" type="stmt"/>
        <line num="5487" count="41" type="stmt"/>
        <line num="5488" count="1" type="stmt"/>
        <line num="5489" count="1" type="stmt"/>
        <line num="5491" count="1" type="stmt"/>
        <line num="5492" count="1" type="stmt"/>
        <line num="5493" count="1" type="cond" truecount="1" falsecount="1"/>
        <line num="5495" count="1" type="stmt"/>
        <line num="5498" count="41" type="stmt"/>
        <line num="5499" count="6" type="stmt"/>
        <line num="5507" count="41" type="stmt"/>
        <line num="5508" count="0" type="stmt"/>
        <line num="5513" count="41" type="stmt"/>
        <line num="5514" count="132" type="stmt"/>
        <line num="5517" count="41" type="stmt"/>
        <line num="5518" count="109" type="cond" truecount="2" falsecount="0"/>
        <line num="5519" count="1" type="stmt"/>
        <line num="5521" count="108" type="stmt"/>
        <line num="5522" count="108" type="stmt"/>
        <line num="5523" count="108" type="cond" truecount="2" falsecount="0"/>
        <line num="5528" count="41" type="stmt"/>
        <line num="5529" count="23" type="cond" truecount="2" falsecount="0"/>
        <line num="5530" count="22" type="stmt"/>
        <line num="5534" count="22" type="cond" truecount="4" falsecount="0"/>
        <line num="5535" count="10" type="stmt"/>
        <line num="5538" count="13" type="stmt"/>
        <line num="5541" count="41" type="stmt"/>
        <line num="5542" count="2" type="stmt"/>
        <line num="5545" count="41" type="stmt"/>
        <line num="5546" count="3" type="stmt"/>
        <line num="5547" count="3" type="cond" truecount="1" falsecount="1"/>
        <line num="5550" count="41" type="stmt"/>
        <line num="5551" count="7" type="stmt"/>
        <line num="5554" count="41" type="stmt"/>
        <line num="5555" count="13" type="stmt"/>
        <line num="5558" count="41" type="stmt"/>
        <line num="5559" count="0" type="stmt"/>
        <line num="5562" count="41" type="stmt"/>
        <line num="5563" count="3" type="stmt"/>
        <line num="5566" count="41" type="stmt"/>
        <line num="5567" count="3" type="stmt"/>
        <line num="5570" count="41" type="stmt"/>
        <line num="5571" count="6" type="stmt"/>
        <line num="5574" count="41" type="stmt"/>
        <line num="5575" count="12" type="cond" truecount="1" falsecount="1"/>
        <line num="5576" count="0" type="stmt"/>
        <line num="5578" count="12" type="stmt"/>
        <line num="5579" count="12" type="cond" truecount="2" falsecount="0"/>
        <line num="5580" count="6" type="stmt"/>
        <line num="5581" count="6" type="stmt"/>
        <line num="5582" count="6" type="stmt"/>
        <line num="5584" count="6" type="stmt"/>
        <line num="5587" count="41" type="stmt"/>
        <line num="5588" count="41" type="stmt"/>
        <line num="5589" count="41" type="stmt"/>
        <line num="5590" count="41" type="stmt"/>
        <line num="5591" count="41" type="stmt"/>
        <line num="5592" count="41" type="stmt"/>
        <line num="5593" count="41" type="stmt"/>
        <line num="5594" count="41" type="stmt"/>
        <line num="5595" count="41" type="stmt"/>
        <line num="5596" count="41" type="stmt"/>
        <line num="5597" count="41" type="stmt"/>
        <line num="5598" count="41" type="stmt"/>
        <line num="5599" count="41" type="stmt"/>
        <line num="5600" count="41" type="stmt"/>
        <line num="5601" count="41" type="stmt"/>
        <line num="5602" count="41" type="stmt"/>
        <line num="5603" count="41" type="stmt"/>
        <line num="5604" count="41" type="stmt"/>
        <line num="5605" count="41" type="stmt"/>
        <line num="5606" count="41" type="stmt"/>
        <line num="5607" count="41" type="stmt"/>
        <line num="5608" count="41" type="stmt"/>
        <line num="5610" count="41" type="stmt"/>
        <line num="5611" count="0" type="stmt"/>
        <line num="5615" count="19" type="stmt"/>
        <line num="5616" count="19" type="stmt"/>
        <line num="5617" count="19" type="stmt"/>
        <line num="5618" count="19" type="stmt"/>
        <line num="5622" count="5" type="cond" truecount="2" falsecount="1"/>
        <line num="5626" count="72" type="stmt"/>
        <line num="5630" count="74" type="stmt"/>
        <line num="5631" count="74" type="stmt"/>
        <line num="5633" count="21" type="stmt"/>
        <line num="5636" count="5" type="stmt"/>
        <line num="5637" count="3" type="stmt"/>
        <line num="5649" count="41" type="stmt"/>
        <line num="5651" count="4" type="stmt"/>
        <line num="5652" count="4" type="stmt"/>
        <line num="5653" count="4" type="cond" truecount="2" falsecount="0"/>
        <line num="5654" count="1" type="stmt"/>
        <line num="5656" count="3" type="stmt"/>
        <line num="5657" count="3" type="cond" truecount="1" falsecount="1"/>
        <line num="5658" count="3" type="cond" truecount="1" falsecount="1"/>
        <line num="5659" count="0" type="cond" truecount="0" falsecount="2"/>
        <line num="5660" count="0" type="stmt"/>
        <line num="5662" count="0" type="stmt"/>
        <line num="5666" count="41" type="cond" truecount="1" falsecount="1"/>
        <line num="5667" count="41" type="cond" truecount="2" falsecount="0"/>
        <line num="5668" count="41" type="stmt"/>
        <line num="5670" count="41" type="stmt"/>
        <line num="5671" count="0" type="cond" truecount="0" falsecount="2"/>
        <line num="5672" count="0" type="stmt"/>
        <line num="5674" count="0" type="stmt"/>
        <line num="5677" count="41" type="stmt"/>
        <line num="5678" count="2" type="cond" truecount="1" falsecount="1"/>
        <line num="5681" count="41" type="stmt"/>
        <line num="5682" count="0" type="stmt"/>
        <line num="5685" count="41" type="stmt"/>
        <line num="5686" count="2" type="stmt"/>
        <line num="5687" count="2" type="cond" truecount="1" falsecount="1"/>
        <line num="5695" count="41" type="stmt"/>
        <line num="5696" count="0" type="stmt"/>
        <line num="5699" count="41" type="stmt"/>
        <line num="5700" count="0" type="cond" truecount="0" falsecount="2"/>
        <line num="5701" count="0" type="stmt"/>
        <line num="5703" count="0" type="stmt"/>
        <line num="5706" count="41" type="stmt"/>
        <line num="5707" count="0" type="cond" truecount="0" falsecount="2"/>
        <line num="5708" count="0" type="stmt"/>
        <line num="5710" count="0" type="stmt"/>
        <line num="5713" count="41" type="stmt"/>
        <line num="5714" count="4" type="stmt"/>
        <line num="5715" count="4" type="stmt"/>
        <line num="5716" count="4" type="stmt"/>
        <line num="5717" count="10" type="cond" truecount="2" falsecount="2"/>
        <line num="5718" count="0" type="stmt"/>
        <line num="5721" count="4" type="stmt"/>
        <line num="5724" count="41" type="stmt"/>
        <line num="5725" count="0" type="stmt"/>
        <line num="5727" count="0" type="stmt"/>
        <line num="5728" count="0" type="stmt"/>
        <line num="5729" count="0" type="stmt"/>
        <line num="5730" count="0" type="cond" truecount="0" falsecount="2"/>
        <line num="5736" count="41" type="stmt"/>
        <line num="5737" count="0" type="cond" truecount="0" falsecount="2"/>
        <line num="5742" count="41" type="stmt"/>
        <line num="5748" count="77" type="stmt"/>
        <line num="5759" count="415" type="cond" truecount="2" falsecount="0"/>
        <line num="5764" count="415" type="cond" truecount="2" falsecount="0"/>
        <line num="5765" count="194" type="cond" truecount="2" falsecount="0"/>
        <line num="5766" count="1" type="stmt"/>
        <line num="5768" count="193" type="stmt"/>
        <line num="5769" count="193" type="cond" truecount="3" falsecount="0"/>
        <line num="5770" count="193" type="stmt"/>
        <line num="5773" count="338" type="stmt"/>
        <line num="5777" count="190" type="stmt"/>
        <line num="5778" count="190" type="cond" truecount="2" falsecount="0"/>
        <line num="5779" count="190" type="stmt"/>
        <line num="5781" count="221" type="stmt"/>
        <line num="5785" count="174" type="cond" truecount="2" falsecount="0"/>
        <line num="5788" count="41" type="stmt"/>
        <line num="5790" count="41" type="stmt"/>
        <line num="5846" count="41" type="stmt"/>
        <line num="5848" count="41" type="stmt"/>
        <line num="5849" count="41" type="stmt"/>
        <line num="5850" count="41" type="stmt"/>
        <line num="5851" count="41" type="stmt"/>
        <line num="5852" count="41" type="stmt"/>
        <line num="5853" count="41" type="stmt"/>
        <line num="5854" count="41" type="stmt"/>
        <line num="5855" count="41" type="stmt"/>
        <line num="5856" count="41" type="stmt"/>
        <line num="5857" count="41" type="stmt"/>
        <line num="5858" count="41" type="stmt"/>
        <line num="5859" count="41" type="stmt"/>
        <line num="5860" count="41" type="stmt"/>
        <line num="5861" count="41" type="stmt"/>
        <line num="5862" count="41" type="stmt"/>
        <line num="5863" count="41" type="stmt"/>
        <line num="5864" count="41" type="stmt"/>
        <line num="5865" count="41" type="stmt"/>
        <line num="5866" count="41" type="stmt"/>
        <line num="5867" count="41" type="stmt"/>
        <line num="5868" count="41" type="stmt"/>
        <line num="5869" count="41" type="stmt"/>
        <line num="5870" count="41" type="stmt"/>
        <line num="5871" count="41" type="stmt"/>
        <line num="5872" count="41" type="stmt"/>
        <line num="5873" count="41" type="stmt"/>
        <line num="5874" count="41" type="stmt"/>
        <line num="5875" count="41" type="stmt"/>
        <line num="5876" count="41" type="stmt"/>
        <line num="5877" count="41" type="stmt"/>
        <line num="5878" count="41" type="stmt"/>
        <line num="5879" count="41" type="stmt"/>
        <line num="5880" count="41" type="stmt"/>
        <line num="5881" count="41" type="stmt"/>
        <line num="5882" count="41" type="stmt"/>
        <line num="5883" count="41" type="stmt"/>
        <line num="5884" count="41" type="stmt"/>
        <line num="5885" count="41" type="stmt"/>
        <line num="5887" count="41" type="stmt"/>
      </file>
    </metrics>
  </project>
</coverage>
