{"C:\\Users\\Henrik\\Documents\\GitHub\\iet-hf2021-dr-jupekzo\\dist\\immutable.js": {"path":"C:\\Users\\Henrik\\Documents\\GitHub\\iet-hf2021-dr-jupekzo\\dist\\immutable.js","statementMap":{"0":{"start":{"line":8,"column":0},"end":{"line":5889,"column":5}},"1":{"start":{"line":9,"column":2},"end":{"line":11,"column":37}},"2":{"start":{"line":15,"column":15},"end":{"line":15,"column":23}},"3":{"start":{"line":18,"column":14},"end":{"line":18,"column":15}},"4":{"start":{"line":19,"column":13},"end":{"line":19,"column":23}},"5":{"start":{"line":20,"column":13},"end":{"line":20,"column":21}},"6":{"start":{"line":24,"column":16},"end":{"line":24,"column":18}},"7":{"start":{"line":28,"column":4},"end":{"line":28,"column":28}},"8":{"start":{"line":32,"column":4},"end":{"line":34,"column":5}},"9":{"start":{"line":33,"column":6},"end":{"line":33,"column":23}},"10":{"start":{"line":43,"column":4},"end":{"line":45,"column":5}},"11":{"start":{"line":44,"column":6},"end":{"line":44,"column":45}},"12":{"start":{"line":46,"column":4},"end":{"line":46,"column":21}},"13":{"start":{"line":57,"column":4},"end":{"line":63,"column":5}},"14":{"start":{"line":58,"column":24},"end":{"line":58,"column":35}},"15":{"start":{"line":59,"column":6},"end":{"line":61,"column":7}},"16":{"start":{"line":60,"column":8},"end":{"line":60,"column":19}},"17":{"start":{"line":62,"column":6},"end":{"line":62,"column":26}},"18":{"start":{"line":64,"column":4},"end":{"line":64,"column":56}},"19":{"start":{"line":68,"column":4},"end":{"line":68,"column":16}},"20":{"start":{"line":72,"column":4},"end":{"line":76,"column":6}},"21":{"start":{"line":80,"column":4},"end":{"line":80,"column":40}},"22":{"start":{"line":84,"column":4},"end":{"line":84,"column":41}},"23":{"start":{"line":90,"column":4},"end":{"line":98,"column":38}},"24":{"start":{"line":103,"column":4},"end":{"line":103,"column":65}},"25":{"start":{"line":107,"column":29},"end":{"line":107,"column":57}},"26":{"start":{"line":110,"column":4},"end":{"line":110,"column":77}},"27":{"start":{"line":113,"column":24},"end":{"line":113,"column":49}},"28":{"start":{"line":116,"column":4},"end":{"line":116,"column":62}},"29":{"start":{"line":119,"column":26},"end":{"line":119,"column":53}},"30":{"start":{"line":122,"column":4},"end":{"line":122,"column":68}},"31":{"start":{"line":126,"column":4},"end":{"line":126,"column":68}},"32":{"start":{"line":129,"column":19},"end":{"line":131,"column":3}},"33":{"start":{"line":130,"column":4},"end":{"line":130,"column":52}},"34":{"start":{"line":133,"column":38},"end":{"line":143,"column":15}},"35":{"start":{"line":135,"column":6},"end":{"line":135,"column":54}},"36":{"start":{"line":138,"column":4},"end":{"line":138,"column":61}},"37":{"start":{"line":138,"column":22},"end":{"line":138,"column":61}},"38":{"start":{"line":139,"column":4},"end":{"line":139,"column":84}},"39":{"start":{"line":140,"column":4},"end":{"line":140,"column":60}},"40":{"start":{"line":142,"column":4},"end":{"line":142,"column":27}},"41":{"start":{"line":145,"column":40},"end":{"line":155,"column":15}},"42":{"start":{"line":147,"column":6},"end":{"line":147,"column":58}},"43":{"start":{"line":150,"column":4},"end":{"line":150,"column":63}},"44":{"start":{"line":150,"column":22},"end":{"line":150,"column":63}},"45":{"start":{"line":151,"column":4},"end":{"line":151,"column":86}},"46":{"start":{"line":152,"column":4},"end":{"line":152,"column":64}},"47":{"start":{"line":154,"column":4},"end":{"line":154,"column":29}},"48":{"start":{"line":157,"column":36},"end":{"line":167,"column":15}},"49":{"start":{"line":159,"column":6},"end":{"line":159,"column":82}},"50":{"start":{"line":162,"column":4},"end":{"line":162,"column":59}},"51":{"start":{"line":162,"column":22},"end":{"line":162,"column":59}},"52":{"start":{"line":163,"column":4},"end":{"line":163,"column":82}},"53":{"start":{"line":164,"column":4},"end":{"line":164,"column":56}},"54":{"start":{"line":166,"column":4},"end":{"line":166,"column":25}},"55":{"start":{"line":169,"column":2},"end":{"line":169,"column":37}},"56":{"start":{"line":170,"column":2},"end":{"line":170,"column":41}},"57":{"start":{"line":171,"column":2},"end":{"line":171,"column":33}},"58":{"start":{"line":173,"column":22},"end":{"line":173,"column":45}},"59":{"start":{"line":176,"column":4},"end":{"line":176,"column":56}},"60":{"start":{"line":179,"column":25},"end":{"line":179,"column":51}},"61":{"start":{"line":182,"column":4},"end":{"line":182,"column":65}},"62":{"start":{"line":186,"column":4},"end":{"line":186,"column":68}},"63":{"start":{"line":189,"column":26},"end":{"line":189,"column":53}},"64":{"start":{"line":192,"column":4},"end":{"line":192,"column":68}},"65":{"start":{"line":195,"column":21},"end":{"line":195,"column":22}},"66":{"start":{"line":196,"column":23},"end":{"line":196,"column":24}},"67":{"start":{"line":197,"column":24},"end":{"line":197,"column":25}},"68":{"start":{"line":199,"column":29},"end":{"line":199,"column":76}},"69":{"start":{"line":200,"column":29},"end":{"line":200,"column":41}},"70":{"start":{"line":202,"column":24},"end":{"line":202,"column":68}},"71":{"start":{"line":204,"column":17},"end":{"line":206,"column":3}},"72":{"start":{"line":205,"column":4},"end":{"line":205,"column":21}},"73":{"start":{"line":208,"column":2},"end":{"line":210,"column":4}},"74":{"start":{"line":209,"column":4},"end":{"line":209,"column":24}},"75":{"start":{"line":212,"column":2},"end":{"line":212,"column":31}},"76":{"start":{"line":213,"column":2},"end":{"line":213,"column":35}},"77":{"start":{"line":214,"column":2},"end":{"line":214,"column":37}},"78":{"start":{"line":216,"column":2},"end":{"line":218,"column":4}},"79":{"start":{"line":217,"column":4},"end":{"line":217,"column":27}},"80":{"start":{"line":219,"column":2},"end":{"line":221,"column":4}},"81":{"start":{"line":220,"column":4},"end":{"line":220,"column":16}},"82":{"start":{"line":224,"column":16},"end":{"line":224,"column":56}},"83":{"start":{"line":225,"column":4},"end":{"line":230,"column":11}},"84":{"start":{"line":231,"column":4},"end":{"line":231,"column":26}},"85":{"start":{"line":235,"column":4},"end":{"line":235,"column":44}},"86":{"start":{"line":239,"column":4},"end":{"line":239,"column":42}},"87":{"start":{"line":243,"column":4},"end":{"line":243,"column":69}},"88":{"start":{"line":247,"column":21},"end":{"line":247,"column":44}},"89":{"start":{"line":248,"column":4},"end":{"line":248,"column":51}},"90":{"start":{"line":253,"column":6},"end":{"line":255,"column":39}},"91":{"start":{"line":256,"column":4},"end":{"line":258,"column":5}},"92":{"start":{"line":257,"column":6},"end":{"line":257,"column":24}},"93":{"start":{"line":261,"column":23},"end":{"line":261,"column":54}},"94":{"start":{"line":264,"column":4},"end":{"line":266,"column":5}},"95":{"start":{"line":265,"column":6},"end":{"line":265,"column":18}},"96":{"start":{"line":268,"column":4},"end":{"line":279,"column":6}},"97":{"start":{"line":282,"column":26},"end":{"line":348,"column":15}},"98":{"start":{"line":284,"column":6},"end":{"line":288,"column":7}},"99":{"start":{"line":285,"column":10},"end":{"line":285,"column":33}},"100":{"start":{"line":287,"column":8},"end":{"line":287,"column":72}},"101":{"start":{"line":291,"column":4},"end":{"line":291,"column":55}},"102":{"start":{"line":291,"column":25},"end":{"line":291,"column":55}},"103":{"start":{"line":292,"column":4},"end":{"line":292,"column":78}},"104":{"start":{"line":293,"column":4},"end":{"line":293,"column":36}},"105":{"start":{"line":295,"column":4},"end":{"line":297,"column":6}},"106":{"start":{"line":296,"column":6},"end":{"line":296,"column":18}},"107":{"start":{"line":299,"column":4},"end":{"line":301,"column":6}},"108":{"start":{"line":300,"column":6},"end":{"line":300,"column":43}},"109":{"start":{"line":303,"column":4},"end":{"line":309,"column":6}},"110":{"start":{"line":304,"column":6},"end":{"line":307,"column":7}},"111":{"start":{"line":305,"column":8},"end":{"line":305,"column":48}},"112":{"start":{"line":306,"column":8},"end":{"line":306,"column":39}},"113":{"start":{"line":308,"column":6},"end":{"line":308,"column":18}},"114":{"start":{"line":313,"column":4},"end":{"line":327,"column":6}},"115":{"start":{"line":314,"column":18},"end":{"line":314,"column":29}},"116":{"start":{"line":315,"column":6},"end":{"line":325,"column":7}},"117":{"start":{"line":316,"column":19},"end":{"line":316,"column":31}},"118":{"start":{"line":317,"column":16},"end":{"line":317,"column":17}},"119":{"start":{"line":318,"column":8},"end":{"line":323,"column":9}},"120":{"start":{"line":319,"column":22},"end":{"line":319,"column":55}},"121":{"start":{"line":320,"column":10},"end":{"line":322,"column":11}},"122":{"start":{"line":321,"column":12},"end":{"line":321,"column":18}},"123":{"start":{"line":324,"column":8},"end":{"line":324,"column":17}},"124":{"start":{"line":326,"column":6},"end":{"line":326,"column":49}},"125":{"start":{"line":331,"column":4},"end":{"line":345,"column":6}},"126":{"start":{"line":332,"column":18},"end":{"line":332,"column":29}},"127":{"start":{"line":333,"column":6},"end":{"line":343,"column":7}},"128":{"start":{"line":334,"column":19},"end":{"line":334,"column":31}},"129":{"start":{"line":335,"column":16},"end":{"line":335,"column":17}},"130":{"start":{"line":336,"column":8},"end":{"line":342,"column":11}},"131":{"start":{"line":337,"column":10},"end":{"line":339,"column":11}},"132":{"start":{"line":338,"column":12},"end":{"line":338,"column":34}},"133":{"start":{"line":340,"column":22},"end":{"line":340,"column":55}},"134":{"start":{"line":341,"column":10},"end":{"line":341,"column":57}},"135":{"start":{"line":344,"column":6},"end":{"line":344,"column":52}},"136":{"start":{"line":347,"column":4},"end":{"line":347,"column":15}},"137":{"start":{"line":350,"column":31},"end":{"line":374,"column":8}},"138":{"start":{"line":352,"column":6},"end":{"line":362,"column":43}},"139":{"start":{"line":353,"column":10},"end":{"line":353,"column":46}},"140":{"start":{"line":354,"column":11},"end":{"line":362,"column":43}},"141":{"start":{"line":355,"column":10},"end":{"line":358,"column":42}},"142":{"start":{"line":356,"column":12},"end":{"line":356,"column":33}},"143":{"start":{"line":358,"column":12},"end":{"line":358,"column":40}},"144":{"start":{"line":359,"column":11},"end":{"line":362,"column":43}},"145":{"start":{"line":360,"column":10},"end":{"line":360,"column":31}},"146":{"start":{"line":362,"column":9},"end":{"line":362,"column":41}},"147":{"start":{"line":365,"column":4},"end":{"line":365,"column":40}},"148":{"start":{"line":365,"column":15},"end":{"line":365,"column":40}},"149":{"start":{"line":366,"column":4},"end":{"line":366,"column":63}},"150":{"start":{"line":367,"column":4},"end":{"line":367,"column":46}},"151":{"start":{"line":369,"column":4},"end":{"line":371,"column":6}},"152":{"start":{"line":370,"column":6},"end":{"line":370,"column":18}},"153":{"start":{"line":373,"column":4},"end":{"line":373,"column":20}},"154":{"start":{"line":376,"column":33},"end":{"line":408,"column":8}},"155":{"start":{"line":378,"column":6},"end":{"line":388,"column":46}},"156":{"start":{"line":379,"column":10},"end":{"line":379,"column":33}},"157":{"start":{"line":380,"column":11},"end":{"line":388,"column":46}},"158":{"start":{"line":381,"column":12},"end":{"line":384,"column":44}},"159":{"start":{"line":382,"column":14},"end":{"line":382,"column":38}},"160":{"start":{"line":384,"column":14},"end":{"line":384,"column":42}},"161":{"start":{"line":385,"column":11},"end":{"line":388,"column":46}},"162":{"start":{"line":386,"column":10},"end":{"line":386,"column":42}},"163":{"start":{"line":388,"column":10},"end":{"line":388,"column":44}},"164":{"start":{"line":391,"column":4},"end":{"line":391,"column":42}},"165":{"start":{"line":391,"column":15},"end":{"line":391,"column":42}},"166":{"start":{"line":392,"column":4},"end":{"line":392,"column":65}},"167":{"start":{"line":393,"column":4},"end":{"line":393,"column":50}},"168":{"start":{"line":395,"column":4},"end":{"line":397,"column":6}},"169":{"start":{"line":396,"column":6},"end":{"line":396,"column":35}},"170":{"start":{"line":399,"column":4},"end":{"line":401,"column":6}},"171":{"start":{"line":400,"column":6},"end":{"line":400,"column":18}},"172":{"start":{"line":403,"column":4},"end":{"line":405,"column":6}},"173":{"start":{"line":404,"column":6},"end":{"line":404,"column":43}},"174":{"start":{"line":407,"column":4},"end":{"line":407,"column":22}},"175":{"start":{"line":410,"column":29},"end":{"line":431,"column":8}},"176":{"start":{"line":412,"column":6},"end":{"line":415,"column":19}},"177":{"start":{"line":418,"column":4},"end":{"line":418,"column":38}},"178":{"start":{"line":418,"column":15},"end":{"line":418,"column":38}},"179":{"start":{"line":419,"column":4},"end":{"line":419,"column":61}},"180":{"start":{"line":420,"column":4},"end":{"line":420,"column":42}},"181":{"start":{"line":422,"column":4},"end":{"line":424,"column":6}},"182":{"start":{"line":423,"column":6},"end":{"line":423,"column":31}},"183":{"start":{"line":426,"column":4},"end":{"line":428,"column":6}},"184":{"start":{"line":427,"column":6},"end":{"line":427,"column":18}},"185":{"start":{"line":430,"column":4},"end":{"line":430,"column":18}},"186":{"start":{"line":433,"column":2},"end":{"line":433,"column":20}},"187":{"start":{"line":434,"column":2},"end":{"line":434,"column":23}},"188":{"start":{"line":435,"column":2},"end":{"line":435,"column":19}},"189":{"start":{"line":436,"column":2},"end":{"line":436,"column":27}},"190":{"start":{"line":438,"column":2},"end":{"line":438,"column":38}},"191":{"start":{"line":442,"column":31},"end":{"line":483,"column":15}},"192":{"start":{"line":444,"column":6},"end":{"line":444,"column":26}},"193":{"start":{"line":445,"column":6},"end":{"line":445,"column":31}},"194":{"start":{"line":448,"column":4},"end":{"line":448,"column":54}},"195":{"start":{"line":448,"column":22},"end":{"line":448,"column":54}},"196":{"start":{"line":449,"column":4},"end":{"line":449,"column":77}},"197":{"start":{"line":450,"column":4},"end":{"line":450,"column":46}},"198":{"start":{"line":452,"column":4},"end":{"line":454,"column":6}},"199":{"start":{"line":453,"column":6},"end":{"line":453,"column":81}},"200":{"start":{"line":456,"column":4},"end":{"line":467,"column":6}},"201":{"start":{"line":457,"column":18},"end":{"line":457,"column":29}},"202":{"start":{"line":458,"column":17},"end":{"line":458,"column":29}},"203":{"start":{"line":459,"column":14},"end":{"line":459,"column":15}},"204":{"start":{"line":460,"column":6},"end":{"line":465,"column":7}},"205":{"start":{"line":461,"column":17},"end":{"line":461,"column":43}},"206":{"start":{"line":462,"column":8},"end":{"line":464,"column":9}},"207":{"start":{"line":463,"column":10},"end":{"line":463,"column":16}},"208":{"start":{"line":466,"column":6},"end":{"line":466,"column":15}},"209":{"start":{"line":469,"column":4},"end":{"line":480,"column":6}},"210":{"start":{"line":470,"column":18},"end":{"line":470,"column":29}},"211":{"start":{"line":471,"column":17},"end":{"line":471,"column":29}},"212":{"start":{"line":472,"column":14},"end":{"line":472,"column":15}},"213":{"start":{"line":473,"column":6},"end":{"line":479,"column":9}},"214":{"start":{"line":474,"column":8},"end":{"line":476,"column":9}},"215":{"start":{"line":475,"column":10},"end":{"line":475,"column":32}},"216":{"start":{"line":477,"column":17},"end":{"line":477,"column":43}},"217":{"start":{"line":478,"column":8},"end":{"line":478,"column":50}},"218":{"start":{"line":482,"column":4},"end":{"line":482,"column":20}},"219":{"start":{"line":485,"column":32},"end":{"line":537,"column":13}},"220":{"start":{"line":487,"column":17},"end":{"line":487,"column":36}},"221":{"start":{"line":488,"column":6},"end":{"line":488,"column":28}},"222":{"start":{"line":489,"column":6},"end":{"line":489,"column":24}},"223":{"start":{"line":490,"column":6},"end":{"line":490,"column":30}},"224":{"start":{"line":493,"column":4},"end":{"line":493,"column":51}},"225":{"start":{"line":493,"column":20},"end":{"line":493,"column":51}},"226":{"start":{"line":494,"column":4},"end":{"line":494,"column":74}},"227":{"start":{"line":495,"column":4},"end":{"line":495,"column":48}},"228":{"start":{"line":497,"column":4},"end":{"line":502,"column":6}},"229":{"start":{"line":498,"column":6},"end":{"line":500,"column":7}},"230":{"start":{"line":499,"column":8},"end":{"line":499,"column":27}},"231":{"start":{"line":501,"column":6},"end":{"line":501,"column":31}},"232":{"start":{"line":504,"column":4},"end":{"line":506,"column":6}},"233":{"start":{"line":505,"column":6},"end":{"line":505,"column":52}},"234":{"start":{"line":508,"column":4},"end":{"line":520,"column":6}},"235":{"start":{"line":509,"column":19},"end":{"line":509,"column":31}},"236":{"start":{"line":510,"column":17},"end":{"line":510,"column":27}},"237":{"start":{"line":511,"column":17},"end":{"line":511,"column":28}},"238":{"start":{"line":512,"column":14},"end":{"line":512,"column":15}},"239":{"start":{"line":513,"column":6},"end":{"line":518,"column":7}},"240":{"start":{"line":514,"column":18},"end":{"line":514,"column":50}},"241":{"start":{"line":515,"column":8},"end":{"line":517,"column":9}},"242":{"start":{"line":516,"column":10},"end":{"line":516,"column":16}},"243":{"start":{"line":519,"column":6},"end":{"line":519,"column":15}},"244":{"start":{"line":522,"column":4},"end":{"line":534,"column":6}},"245":{"start":{"line":523,"column":19},"end":{"line":523,"column":31}},"246":{"start":{"line":524,"column":17},"end":{"line":524,"column":27}},"247":{"start":{"line":525,"column":17},"end":{"line":525,"column":28}},"248":{"start":{"line":526,"column":14},"end":{"line":526,"column":15}},"249":{"start":{"line":527,"column":6},"end":{"line":533,"column":9}},"250":{"start":{"line":528,"column":8},"end":{"line":530,"column":9}},"251":{"start":{"line":529,"column":10},"end":{"line":529,"column":32}},"252":{"start":{"line":531,"column":18},"end":{"line":531,"column":50}},"253":{"start":{"line":532,"column":8},"end":{"line":532,"column":53}},"254":{"start":{"line":536,"column":4},"end":{"line":536,"column":21}},"255":{"start":{"line":538,"column":2},"end":{"line":538,"column":48}},"256":{"start":{"line":540,"column":36},"end":{"line":585,"column":15}},"257":{"start":{"line":542,"column":6},"end":{"line":542,"column":36}},"258":{"start":{"line":543,"column":6},"end":{"line":543,"column":55}},"259":{"start":{"line":546,"column":4},"end":{"line":546,"column":59}},"260":{"start":{"line":546,"column":22},"end":{"line":546,"column":59}},"261":{"start":{"line":547,"column":4},"end":{"line":547,"column":82}},"262":{"start":{"line":548,"column":4},"end":{"line":548,"column":56}},"263":{"start":{"line":550,"column":4},"end":{"line":566,"column":6}},"264":{"start":{"line":551,"column":6},"end":{"line":553,"column":7}},"265":{"start":{"line":552,"column":8},"end":{"line":552,"column":57}},"266":{"start":{"line":554,"column":23},"end":{"line":554,"column":39}},"267":{"start":{"line":555,"column":21},"end":{"line":555,"column":44}},"268":{"start":{"line":556,"column":23},"end":{"line":556,"column":24}},"269":{"start":{"line":557,"column":6},"end":{"line":564,"column":7}},"270":{"start":{"line":559,"column":8},"end":{"line":563,"column":9}},"271":{"start":{"line":560,"column":10},"end":{"line":562,"column":11}},"272":{"start":{"line":561,"column":12},"end":{"line":561,"column":18}},"273":{"start":{"line":565,"column":6},"end":{"line":565,"column":24}},"274":{"start":{"line":568,"column":4},"end":{"line":582,"column":6}},"275":{"start":{"line":569,"column":6},"end":{"line":571,"column":7}},"276":{"start":{"line":570,"column":8},"end":{"line":570,"column":60}},"277":{"start":{"line":572,"column":23},"end":{"line":572,"column":39}},"278":{"start":{"line":573,"column":21},"end":{"line":573,"column":44}},"279":{"start":{"line":574,"column":6},"end":{"line":576,"column":7}},"280":{"start":{"line":575,"column":8},"end":{"line":575,"column":42}},"281":{"start":{"line":577,"column":23},"end":{"line":577,"column":24}},"282":{"start":{"line":578,"column":6},"end":{"line":581,"column":9}},"283":{"start":{"line":579,"column":19},"end":{"line":579,"column":34}},"284":{"start":{"line":580,"column":8},"end":{"line":580,"column":80}},"285":{"start":{"line":584,"column":4},"end":{"line":584,"column":25}},"286":{"start":{"line":592,"column":4},"end":{"line":592,"column":55}},"287":{"start":{"line":596,"column":14},"end":{"line":600,"column":19}},"288":{"start":{"line":601,"column":4},"end":{"line":603,"column":5}},"289":{"start":{"line":602,"column":6},"end":{"line":602,"column":32}},"290":{"start":{"line":604,"column":4},"end":{"line":606,"column":5}},"291":{"start":{"line":605,"column":6},"end":{"line":605,"column":34}},"292":{"start":{"line":607,"column":4},"end":{"line":610,"column":6}},"293":{"start":{"line":614,"column":14},"end":{"line":614,"column":45}},"294":{"start":{"line":615,"column":4},"end":{"line":617,"column":5}},"295":{"start":{"line":616,"column":6},"end":{"line":616,"column":17}},"296":{"start":{"line":618,"column":4},"end":{"line":620,"column":6}},"297":{"start":{"line":624,"column":14},"end":{"line":624,"column":45}},"298":{"start":{"line":625,"column":4},"end":{"line":627,"column":5}},"299":{"start":{"line":626,"column":6},"end":{"line":626,"column":17}},"300":{"start":{"line":628,"column":4},"end":{"line":630,"column":5}},"301":{"start":{"line":629,"column":6},"end":{"line":629,"column":34}},"302":{"start":{"line":631,"column":4},"end":{"line":633,"column":6}},"303":{"start":{"line":637,"column":4},"end":{"line":641,"column":20}},"304":{"start":{"line":644,"column":22},"end":{"line":644,"column":45}},"305":{"start":{"line":647,"column":4},"end":{"line":647,"column":56}},"306":{"start":{"line":651,"column":4},"end":{"line":651,"column":64}},"307":{"start":{"line":655,"column":4},"end":{"line":659,"column":6}},"308":{"start":{"line":717,"column":4},"end":{"line":719,"column":5}},"309":{"start":{"line":718,"column":6},"end":{"line":718,"column":18}},"310":{"start":{"line":720,"column":4},"end":{"line":722,"column":5}},"311":{"start":{"line":721,"column":6},"end":{"line":721,"column":19}},"312":{"start":{"line":723,"column":4},"end":{"line":735,"column":5}},"313":{"start":{"line":727,"column":6},"end":{"line":727,"column":32}},"314":{"start":{"line":728,"column":6},"end":{"line":728,"column":32}},"315":{"start":{"line":729,"column":6},"end":{"line":731,"column":7}},"316":{"start":{"line":730,"column":8},"end":{"line":730,"column":20}},"317":{"start":{"line":732,"column":6},"end":{"line":734,"column":7}},"318":{"start":{"line":733,"column":8},"end":{"line":733,"column":21}},"319":{"start":{"line":736,"column":4},"end":{"line":740,"column":6}},"320":{"start":{"line":744,"column":4},"end":{"line":753,"column":9}},"321":{"start":{"line":747,"column":10},"end":{"line":747,"column":17}},"322":{"start":{"line":748,"column":10},"end":{"line":748,"column":17}},"323":{"start":{"line":749,"column":18},"end":{"line":749,"column":28}},"324":{"start":{"line":750,"column":18},"end":{"line":750,"column":28}},"325":{"start":{"line":752,"column":10},"end":{"line":752,"column":81}},"326":{"start":{"line":760,"column":4},"end":{"line":760,"column":59}},"327":{"start":{"line":763,"column":23},"end":{"line":763,"column":47}},"328":{"start":{"line":766,"column":4},"end":{"line":798,"column":5}},"329":{"start":{"line":771,"column":8},"end":{"line":771,"column":43}},"330":{"start":{"line":773,"column":8},"end":{"line":773,"column":29}},"331":{"start":{"line":775,"column":8},"end":{"line":777,"column":26}},"332":{"start":{"line":780,"column":8},"end":{"line":782,"column":9}},"333":{"start":{"line":781,"column":10},"end":{"line":781,"column":28}},"334":{"start":{"line":783,"column":8},"end":{"line":786,"column":9}},"335":{"start":{"line":785,"column":10},"end":{"line":785,"column":36}},"336":{"start":{"line":787,"column":8},"end":{"line":789,"column":9}},"337":{"start":{"line":788,"column":10},"end":{"line":788,"column":27}},"338":{"start":{"line":790,"column":8},"end":{"line":790,"column":28}},"339":{"start":{"line":792,"column":8},"end":{"line":792,"column":26}},"340":{"start":{"line":794,"column":8},"end":{"line":796,"column":9}},"341":{"start":{"line":795,"column":10},"end":{"line":795,"column":42}},"342":{"start":{"line":797,"column":8},"end":{"line":797,"column":73}},"343":{"start":{"line":803,"column":4},"end":{"line":805,"column":5}},"344":{"start":{"line":804,"column":6},"end":{"line":804,"column":15}},"345":{"start":{"line":806,"column":15},"end":{"line":806,"column":20}},"346":{"start":{"line":807,"column":4},"end":{"line":809,"column":5}},"347":{"start":{"line":808,"column":6},"end":{"line":808,"column":29}},"348":{"start":{"line":810,"column":4},"end":{"line":813,"column":5}},"349":{"start":{"line":811,"column":6},"end":{"line":811,"column":22}},"350":{"start":{"line":812,"column":6},"end":{"line":812,"column":16}},"351":{"start":{"line":814,"column":4},"end":{"line":814,"column":21}},"352":{"start":{"line":818,"column":17},"end":{"line":818,"column":40}},"353":{"start":{"line":819,"column":4},"end":{"line":827,"column":5}},"354":{"start":{"line":820,"column":6},"end":{"line":820,"column":34}},"355":{"start":{"line":821,"column":6},"end":{"line":824,"column":7}},"356":{"start":{"line":822,"column":8},"end":{"line":822,"column":35}},"357":{"start":{"line":823,"column":8},"end":{"line":823,"column":29}},"358":{"start":{"line":825,"column":6},"end":{"line":825,"column":31}},"359":{"start":{"line":826,"column":6},"end":{"line":826,"column":39}},"360":{"start":{"line":828,"column":4},"end":{"line":828,"column":18}},"361":{"start":{"line":839,"column":17},"end":{"line":839,"column":18}},"362":{"start":{"line":840,"column":4},"end":{"line":842,"column":5}},"363":{"start":{"line":841,"column":6},"end":{"line":841,"column":57}},"364":{"start":{"line":843,"column":4},"end":{"line":843,"column":23}},"365":{"start":{"line":848,"column":4},"end":{"line":853,"column":5}},"366":{"start":{"line":849,"column":6},"end":{"line":849,"column":32}},"367":{"start":{"line":850,"column":6},"end":{"line":852,"column":7}},"368":{"start":{"line":851,"column":8},"end":{"line":851,"column":22}},"369":{"start":{"line":855,"column":4},"end":{"line":855,"column":31}},"370":{"start":{"line":856,"column":4},"end":{"line":858,"column":5}},"371":{"start":{"line":857,"column":6},"end":{"line":857,"column":20}},"372":{"start":{"line":860,"column":4},"end":{"line":870,"column":5}},"373":{"start":{"line":861,"column":6},"end":{"line":861,"column":82}},"374":{"start":{"line":862,"column":6},"end":{"line":864,"column":7}},"375":{"start":{"line":863,"column":8},"end":{"line":863,"column":22}},"376":{"start":{"line":866,"column":6},"end":{"line":866,"column":34}},"377":{"start":{"line":867,"column":6},"end":{"line":869,"column":7}},"378":{"start":{"line":868,"column":8},"end":{"line":868,"column":22}},"379":{"start":{"line":872,"column":4},"end":{"line":872,"column":26}},"380":{"start":{"line":873,"column":4},"end":{"line":875,"column":5}},"381":{"start":{"line":874,"column":6},"end":{"line":874,"column":21}},"382":{"start":{"line":877,"column":4},"end":{"line":911,"column":5}},"383":{"start":{"line":878,"column":6},"end":{"line":878,"column":31}},"384":{"start":{"line":879,"column":11},"end":{"line":911,"column":5}},"385":{"start":{"line":880,"column":6},"end":{"line":880,"column":73}},"386":{"start":{"line":881,"column":11},"end":{"line":911,"column":5}},"387":{"start":{"line":882,"column":6},"end":{"line":887,"column":9}},"388":{"start":{"line":888,"column":11},"end":{"line":911,"column":5}},"389":{"start":{"line":896,"column":6},"end":{"line":901,"column":8}},"390":{"start":{"line":897,"column":8},"end":{"line":900,"column":10}},"391":{"start":{"line":902,"column":6},"end":{"line":902,"column":54}},"392":{"start":{"line":903,"column":11},"end":{"line":911,"column":5}},"393":{"start":{"line":908,"column":6},"end":{"line":908,"column":33}},"394":{"start":{"line":910,"column":6},"end":{"line":910,"column":76}},"395":{"start":{"line":913,"column":4},"end":{"line":913,"column":18}},"396":{"start":{"line":917,"column":21},"end":{"line":917,"column":40}},"397":{"start":{"line":920,"column":26},"end":{"line":927,"column":6}},"398":{"start":{"line":921,"column":4},"end":{"line":926,"column":5}},"399":{"start":{"line":922,"column":6},"end":{"line":922,"column":41}},"400":{"start":{"line":923,"column":6},"end":{"line":923,"column":18}},"401":{"start":{"line":925,"column":6},"end":{"line":925,"column":19}},"402":{"start":{"line":932,"column":4},"end":{"line":939,"column":5}},"403":{"start":{"line":933,"column":6},"end":{"line":938,"column":7}},"404":{"start":{"line":935,"column":10},"end":{"line":935,"column":31}},"405":{"start":{"line":937,"column":10},"end":{"line":937,"column":71}},"406":{"start":{"line":943,"column":21},"end":{"line":943,"column":50}},"407":{"start":{"line":945,"column":2},"end":{"line":947,"column":3}},"408":{"start":{"line":946,"column":4},"end":{"line":946,"column":28}},"409":{"start":{"line":949,"column":19},"end":{"line":949,"column":20}},"410":{"start":{"line":951,"column":21},"end":{"line":951,"column":40}},"411":{"start":{"line":952,"column":2},"end":{"line":954,"column":3}},"412":{"start":{"line":953,"column":4},"end":{"line":953,"column":40}},"413":{"start":{"line":956,"column":37},"end":{"line":956,"column":39}},"414":{"start":{"line":957,"column":35},"end":{"line":957,"column":38}},"415":{"start":{"line":958,"column":31},"end":{"line":958,"column":32}},"416":{"start":{"line":959,"column":24},"end":{"line":959,"column":26}},"417":{"start":{"line":961,"column":38},"end":{"line":1017,"column":13}},"418":{"start":{"line":963,"column":17},"end":{"line":963,"column":19}},"419":{"start":{"line":964,"column":6},"end":{"line":964,"column":35}},"420":{"start":{"line":965,"column":6},"end":{"line":965,"column":27}},"421":{"start":{"line":966,"column":6},"end":{"line":966,"column":30}},"422":{"start":{"line":967,"column":6},"end":{"line":967,"column":31}},"423":{"start":{"line":970,"column":4},"end":{"line":970,"column":63}},"424":{"start":{"line":970,"column":23},"end":{"line":970,"column":63}},"425":{"start":{"line":971,"column":4},"end":{"line":971,"column":86}},"426":{"start":{"line":972,"column":4},"end":{"line":972,"column":60}},"427":{"start":{"line":974,"column":4},"end":{"line":976,"column":6}},"428":{"start":{"line":975,"column":6},"end":{"line":975,"column":46}},"429":{"start":{"line":978,"column":4},"end":{"line":980,"column":6}},"430":{"start":{"line":979,"column":6},"end":{"line":979,"column":33}},"431":{"start":{"line":982,"column":4},"end":{"line":984,"column":6}},"432":{"start":{"line":983,"column":6},"end":{"line":983,"column":35}},"433":{"start":{"line":986,"column":4},"end":{"line":994,"column":6}},"434":{"start":{"line":987,"column":19},"end":{"line":987,"column":23}},"435":{"start":{"line":989,"column":29},"end":{"line":989,"column":55}},"436":{"start":{"line":990,"column":6},"end":{"line":992,"column":7}},"437":{"start":{"line":991,"column":8},"end":{"line":991,"column":91}},"438":{"start":{"line":991,"column":50},"end":{"line":991,"column":88}},"439":{"start":{"line":993,"column":6},"end":{"line":993,"column":30}},"440":{"start":{"line":996,"column":4},"end":{"line":1004,"column":6}},"441":{"start":{"line":997,"column":19},"end":{"line":997,"column":23}},"442":{"start":{"line":999,"column":27},"end":{"line":999,"column":60}},"443":{"start":{"line":1000,"column":6},"end":{"line":1002,"column":7}},"444":{"start":{"line":1001,"column":8},"end":{"line":1001,"column":100}},"445":{"start":{"line":1001,"column":48},"end":{"line":1001,"column":97}},"446":{"start":{"line":1003,"column":6},"end":{"line":1003,"column":28}},"447":{"start":{"line":1006,"column":4},"end":{"line":1010,"column":6}},"448":{"start":{"line":1007,"column":19},"end":{"line":1007,"column":23}},"449":{"start":{"line":1009,"column":6},"end":{"line":1009,"column":89}},"450":{"start":{"line":1009,"column":52},"end":{"line":1009,"column":76}},"451":{"start":{"line":1012,"column":4},"end":{"line":1014,"column":6}},"452":{"start":{"line":1013,"column":6},"end":{"line":1013,"column":50}},"453":{"start":{"line":1016,"column":4},"end":{"line":1016,"column":27}},"454":{"start":{"line":1018,"column":2},"end":{"line":1018,"column":54}},"455":{"start":{"line":1020,"column":40},"end":{"line":1067,"column":15}},"456":{"start":{"line":1022,"column":17},"end":{"line":1022,"column":19}},"457":{"start":{"line":1023,"column":6},"end":{"line":1023,"column":37}},"458":{"start":{"line":1024,"column":6},"end":{"line":1024,"column":24}},"459":{"start":{"line":1025,"column":6},"end":{"line":1025,"column":28}},"460":{"start":{"line":1028,"column":4},"end":{"line":1028,"column":69}},"461":{"start":{"line":1028,"column":25},"end":{"line":1028,"column":69}},"462":{"start":{"line":1029,"column":4},"end":{"line":1029,"column":92}},"463":{"start":{"line":1030,"column":4},"end":{"line":1030,"column":64}},"464":{"start":{"line":1032,"column":4},"end":{"line":1034,"column":6}},"465":{"start":{"line":1033,"column":6},"end":{"line":1033,"column":40}},"466":{"start":{"line":1036,"column":4},"end":{"line":1045,"column":6}},"467":{"start":{"line":1037,"column":19},"end":{"line":1037,"column":23}},"468":{"start":{"line":1039,"column":14},"end":{"line":1039,"column":15}},"469":{"start":{"line":1040,"column":6},"end":{"line":1040,"column":34}},"470":{"start":{"line":1041,"column":6},"end":{"line":1044,"column":8}},"471":{"start":{"line":1042,"column":23},"end":{"line":1042,"column":79}},"472":{"start":{"line":1047,"column":4},"end":{"line":1064,"column":6}},"473":{"start":{"line":1048,"column":19},"end":{"line":1048,"column":23}},"474":{"start":{"line":1050,"column":21},"end":{"line":1050,"column":67}},"475":{"start":{"line":1051,"column":14},"end":{"line":1051,"column":15}},"476":{"start":{"line":1052,"column":6},"end":{"line":1052,"column":34}},"477":{"start":{"line":1053,"column":6},"end":{"line":1063,"column":9}},"478":{"start":{"line":1054,"column":19},"end":{"line":1054,"column":34}},"479":{"start":{"line":1055,"column":8},"end":{"line":1062,"column":14}},"480":{"start":{"line":1066,"column":4},"end":{"line":1066,"column":29}},"481":{"start":{"line":1069,"column":36},"end":{"line":1102,"column":11}},"482":{"start":{"line":1071,"column":17},"end":{"line":1071,"column":19}},"483":{"start":{"line":1072,"column":6},"end":{"line":1072,"column":33}},"484":{"start":{"line":1073,"column":6},"end":{"line":1073,"column":24}},"485":{"start":{"line":1074,"column":6},"end":{"line":1074,"column":28}},"486":{"start":{"line":1077,"column":4},"end":{"line":1077,"column":57}},"487":{"start":{"line":1077,"column":21},"end":{"line":1077,"column":57}},"488":{"start":{"line":1078,"column":4},"end":{"line":1078,"column":80}},"489":{"start":{"line":1079,"column":4},"end":{"line":1079,"column":56}},"490":{"start":{"line":1081,"column":4},"end":{"line":1083,"column":6}},"491":{"start":{"line":1082,"column":6},"end":{"line":1082,"column":38}},"492":{"start":{"line":1085,"column":4},"end":{"line":1089,"column":6}},"493":{"start":{"line":1086,"column":19},"end":{"line":1086,"column":23}},"494":{"start":{"line":1088,"column":6},"end":{"line":1088,"column":86}},"495":{"start":{"line":1088,"column":49},"end":{"line":1088,"column":73}},"496":{"start":{"line":1091,"column":4},"end":{"line":1099,"column":6}},"497":{"start":{"line":1092,"column":21},"end":{"line":1092,"column":67}},"498":{"start":{"line":1093,"column":6},"end":{"line":1098,"column":9}},"499":{"start":{"line":1094,"column":19},"end":{"line":1094,"column":34}},"500":{"start":{"line":1095,"column":8},"end":{"line":1097,"column":62}},"501":{"start":{"line":1101,"column":4},"end":{"line":1101,"column":25}},"502":{"start":{"line":1104,"column":42},"end":{"line":1164,"column":13}},"503":{"start":{"line":1106,"column":17},"end":{"line":1106,"column":19}},"504":{"start":{"line":1107,"column":6},"end":{"line":1107,"column":35}},"505":{"start":{"line":1108,"column":6},"end":{"line":1108,"column":27}},"506":{"start":{"line":1109,"column":6},"end":{"line":1109,"column":31}},"507":{"start":{"line":1112,"column":4},"end":{"line":1112,"column":67}},"508":{"start":{"line":1112,"column":23},"end":{"line":1112,"column":67}},"509":{"start":{"line":1113,"column":4},"end":{"line":1113,"column":90}},"510":{"start":{"line":1114,"column":4},"end":{"line":1114,"column":68}},"511":{"start":{"line":1116,"column":4},"end":{"line":1118,"column":6}},"512":{"start":{"line":1117,"column":6},"end":{"line":1117,"column":32}},"513":{"start":{"line":1120,"column":4},"end":{"line":1136,"column":6}},"514":{"start":{"line":1121,"column":19},"end":{"line":1121,"column":23}},"515":{"start":{"line":1123,"column":6},"end":{"line":1135,"column":18}},"516":{"start":{"line":1126,"column":8},"end":{"line":1134,"column":9}},"517":{"start":{"line":1127,"column":10},"end":{"line":1127,"column":31}},"518":{"start":{"line":1128,"column":34},"end":{"line":1128,"column":53}},"519":{"start":{"line":1129,"column":10},"end":{"line":1133,"column":12}},"520":{"start":{"line":1138,"column":4},"end":{"line":1161,"column":6}},"521":{"start":{"line":1139,"column":21},"end":{"line":1139,"column":67}},"522":{"start":{"line":1140,"column":6},"end":{"line":1160,"column":9}},"523":{"start":{"line":1141,"column":8},"end":{"line":1159,"column":9}},"524":{"start":{"line":1142,"column":21},"end":{"line":1142,"column":36}},"525":{"start":{"line":1143,"column":10},"end":{"line":1145,"column":11}},"526":{"start":{"line":1144,"column":12},"end":{"line":1144,"column":24}},"527":{"start":{"line":1146,"column":22},"end":{"line":1146,"column":32}},"528":{"start":{"line":1149,"column":10},"end":{"line":1158,"column":11}},"529":{"start":{"line":1150,"column":12},"end":{"line":1150,"column":33}},"530":{"start":{"line":1151,"column":36},"end":{"line":1151,"column":55}},"531":{"start":{"line":1152,"column":12},"end":{"line":1157,"column":14}},"532":{"start":{"line":1163,"column":4},"end":{"line":1163,"column":31}},"533":{"start":{"line":1166,"column":2},"end":{"line":1166,"column":185}},"534":{"start":{"line":1169,"column":23},"end":{"line":1169,"column":47}},"535":{"start":{"line":1170,"column":4},"end":{"line":1170,"column":36}},"536":{"start":{"line":1171,"column":4},"end":{"line":1171,"column":40}},"537":{"start":{"line":1172,"column":4},"end":{"line":1172,"column":59}},"538":{"start":{"line":1172,"column":38},"end":{"line":1172,"column":56}},"539":{"start":{"line":1173,"column":4},"end":{"line":1177,"column":6}},"540":{"start":{"line":1174,"column":29},"end":{"line":1174,"column":59}},"541":{"start":{"line":1175,"column":6},"end":{"line":1175,"column":75}},"542":{"start":{"line":1175,"column":44},"end":{"line":1175,"column":72}},"543":{"start":{"line":1176,"column":6},"end":{"line":1176,"column":30}},"544":{"start":{"line":1178,"column":4},"end":{"line":1178,"column":75}},"545":{"start":{"line":1178,"column":40},"end":{"line":1178,"column":72}},"546":{"start":{"line":1179,"column":4},"end":{"line":1179,"column":75}},"547":{"start":{"line":1179,"column":45},"end":{"line":1179,"column":72}},"548":{"start":{"line":1180,"column":4},"end":{"line":1180,"column":50}},"549":{"start":{"line":1181,"column":4},"end":{"line":1185,"column":6}},"550":{"start":{"line":1182,"column":19},"end":{"line":1182,"column":23}},"551":{"start":{"line":1184,"column":6},"end":{"line":1184,"column":99}},"552":{"start":{"line":1184,"column":52},"end":{"line":1184,"column":86}},"553":{"start":{"line":1186,"column":4},"end":{"line":1203,"column":6}},"554":{"start":{"line":1187,"column":6},"end":{"line":1198,"column":7}},"555":{"start":{"line":1188,"column":23},"end":{"line":1188,"column":59}},"556":{"start":{"line":1189,"column":8},"end":{"line":1197,"column":11}},"557":{"start":{"line":1190,"column":21},"end":{"line":1190,"column":36}},"558":{"start":{"line":1191,"column":10},"end":{"line":1195,"column":11}},"559":{"start":{"line":1192,"column":20},"end":{"line":1192,"column":33}},"560":{"start":{"line":1193,"column":12},"end":{"line":1193,"column":42}},"561":{"start":{"line":1194,"column":12},"end":{"line":1194,"column":30}},"562":{"start":{"line":1196,"column":10},"end":{"line":1196,"column":22}},"563":{"start":{"line":1199,"column":6},"end":{"line":1202,"column":8}},"564":{"start":{"line":1204,"column":4},"end":{"line":1204,"column":24}},"565":{"start":{"line":1208,"column":25},"end":{"line":1208,"column":49}},"566":{"start":{"line":1209,"column":4},"end":{"line":1209,"column":42}},"567":{"start":{"line":1210,"column":4},"end":{"line":1210,"column":72}},"568":{"start":{"line":1210,"column":42},"end":{"line":1210,"column":69}},"569":{"start":{"line":1211,"column":4},"end":{"line":1216,"column":6}},"570":{"start":{"line":1212,"column":14},"end":{"line":1212,"column":42}},"571":{"start":{"line":1213,"column":6},"end":{"line":1215,"column":51}},"572":{"start":{"line":1217,"column":4},"end":{"line":1224,"column":6}},"573":{"start":{"line":1218,"column":19},"end":{"line":1218,"column":23}},"574":{"start":{"line":1220,"column":6},"end":{"line":1223,"column":8}},"575":{"start":{"line":1221,"column":29},"end":{"line":1221,"column":91}},"576":{"start":{"line":1225,"column":4},"end":{"line":1241,"column":6}},"577":{"start":{"line":1226,"column":21},"end":{"line":1226,"column":68}},"578":{"start":{"line":1227,"column":6},"end":{"line":1240,"column":9}},"579":{"start":{"line":1228,"column":19},"end":{"line":1228,"column":34}},"580":{"start":{"line":1229,"column":8},"end":{"line":1231,"column":9}},"581":{"start":{"line":1230,"column":10},"end":{"line":1230,"column":22}},"582":{"start":{"line":1232,"column":20},"end":{"line":1232,"column":30}},"583":{"start":{"line":1233,"column":18},"end":{"line":1233,"column":26}},"584":{"start":{"line":1234,"column":8},"end":{"line":1239,"column":10}},"585":{"start":{"line":1242,"column":4},"end":{"line":1242,"column":26}},"586":{"start":{"line":1246,"column":17},"end":{"line":1246,"column":21}},"587":{"start":{"line":1248,"column":27},"end":{"line":1248,"column":51}},"588":{"start":{"line":1249,"column":4},"end":{"line":1249,"column":40}},"589":{"start":{"line":1250,"column":4},"end":{"line":1250,"column":44}},"590":{"start":{"line":1251,"column":4},"end":{"line":1251,"column":66}},"591":{"start":{"line":1251,"column":45},"end":{"line":1251,"column":63}},"592":{"start":{"line":1252,"column":4},"end":{"line":1258,"column":5}},"593":{"start":{"line":1253,"column":6},"end":{"line":1257,"column":8}},"594":{"start":{"line":1254,"column":27},"end":{"line":1254,"column":50}},"595":{"start":{"line":1255,"column":8},"end":{"line":1255,"column":73}},"596":{"start":{"line":1255,"column":45},"end":{"line":1255,"column":70}},"597":{"start":{"line":1256,"column":8},"end":{"line":1256,"column":28}},"598":{"start":{"line":1259,"column":4},"end":{"line":1259,"column":121}},"599":{"start":{"line":1259,"column":57},"end":{"line":1259,"column":118}},"600":{"start":{"line":1260,"column":4},"end":{"line":1260,"column":95}},"601":{"start":{"line":1260,"column":44},"end":{"line":1260,"column":92}},"602":{"start":{"line":1261,"column":4},"end":{"line":1261,"column":88}},"603":{"start":{"line":1261,"column":51},"end":{"line":1261,"column":85}},"604":{"start":{"line":1262,"column":4},"end":{"line":1262,"column":54}},"605":{"start":{"line":1263,"column":4},"end":{"line":1272,"column":6}},"606":{"start":{"line":1264,"column":19},"end":{"line":1264,"column":23}},"607":{"start":{"line":1266,"column":14},"end":{"line":1266,"column":15}},"608":{"start":{"line":1267,"column":6},"end":{"line":1267,"column":40}},"609":{"start":{"line":1268,"column":6},"end":{"line":1271,"column":8}},"610":{"start":{"line":1269,"column":26},"end":{"line":1269,"column":96}},"611":{"start":{"line":1273,"column":4},"end":{"line":1290,"column":6}},"612":{"start":{"line":1274,"column":14},"end":{"line":1274,"column":15}},"613":{"start":{"line":1275,"column":6},"end":{"line":1275,"column":40}},"614":{"start":{"line":1276,"column":21},"end":{"line":1276,"column":69}},"615":{"start":{"line":1277,"column":6},"end":{"line":1289,"column":9}},"616":{"start":{"line":1278,"column":19},"end":{"line":1278,"column":34}},"617":{"start":{"line":1279,"column":8},"end":{"line":1281,"column":9}},"618":{"start":{"line":1280,"column":10},"end":{"line":1280,"column":22}},"619":{"start":{"line":1282,"column":20},"end":{"line":1282,"column":30}},"620":{"start":{"line":1283,"column":8},"end":{"line":1288,"column":10}},"621":{"start":{"line":1291,"column":4},"end":{"line":1291,"column":28}},"622":{"start":{"line":1295,"column":25},"end":{"line":1295,"column":49}},"623":{"start":{"line":1296,"column":4},"end":{"line":1307,"column":5}},"624":{"start":{"line":1297,"column":6},"end":{"line":1300,"column":8}},"625":{"start":{"line":1298,"column":16},"end":{"line":1298,"column":44}},"626":{"start":{"line":1299,"column":8},"end":{"line":1299,"column":78}},"627":{"start":{"line":1301,"column":6},"end":{"line":1306,"column":8}},"628":{"start":{"line":1302,"column":16},"end":{"line":1302,"column":44}},"629":{"start":{"line":1303,"column":8},"end":{"line":1305,"column":24}},"630":{"start":{"line":1308,"column":4},"end":{"line":1319,"column":6}},"631":{"start":{"line":1309,"column":19},"end":{"line":1309,"column":23}},"632":{"start":{"line":1311,"column":23},"end":{"line":1311,"column":24}},"633":{"start":{"line":1312,"column":6},"end":{"line":1317,"column":18}},"634":{"start":{"line":1313,"column":8},"end":{"line":1316,"column":9}},"635":{"start":{"line":1314,"column":10},"end":{"line":1314,"column":23}},"636":{"start":{"line":1315,"column":10},"end":{"line":1315,"column":61}},"637":{"start":{"line":1318,"column":6},"end":{"line":1318,"column":24}},"638":{"start":{"line":1320,"column":4},"end":{"line":1337,"column":6}},"639":{"start":{"line":1321,"column":21},"end":{"line":1321,"column":68}},"640":{"start":{"line":1322,"column":23},"end":{"line":1322,"column":24}},"641":{"start":{"line":1323,"column":6},"end":{"line":1336,"column":9}},"642":{"start":{"line":1324,"column":8},"end":{"line":1335,"column":9}},"643":{"start":{"line":1325,"column":21},"end":{"line":1325,"column":36}},"644":{"start":{"line":1326,"column":10},"end":{"line":1328,"column":11}},"645":{"start":{"line":1327,"column":12},"end":{"line":1327,"column":24}},"646":{"start":{"line":1329,"column":22},"end":{"line":1329,"column":32}},"647":{"start":{"line":1330,"column":20},"end":{"line":1330,"column":28}},"648":{"start":{"line":1331,"column":22},"end":{"line":1331,"column":30}},"649":{"start":{"line":1332,"column":10},"end":{"line":1334,"column":11}},"650":{"start":{"line":1333,"column":12},"end":{"line":1333,"column":82}},"651":{"start":{"line":1338,"column":4},"end":{"line":1338,"column":26}},"652":{"start":{"line":1342,"column":17},"end":{"line":1342,"column":34}},"653":{"start":{"line":1343,"column":4},"end":{"line":1345,"column":7}},"654":{"start":{"line":1344,"column":6},"end":{"line":1344,"column":96}},"655":{"start":{"line":1344,"column":79},"end":{"line":1344,"column":92}},"656":{"start":{"line":1346,"column":4},"end":{"line":1346,"column":32}},"657":{"start":{"line":1350,"column":22},"end":{"line":1350,"column":41}},"658":{"start":{"line":1351,"column":17},"end":{"line":1351,"column":75}},"659":{"start":{"line":1352,"column":4},"end":{"line":1357,"column":7}},"660":{"start":{"line":1353,"column":6},"end":{"line":1356,"column":8}},"661":{"start":{"line":1355,"column":23},"end":{"line":1355,"column":83}},"662":{"start":{"line":1358,"column":17},"end":{"line":1358,"column":44}},"663":{"start":{"line":1359,"column":4},"end":{"line":1359,"column":95}},"664":{"start":{"line":1359,"column":39},"end":{"line":1359,"column":77}},"665":{"start":{"line":1363,"column":23},"end":{"line":1363,"column":38}},"666":{"start":{"line":1365,"column":4},"end":{"line":1367,"column":5}},"667":{"start":{"line":1366,"column":6},"end":{"line":1366,"column":24}},"668":{"start":{"line":1369,"column":24},"end":{"line":1369,"column":57}},"669":{"start":{"line":1370,"column":22},"end":{"line":1370,"column":51}},"670":{"start":{"line":1375,"column":4},"end":{"line":1377,"column":5}},"671":{"start":{"line":1376,"column":6},"end":{"line":1376,"column":81}},"672":{"start":{"line":1383,"column":23},"end":{"line":1383,"column":50}},"673":{"start":{"line":1385,"column":4},"end":{"line":1387,"column":5}},"674":{"start":{"line":1386,"column":6},"end":{"line":1386,"column":54}},"675":{"start":{"line":1389,"column":19},"end":{"line":1389,"column":43}},"676":{"start":{"line":1393,"column":4},"end":{"line":1394,"column":80}},"677":{"start":{"line":1396,"column":4},"end":{"line":1403,"column":5}},"678":{"start":{"line":1397,"column":6},"end":{"line":1402,"column":8}},"679":{"start":{"line":1398,"column":8},"end":{"line":1398,"column":39}},"680":{"start":{"line":1399,"column":8},"end":{"line":1401,"column":24}},"681":{"start":{"line":1405,"column":4},"end":{"line":1427,"column":6}},"682":{"start":{"line":1406,"column":19},"end":{"line":1406,"column":23}},"683":{"start":{"line":1408,"column":6},"end":{"line":1410,"column":7}},"684":{"start":{"line":1409,"column":8},"end":{"line":1409,"column":17}},"685":{"start":{"line":1411,"column":6},"end":{"line":1413,"column":7}},"686":{"start":{"line":1412,"column":8},"end":{"line":1412,"column":57}},"687":{"start":{"line":1414,"column":20},"end":{"line":1414,"column":21}},"688":{"start":{"line":1415,"column":23},"end":{"line":1415,"column":27}},"689":{"start":{"line":1416,"column":23},"end":{"line":1416,"column":24}},"690":{"start":{"line":1417,"column":6},"end":{"line":1425,"column":9}},"691":{"start":{"line":1418,"column":8},"end":{"line":1424,"column":9}},"692":{"start":{"line":1419,"column":10},"end":{"line":1419,"column":23}},"693":{"start":{"line":1420,"column":10},"end":{"line":1423,"column":12}},"694":{"start":{"line":1426,"column":6},"end":{"line":1426,"column":24}},"695":{"start":{"line":1429,"column":4},"end":{"line":1456,"column":6}},"696":{"start":{"line":1430,"column":6},"end":{"line":1432,"column":7}},"697":{"start":{"line":1431,"column":8},"end":{"line":1431,"column":60}},"698":{"start":{"line":1434,"column":6},"end":{"line":1436,"column":7}},"699":{"start":{"line":1435,"column":8},"end":{"line":1435,"column":42}},"700":{"start":{"line":1437,"column":21},"end":{"line":1437,"column":57}},"701":{"start":{"line":1438,"column":20},"end":{"line":1438,"column":21}},"702":{"start":{"line":1439,"column":23},"end":{"line":1439,"column":24}},"703":{"start":{"line":1440,"column":6},"end":{"line":1455,"column":9}},"704":{"start":{"line":1441,"column":8},"end":{"line":1443,"column":9}},"705":{"start":{"line":1442,"column":10},"end":{"line":1442,"column":26}},"706":{"start":{"line":1444,"column":8},"end":{"line":1446,"column":9}},"707":{"start":{"line":1445,"column":10},"end":{"line":1445,"column":32}},"708":{"start":{"line":1447,"column":19},"end":{"line":1447,"column":34}},"709":{"start":{"line":1448,"column":8},"end":{"line":1450,"column":9}},"710":{"start":{"line":1449,"column":10},"end":{"line":1449,"column":22}},"711":{"start":{"line":1451,"column":8},"end":{"line":1453,"column":9}},"712":{"start":{"line":1452,"column":10},"end":{"line":1452,"column":70}},"713":{"start":{"line":1454,"column":8},"end":{"line":1454,"column":72}},"714":{"start":{"line":1458,"column":4},"end":{"line":1458,"column":20}},"715":{"start":{"line":1462,"column":23},"end":{"line":1462,"column":47}},"716":{"start":{"line":1463,"column":4},"end":{"line":1474,"column":6}},"717":{"start":{"line":1464,"column":19},"end":{"line":1464,"column":23}},"718":{"start":{"line":1466,"column":6},"end":{"line":1468,"column":7}},"719":{"start":{"line":1467,"column":8},"end":{"line":1467,"column":57}},"720":{"start":{"line":1469,"column":23},"end":{"line":1469,"column":24}},"721":{"start":{"line":1470,"column":6},"end":{"line":1472,"column":8}},"722":{"start":{"line":1471,"column":29},"end":{"line":1471,"column":105}},"723":{"start":{"line":1473,"column":6},"end":{"line":1473,"column":24}},"724":{"start":{"line":1475,"column":4},"end":{"line":1500,"column":6}},"725":{"start":{"line":1476,"column":19},"end":{"line":1476,"column":23}},"726":{"start":{"line":1478,"column":6},"end":{"line":1480,"column":7}},"727":{"start":{"line":1479,"column":8},"end":{"line":1479,"column":60}},"728":{"start":{"line":1481,"column":21},"end":{"line":1481,"column":68}},"729":{"start":{"line":1482,"column":22},"end":{"line":1482,"column":26}},"730":{"start":{"line":1483,"column":6},"end":{"line":1499,"column":9}},"731":{"start":{"line":1484,"column":8},"end":{"line":1486,"column":9}},"732":{"start":{"line":1485,"column":10},"end":{"line":1485,"column":32}},"733":{"start":{"line":1487,"column":19},"end":{"line":1487,"column":34}},"734":{"start":{"line":1488,"column":8},"end":{"line":1490,"column":9}},"735":{"start":{"line":1489,"column":10},"end":{"line":1489,"column":22}},"736":{"start":{"line":1491,"column":20},"end":{"line":1491,"column":30}},"737":{"start":{"line":1492,"column":16},"end":{"line":1492,"column":24}},"738":{"start":{"line":1493,"column":16},"end":{"line":1493,"column":24}},"739":{"start":{"line":1494,"column":8},"end":{"line":1497,"column":9}},"740":{"start":{"line":1495,"column":10},"end":{"line":1495,"column":28}},"741":{"start":{"line":1496,"column":10},"end":{"line":1496,"column":32}},"742":{"start":{"line":1498,"column":8},"end":{"line":1498,"column":81}},"743":{"start":{"line":1501,"column":4},"end":{"line":1501,"column":24}},"744":{"start":{"line":1505,"column":23},"end":{"line":1505,"column":47}},"745":{"start":{"line":1506,"column":4},"end":{"line":1521,"column":6}},"746":{"start":{"line":1507,"column":19},"end":{"line":1507,"column":23}},"747":{"start":{"line":1509,"column":6},"end":{"line":1511,"column":7}},"748":{"start":{"line":1510,"column":8},"end":{"line":1510,"column":57}},"749":{"start":{"line":1512,"column":23},"end":{"line":1512,"column":27}},"750":{"start":{"line":1513,"column":23},"end":{"line":1513,"column":24}},"751":{"start":{"line":1514,"column":6},"end":{"line":1519,"column":9}},"752":{"start":{"line":1515,"column":8},"end":{"line":1518,"column":9}},"753":{"start":{"line":1516,"column":10},"end":{"line":1516,"column":23}},"754":{"start":{"line":1517,"column":10},"end":{"line":1517,"column":61}},"755":{"start":{"line":1520,"column":6},"end":{"line":1520,"column":24}},"756":{"start":{"line":1522,"column":4},"end":{"line":1553,"column":6}},"757":{"start":{"line":1523,"column":19},"end":{"line":1523,"column":23}},"758":{"start":{"line":1525,"column":6},"end":{"line":1527,"column":7}},"759":{"start":{"line":1526,"column":8},"end":{"line":1526,"column":60}},"760":{"start":{"line":1528,"column":21},"end":{"line":1528,"column":68}},"761":{"start":{"line":1529,"column":21},"end":{"line":1529,"column":25}},"762":{"start":{"line":1530,"column":23},"end":{"line":1530,"column":24}},"763":{"start":{"line":1531,"column":6},"end":{"line":1552,"column":9}},"764":{"start":{"line":1535,"column":8},"end":{"line":1550,"column":27}},"765":{"start":{"line":1536,"column":10},"end":{"line":1536,"column":33}},"766":{"start":{"line":1537,"column":10},"end":{"line":1545,"column":11}},"767":{"start":{"line":1538,"column":12},"end":{"line":1540,"column":13}},"768":{"start":{"line":1539,"column":14},"end":{"line":1539,"column":26}},"769":{"start":{"line":1541,"column":12},"end":{"line":1543,"column":13}},"770":{"start":{"line":1542,"column":14},"end":{"line":1542,"column":72}},"771":{"start":{"line":1544,"column":12},"end":{"line":1544,"column":74}},"772":{"start":{"line":1546,"column":22},"end":{"line":1546,"column":32}},"773":{"start":{"line":1547,"column":10},"end":{"line":1547,"column":23}},"774":{"start":{"line":1548,"column":10},"end":{"line":1548,"column":23}},"775":{"start":{"line":1549,"column":10},"end":{"line":1549,"column":73}},"776":{"start":{"line":1551,"column":8},"end":{"line":1551,"column":81}},"777":{"start":{"line":1554,"column":4},"end":{"line":1554,"column":24}},"778":{"start":{"line":1558,"column":28},"end":{"line":1558,"column":47}},"779":{"start":{"line":1559,"column":16},"end":{"line":1571,"column":52}},"780":{"start":{"line":1562,"column":8},"end":{"line":1568,"column":9}},"781":{"start":{"line":1563,"column":10},"end":{"line":1565,"column":62}},"782":{"start":{"line":1566,"column":15},"end":{"line":1568,"column":9}},"783":{"start":{"line":1567,"column":10},"end":{"line":1567,"column":33}},"784":{"start":{"line":1569,"column":8},"end":{"line":1569,"column":17}},"785":{"start":{"line":1571,"column":29},"end":{"line":1571,"column":49}},"786":{"start":{"line":1573,"column":4},"end":{"line":1575,"column":5}},"787":{"start":{"line":1574,"column":6},"end":{"line":1574,"column":24}},"788":{"start":{"line":1577,"column":4},"end":{"line":1586,"column":5}},"789":{"start":{"line":1578,"column":22},"end":{"line":1578,"column":30}},"790":{"start":{"line":1579,"column":6},"end":{"line":1585,"column":7}},"791":{"start":{"line":1584,"column":8},"end":{"line":1584,"column":25}},"792":{"start":{"line":1588,"column":20},"end":{"line":1588,"column":39}},"793":{"start":{"line":1589,"column":4},"end":{"line":1593,"column":5}},"794":{"start":{"line":1590,"column":6},"end":{"line":1590,"column":41}},"795":{"start":{"line":1591,"column":11},"end":{"line":1593,"column":5}},"796":{"start":{"line":1592,"column":6},"end":{"line":1592,"column":39}},"797":{"start":{"line":1594,"column":4},"end":{"line":1594,"column":40}},"798":{"start":{"line":1595,"column":4},"end":{"line":1602,"column":10}},"799":{"start":{"line":1596,"column":6},"end":{"line":1601,"column":7}},"800":{"start":{"line":1597,"column":19},"end":{"line":1597,"column":27}},"801":{"start":{"line":1598,"column":8},"end":{"line":1600,"column":9}},"802":{"start":{"line":1599,"column":10},"end":{"line":1599,"column":28}},"803":{"start":{"line":1603,"column":4},"end":{"line":1603,"column":21}},"804":{"start":{"line":1607,"column":23},"end":{"line":1607,"column":47}},"805":{"start":{"line":1608,"column":4},"end":{"line":1629,"column":6}},"806":{"start":{"line":1609,"column":6},"end":{"line":1611,"column":7}},"807":{"start":{"line":1610,"column":8},"end":{"line":1610,"column":57}},"808":{"start":{"line":1612,"column":23},"end":{"line":1612,"column":24}},"809":{"start":{"line":1613,"column":20},"end":{"line":1613,"column":25}},"810":{"start":{"line":1615,"column":8},"end":{"line":1625,"column":20}},"811":{"start":{"line":1616,"column":10},"end":{"line":1623,"column":11}},"812":{"start":{"line":1617,"column":12},"end":{"line":1617,"column":42}},"813":{"start":{"line":1619,"column":12},"end":{"line":1619,"column":25}},"814":{"start":{"line":1620,"column":12},"end":{"line":1622,"column":13}},"815":{"start":{"line":1621,"column":14},"end":{"line":1621,"column":29}},"816":{"start":{"line":1624,"column":10},"end":{"line":1624,"column":26}},"817":{"start":{"line":1627,"column":6},"end":{"line":1627,"column":30}},"818":{"start":{"line":1628,"column":6},"end":{"line":1628,"column":24}},"819":{"start":{"line":1630,"column":4},"end":{"line":1657,"column":6}},"820":{"start":{"line":1631,"column":6},"end":{"line":1633,"column":7}},"821":{"start":{"line":1632,"column":8},"end":{"line":1632,"column":60}},"822":{"start":{"line":1634,"column":21},"end":{"line":1634,"column":57}},"823":{"start":{"line":1635,"column":18},"end":{"line":1635,"column":20}},"824":{"start":{"line":1636,"column":23},"end":{"line":1636,"column":24}},"825":{"start":{"line":1637,"column":6},"end":{"line":1656,"column":9}},"826":{"start":{"line":1638,"column":8},"end":{"line":1654,"column":9}},"827":{"start":{"line":1639,"column":21},"end":{"line":1639,"column":36}},"828":{"start":{"line":1640,"column":10},"end":{"line":1643,"column":11}},"829":{"start":{"line":1641,"column":12},"end":{"line":1641,"column":35}},"830":{"start":{"line":1642,"column":12},"end":{"line":1642,"column":21}},"831":{"start":{"line":1644,"column":18},"end":{"line":1644,"column":28}},"832":{"start":{"line":1645,"column":10},"end":{"line":1647,"column":11}},"833":{"start":{"line":1646,"column":12},"end":{"line":1646,"column":21}},"834":{"start":{"line":1648,"column":10},"end":{"line":1653,"column":11}},"835":{"start":{"line":1649,"column":12},"end":{"line":1649,"column":33}},"836":{"start":{"line":1650,"column":12},"end":{"line":1650,"column":51}},"837":{"start":{"line":1652,"column":12},"end":{"line":1652,"column":79}},"838":{"start":{"line":1655,"column":8},"end":{"line":1655,"column":30}},"839":{"start":{"line":1658,"column":4},"end":{"line":1658,"column":24}},"840":{"start":{"line":1662,"column":17},"end":{"line":1662,"column":44}},"841":{"start":{"line":1663,"column":4},"end":{"line":1666,"column":21}},"842":{"start":{"line":1665,"column":29},"end":{"line":1665,"column":83}},"843":{"start":{"line":1670,"column":29},"end":{"line":1670,"column":53}},"844":{"start":{"line":1671,"column":4},"end":{"line":1671,"column":73}},"845":{"start":{"line":1672,"column":4},"end":{"line":1682,"column":6}},"846":{"start":{"line":1673,"column":19},"end":{"line":1673,"column":23}},"847":{"start":{"line":1675,"column":23},"end":{"line":1675,"column":24}},"848":{"start":{"line":1676,"column":6},"end":{"line":1680,"column":8}},"849":{"start":{"line":1677,"column":23},"end":{"line":1678,"column":48}},"850":{"start":{"line":1681,"column":6},"end":{"line":1681,"column":24}},"851":{"start":{"line":1683,"column":4},"end":{"line":1698,"column":6}},"852":{"start":{"line":1684,"column":21},"end":{"line":1684,"column":67}},"853":{"start":{"line":1685,"column":23},"end":{"line":1685,"column":24}},"854":{"start":{"line":1687,"column":6},"end":{"line":1697,"column":9}},"855":{"start":{"line":1688,"column":8},"end":{"line":1693,"column":9}},"856":{"start":{"line":1689,"column":10},"end":{"line":1689,"column":33}},"857":{"start":{"line":1690,"column":10},"end":{"line":1692,"column":11}},"858":{"start":{"line":1691,"column":12},"end":{"line":1691,"column":24}},"859":{"start":{"line":1694,"column":8},"end":{"line":1696,"column":64}},"860":{"start":{"line":1699,"column":4},"end":{"line":1699,"column":30}},"861":{"start":{"line":1703,"column":4},"end":{"line":1705,"column":5}},"862":{"start":{"line":1704,"column":6},"end":{"line":1704,"column":37}},"863":{"start":{"line":1706,"column":28},"end":{"line":1706,"column":47}},"864":{"start":{"line":1707,"column":16},"end":{"line":1707,"column":17}},"865":{"start":{"line":1708,"column":18},"end":{"line":1712,"column":16}},"866":{"start":{"line":1710,"column":29},"end":{"line":1710,"column":91}},"867":{"start":{"line":1713,"column":4},"end":{"line":1721,"column":6}},"868":{"start":{"line":1713,"column":35},"end":{"line":1713,"column":80}},"869":{"start":{"line":1716,"column":12},"end":{"line":1716,"column":34}},"870":{"start":{"line":1719,"column":12},"end":{"line":1719,"column":30}},"871":{"start":{"line":1722,"column":4},"end":{"line":1726,"column":26}},"872":{"start":{"line":1730,"column":4},"end":{"line":1732,"column":5}},"873":{"start":{"line":1731,"column":6},"end":{"line":1731,"column":37}},"874":{"start":{"line":1733,"column":4},"end":{"line":1739,"column":5}},"875":{"start":{"line":1734,"column":18},"end":{"line":1737,"column":89}},"876":{"start":{"line":1736,"column":31},"end":{"line":1736,"column":68}},"877":{"start":{"line":1737,"column":34},"end":{"line":1737,"column":86}},"878":{"start":{"line":1738,"column":6},"end":{"line":1738,"column":31}},"879":{"start":{"line":1740,"column":4},"end":{"line":1740,"column":97}},"880":{"start":{"line":1740,"column":47},"end":{"line":1740,"column":93}},"881":{"start":{"line":1744,"column":15},"end":{"line":1744,"column":31}},"882":{"start":{"line":1747,"column":4},"end":{"line":1750,"column":6}},"883":{"start":{"line":1754,"column":22},"end":{"line":1754,"column":43}},"884":{"start":{"line":1755,"column":16},"end":{"line":1755,"column":72}},"885":{"start":{"line":1755,"column":55},"end":{"line":1755,"column":69}},"886":{"start":{"line":1756,"column":4},"end":{"line":1756,"column":58}},"887":{"start":{"line":1759,"column":4},"end":{"line":1782,"column":6}},"888":{"start":{"line":1773,"column":21},"end":{"line":1773,"column":61}},"889":{"start":{"line":1775,"column":23},"end":{"line":1775,"column":24}},"890":{"start":{"line":1776,"column":6},"end":{"line":1780,"column":7}},"891":{"start":{"line":1777,"column":8},"end":{"line":1779,"column":9}},"892":{"start":{"line":1778,"column":10},"end":{"line":1778,"column":16}},"893":{"start":{"line":1781,"column":6},"end":{"line":1781,"column":24}},"894":{"start":{"line":1783,"column":4},"end":{"line":1804,"column":6}},"895":{"start":{"line":1784,"column":22},"end":{"line":1786,"column":7}},"896":{"start":{"line":1785,"column":23},"end":{"line":1785,"column":92}},"897":{"start":{"line":1787,"column":23},"end":{"line":1787,"column":24}},"898":{"start":{"line":1788,"column":19},"end":{"line":1788,"column":24}},"899":{"start":{"line":1789,"column":6},"end":{"line":1803,"column":9}},"900":{"start":{"line":1791,"column":8},"end":{"line":1794,"column":9}},"901":{"start":{"line":1792,"column":10},"end":{"line":1792,"column":67}},"902":{"start":{"line":1792,"column":47},"end":{"line":1792,"column":63}},"903":{"start":{"line":1793,"column":10},"end":{"line":1793,"column":119}},"904":{"start":{"line":1793,"column":55},"end":{"line":1793,"column":69}},"905":{"start":{"line":1793,"column":101},"end":{"line":1793,"column":115}},"906":{"start":{"line":1795,"column":8},"end":{"line":1797,"column":9}},"907":{"start":{"line":1796,"column":10},"end":{"line":1796,"column":32}},"908":{"start":{"line":1798,"column":8},"end":{"line":1802,"column":10}},"909":{"start":{"line":1801,"column":54},"end":{"line":1801,"column":69}},"910":{"start":{"line":1805,"column":4},"end":{"line":1805,"column":23}},"911":{"start":{"line":1811,"column":4},"end":{"line":1811,"column":75}},"912":{"start":{"line":1815,"column":4},"end":{"line":1817,"column":5}},"913":{"start":{"line":1816,"column":6},"end":{"line":1816,"column":61}},"914":{"start":{"line":1821,"column":4},"end":{"line":1825,"column":24}},"915":{"start":{"line":1829,"column":4},"end":{"line":1836,"column":6}},"916":{"start":{"line":1840,"column":4},"end":{"line":1844,"column":5}},"917":{"start":{"line":1841,"column":6},"end":{"line":1841,"column":31}},"918":{"start":{"line":1842,"column":6},"end":{"line":1842,"column":34}},"919":{"start":{"line":1843,"column":6},"end":{"line":1843,"column":18}},"920":{"start":{"line":1845,"column":4},"end":{"line":1845,"column":48}},"921":{"start":{"line":1849,"column":4},"end":{"line":1851,"column":5}},"922":{"start":{"line":1850,"column":6},"end":{"line":1850,"column":15}},"923":{"start":{"line":1853,"column":4},"end":{"line":1855,"column":5}},"924":{"start":{"line":1854,"column":6},"end":{"line":1854,"column":15}},"925":{"start":{"line":1857,"column":4},"end":{"line":1859,"column":5}},"926":{"start":{"line":1858,"column":6},"end":{"line":1858,"column":16}},"927":{"start":{"line":1861,"column":4},"end":{"line":1861,"column":38}},"928":{"start":{"line":1866,"column":4},"end":{"line":1866,"column":25}},"929":{"start":{"line":1867,"column":14},"end":{"line":1867,"column":46}},"930":{"start":{"line":1868,"column":17},"end":{"line":1868,"column":31}},"931":{"start":{"line":1869,"column":4},"end":{"line":1871,"column":5}},"932":{"start":{"line":1870,"column":6},"end":{"line":1870,"column":36}},"933":{"start":{"line":1872,"column":4},"end":{"line":1872,"column":18}},"934":{"start":{"line":1876,"column":4},"end":{"line":1876,"column":47}},"935":{"start":{"line":1876,"column":22},"end":{"line":1876,"column":45}},"936":{"start":{"line":1880,"column":4},"end":{"line":1883,"column":6}},"937":{"start":{"line":1887,"column":4},"end":{"line":1889,"column":5}},"938":{"start":{"line":1888,"column":6},"end":{"line":1888,"column":21}},"939":{"start":{"line":1890,"column":4},"end":{"line":1892,"column":5}},"940":{"start":{"line":1891,"column":6},"end":{"line":1891,"column":31}},"941":{"start":{"line":1893,"column":4},"end":{"line":1895,"column":6}},"942":{"start":{"line":1899,"column":4},"end":{"line":1903,"column":6}},"943":{"start":{"line":1911,"column":4},"end":{"line":1914,"column":6}},"944":{"start":{"line":1921,"column":4},"end":{"line":1925,"column":5}},"945":{"start":{"line":1922,"column":6},"end":{"line":1922,"column":79}},"946":{"start":{"line":1924,"column":6},"end":{"line":1924,"column":35}},"947":{"start":{"line":1929,"column":4},"end":{"line":1931,"column":76}},"948":{"start":{"line":1935,"column":4},"end":{"line":1941,"column":28}},"949":{"start":{"line":1945,"column":4},"end":{"line":1947,"column":5}},"950":{"start":{"line":1946,"column":6},"end":{"line":1946,"column":27}},"951":{"start":{"line":1948,"column":13},"end":{"line":1948,"column":15}},"952":{"start":{"line":1949,"column":4},"end":{"line":1953,"column":5}},"953":{"start":{"line":1950,"column":6},"end":{"line":1952,"column":7}},"954":{"start":{"line":1951,"column":8},"end":{"line":1951,"column":28}},"955":{"start":{"line":1954,"column":4},"end":{"line":1954,"column":14}},"956":{"start":{"line":1958,"column":4},"end":{"line":1962,"column":5}},"957":{"start":{"line":1959,"column":6},"end":{"line":1961,"column":8}},"958":{"start":{"line":1963,"column":4},"end":{"line":1970,"column":5}},"959":{"start":{"line":1964,"column":6},"end":{"line":1968,"column":7}},"960":{"start":{"line":1965,"column":8},"end":{"line":1967,"column":10}},"961":{"start":{"line":1969,"column":6},"end":{"line":1969,"column":36}},"962":{"start":{"line":1971,"column":4},"end":{"line":1973,"column":5}},"963":{"start":{"line":1972,"column":6},"end":{"line":1972,"column":24}},"964":{"start":{"line":1974,"column":25},"end":{"line":1974,"column":48}},"965":{"start":{"line":1975,"column":4},"end":{"line":1979,"column":5}},"966":{"start":{"line":1976,"column":6},"end":{"line":1976,"column":36}},"967":{"start":{"line":1978,"column":6},"end":{"line":1978,"column":33}},"968":{"start":{"line":1980,"column":4},"end":{"line":1980,"column":26}},"969":{"start":{"line":1984,"column":4},"end":{"line":1988,"column":5}},"970":{"start":{"line":1985,"column":6},"end":{"line":1987,"column":8}},"971":{"start":{"line":1989,"column":4},"end":{"line":1996,"column":5}},"972":{"start":{"line":1990,"column":6},"end":{"line":1994,"column":7}},"973":{"start":{"line":1991,"column":8},"end":{"line":1993,"column":10}},"974":{"start":{"line":1995,"column":6},"end":{"line":1995,"column":40}},"975":{"start":{"line":1997,"column":4},"end":{"line":1999,"column":5}},"976":{"start":{"line":1998,"column":6},"end":{"line":1998,"column":24}},"977":{"start":{"line":2000,"column":25},"end":{"line":2000,"column":48}},"978":{"start":{"line":2001,"column":4},"end":{"line":2001,"column":32}},"979":{"start":{"line":2002,"column":4},"end":{"line":2002,"column":26}},"980":{"start":{"line":2006,"column":4},"end":{"line":2009,"column":5}},"981":{"start":{"line":2007,"column":6},"end":{"line":2007,"column":28}},"982":{"start":{"line":2008,"column":6},"end":{"line":2008,"column":30}},"983":{"start":{"line":2010,"column":23},"end":{"line":2017,"column":5}},"984":{"start":{"line":2018,"column":4},"end":{"line":2018,"column":65}},"985":{"start":{"line":2029,"column":20},"end":{"line":2029,"column":40}},"986":{"start":{"line":2030,"column":4},"end":{"line":2034,"column":5}},"987":{"start":{"line":2031,"column":26},"end":{"line":2031,"column":60}},"988":{"start":{"line":2032,"column":21},"end":{"line":2032,"column":43}},"989":{"start":{"line":2033,"column":6},"end":{"line":2033,"column":62}},"990":{"start":{"line":2035,"column":4},"end":{"line":2042,"column":5}},"991":{"start":{"line":2036,"column":6},"end":{"line":2041,"column":8}},"992":{"start":{"line":2043,"column":14},"end":{"line":2043,"column":24}},"993":{"start":{"line":2044,"column":23},"end":{"line":2044,"column":72}},"994":{"start":{"line":2045,"column":22},"end":{"line":2052,"column":5}},"995":{"start":{"line":2053,"column":4},"end":{"line":2061,"column":12}},"996":{"start":{"line":2065,"column":4},"end":{"line":2065,"column":81}},"997":{"start":{"line":2065,"column":64},"end":{"line":2065,"column":77}},"998":{"start":{"line":2069,"column":4},"end":{"line":2069,"column":35}},"999":{"start":{"line":2073,"column":4},"end":{"line":2073,"column":74}},"1000":{"start":{"line":2073,"column":55},"end":{"line":2073,"column":70}},"1001":{"start":{"line":2077,"column":4},"end":{"line":2077,"column":35}},"1002":{"start":{"line":2081,"column":4},"end":{"line":2081,"column":61}},"1003":{"start":{"line":2085,"column":4},"end":{"line":2087,"column":48}},"1004":{"start":{"line":2091,"column":4},"end":{"line":2091,"column":57}},"1005":{"start":{"line":2095,"column":16},"end":{"line":2095,"column":18}},"1006":{"start":{"line":2095,"column":26},"end":{"line":2095,"column":42}},"1007":{"start":{"line":2096,"column":4},"end":{"line":2096,"column":52}},"1008":{"start":{"line":2096,"column":20},"end":{"line":2096,"column":52}},"1009":{"start":{"line":2098,"column":4},"end":{"line":2098,"column":43}},"1010":{"start":{"line":2102,"column":16},"end":{"line":2102,"column":18}},"1011":{"start":{"line":2102,"column":26},"end":{"line":2102,"column":46}},"1012":{"start":{"line":2103,"column":4},"end":{"line":2103,"column":60}},"1013":{"start":{"line":2103,"column":24},"end":{"line":2103,"column":60}},"1014":{"start":{"line":2105,"column":4},"end":{"line":2107,"column":5}},"1015":{"start":{"line":2106,"column":6},"end":{"line":2106,"column":64}},"1016":{"start":{"line":2108,"column":4},"end":{"line":2108,"column":51}},"1017":{"start":{"line":2112,"column":16},"end":{"line":2112,"column":18}},"1018":{"start":{"line":2113,"column":4},"end":{"line":2118,"column":5}},"1019":{"start":{"line":2114,"column":25},"end":{"line":2114,"column":57}},"1020":{"start":{"line":2115,"column":6},"end":{"line":2117,"column":7}},"1021":{"start":{"line":2116,"column":8},"end":{"line":2116,"column":33}},"1022":{"start":{"line":2119,"column":4},"end":{"line":2121,"column":5}},"1023":{"start":{"line":2120,"column":6},"end":{"line":2120,"column":24}},"1024":{"start":{"line":2122,"column":4},"end":{"line":2128,"column":5}},"1025":{"start":{"line":2127,"column":6},"end":{"line":2127,"column":46}},"1026":{"start":{"line":2129,"column":4},"end":{"line":2145,"column":7}},"1027":{"start":{"line":2130,"column":32},"end":{"line":2141,"column":11}},"1028":{"start":{"line":2132,"column":12},"end":{"line":2137,"column":14}},"1029":{"start":{"line":2136,"column":34},"end":{"line":2136,"column":99}},"1030":{"start":{"line":2140,"column":12},"end":{"line":2140,"column":39}},"1031":{"start":{"line":2142,"column":6},"end":{"line":2144,"column":7}},"1032":{"start":{"line":2143,"column":8},"end":{"line":2143,"column":47}},"1033":{"start":{"line":2149,"column":18},"end":{"line":2149,"column":20}},"1034":{"start":{"line":2149,"column":28},"end":{"line":2149,"column":48}},"1035":{"start":{"line":2150,"column":4},"end":{"line":2150,"column":62}},"1036":{"start":{"line":2150,"column":24},"end":{"line":2150,"column":62}},"1037":{"start":{"line":2152,"column":4},"end":{"line":2152,"column":49}},"1038":{"start":{"line":2156,"column":18},"end":{"line":2156,"column":20}},"1039":{"start":{"line":2156,"column":28},"end":{"line":2156,"column":48}},"1040":{"start":{"line":2157,"column":4},"end":{"line":2157,"column":62}},"1041":{"start":{"line":2157,"column":24},"end":{"line":2157,"column":62}},"1042":{"start":{"line":2159,"column":4},"end":{"line":2159,"column":57}},"1043":{"start":{"line":2163,"column":18},"end":{"line":2163,"column":20}},"1044":{"start":{"line":2163,"column":28},"end":{"line":2163,"column":48}},"1045":{"start":{"line":2164,"column":4},"end":{"line":2164,"column":62}},"1046":{"start":{"line":2164,"column":24},"end":{"line":2164,"column":62}},"1047":{"start":{"line":2166,"column":4},"end":{"line":2166,"column":53}},"1048":{"start":{"line":2170,"column":18},"end":{"line":2170,"column":20}},"1049":{"start":{"line":2170,"column":28},"end":{"line":2170,"column":48}},"1050":{"start":{"line":2171,"column":4},"end":{"line":2171,"column":62}},"1051":{"start":{"line":2171,"column":24},"end":{"line":2171,"column":62}},"1052":{"start":{"line":2173,"column":4},"end":{"line":2173,"column":61}},"1053":{"start":{"line":2177,"column":4},"end":{"line":2177,"column":73}},"1054":{"start":{"line":2181,"column":4},"end":{"line":2185,"column":5}},"1055":{"start":{"line":2182,"column":6},"end":{"line":2184,"column":8}},"1056":{"start":{"line":2186,"column":4},"end":{"line":2192,"column":5}},"1057":{"start":{"line":2187,"column":6},"end":{"line":2191,"column":57}},"1058":{"start":{"line":2193,"column":18},"end":{"line":2193,"column":43}},"1059":{"start":{"line":2194,"column":17},"end":{"line":2194,"column":27}},"1060":{"start":{"line":2195,"column":24},"end":{"line":2195,"column":69}},"1061":{"start":{"line":2196,"column":20},"end":{"line":2215,"column":9}},"1062":{"start":{"line":2199,"column":10},"end":{"line":2201,"column":11}},"1063":{"start":{"line":2200,"column":12},"end":{"line":2200,"column":41}},"1064":{"start":{"line":2202,"column":10},"end":{"line":2202,"column":29}},"1065":{"start":{"line":2205,"column":23},"end":{"line":2205,"column":55}},"1066":{"start":{"line":2207,"column":12},"end":{"line":2207,"column":70}},"1067":{"start":{"line":2208,"column":10},"end":{"line":2214,"column":11}},"1068":{"start":{"line":2210,"column":12},"end":{"line":2212,"column":13}},"1069":{"start":{"line":2211,"column":14},"end":{"line":2211,"column":43}},"1070":{"start":{"line":2213,"column":12},"end":{"line":2213,"column":34}},"1071":{"start":{"line":2216,"column":4},"end":{"line":2218,"column":5}},"1072":{"start":{"line":2217,"column":6},"end":{"line":2217,"column":51}},"1073":{"start":{"line":2219,"column":4},"end":{"line":2219,"column":18}},"1074":{"start":{"line":2224,"column":6},"end":{"line":2228,"column":21}},"1075":{"start":{"line":2230,"column":4},"end":{"line":2230,"column":22}},"1076":{"start":{"line":2234,"column":16},"end":{"line":2234,"column":18}},"1077":{"start":{"line":2234,"column":26},"end":{"line":2234,"column":42}},"1078":{"start":{"line":2235,"column":4},"end":{"line":2235,"column":52}},"1079":{"start":{"line":2235,"column":20},"end":{"line":2235,"column":52}},"1080":{"start":{"line":2237,"column":4},"end":{"line":2237,"column":45}},"1081":{"start":{"line":2241,"column":16},"end":{"line":2241,"column":18}},"1082":{"start":{"line":2241,"column":26},"end":{"line":2241,"column":46}},"1083":{"start":{"line":2242,"column":4},"end":{"line":2242,"column":60}},"1084":{"start":{"line":2242,"column":24},"end":{"line":2242,"column":60}},"1085":{"start":{"line":2244,"column":4},"end":{"line":2244,"column":53}},"1086":{"start":{"line":2248,"column":16},"end":{"line":2248,"column":18}},"1087":{"start":{"line":2248,"column":26},"end":{"line":2248,"column":46}},"1088":{"start":{"line":2249,"column":4},"end":{"line":2249,"column":60}},"1089":{"start":{"line":2249,"column":24},"end":{"line":2249,"column":60}},"1090":{"start":{"line":2251,"column":4},"end":{"line":2251,"column":100}},"1091":{"start":{"line":2251,"column":62},"end":{"line":2251,"column":96}},"1092":{"start":{"line":2255,"column":16},"end":{"line":2255,"column":18}},"1093":{"start":{"line":2255,"column":26},"end":{"line":2255,"column":46}},"1094":{"start":{"line":2256,"column":4},"end":{"line":2256,"column":60}},"1095":{"start":{"line":2256,"column":24},"end":{"line":2256,"column":60}},"1096":{"start":{"line":2258,"column":4},"end":{"line":2259,"column":6}},"1097":{"start":{"line":2258,"column":62},"end":{"line":2258,"column":100}},"1098":{"start":{"line":2263,"column":18},"end":{"line":2263,"column":34}},"1099":{"start":{"line":2264,"column":4},"end":{"line":2264,"column":16}},"1100":{"start":{"line":2265,"column":4},"end":{"line":2265,"column":79}},"1101":{"start":{"line":2269,"column":4},"end":{"line":2269,"column":69}},"1102":{"start":{"line":2273,"column":4},"end":{"line":2273,"column":32}},"1103":{"start":{"line":2277,"column":4},"end":{"l
[...]
765":41,"2766":41,"2767":41,"2768":41,"2769":41,"2770":41,"2771":41,"2772":0,"2773":19,"2774":19,"2775":19,"2776":19,"2777":5,"2778":30,"2779":72,"2780":74,"2781":74,"2782":21,"2783":5,"2784":3,"2785":41,"2786":4,"2787":4,"2788":4,"2789":1,"2790":3,"2791":3,"2792":3,"2793":0,"2794":0,"2795":0,"2796":41,"2797":41,"2798":41,"2799":41,"2800":41,"2801":0,"2802":0,"2803":0,"2804":41,"2805":2,"2806":41,"2807":0,"2808":41,"2809":2,"2810":2,"2811":41,"2812":0,"2813":41,"2814":0,"2815":0,"2816":0,"2817":41,"2818":0,"2819":0,"2820":0,"2821":41,"2822":4,"2823":4,"2824":4,"2825":10,"2826":0,"2827":4,"2828":41,"2829":0,"2830":0,"2831":0,"2832":0,"2833":0,"2834":41,"2835":0,"2836":41,"2837":83,"2838":425,"2839":425,"2840":198,"2841":1,"2842":197,"2843":197,"2844":197,"2845":342,"2846":194,"2847":194,"2848":194,"2849":227,"2850":178,"2851":41,"2852":41,"2853":41,"2854":41,"2855":41,"2856":41,"2857":41,"2858":41,"2859":41,"2860":41,"2861":41,"2862":41,"2863":41,"2864":41,"2865":41,"2866":41,"2867":41,"2868":41,"2869":41,"2870":41,"2871":41,"2872":41,"2873":41,"2874":41,"2875":41,"2876":41,"2877":41,"2878":41,"2879":41,"2880":41,"2881":41,"2882":41,"2883":41,"2884":41,"2885":41,"2886":41,"2887":41,"2888":41,"2889":41,"2890":41,"2891":41,"2892":41},"f":{"0":41,"1":41,"2":73893,"3":79167,"4":1199,"5":271,"6":30507,"7":63,"8":2728,"9":2709,"10":2699,"11":5408,"12":2914,"13":247515,"14":8924,"15":1388,"16":33,"17":24,"18":41,"19":921,"20":41,"21":485,"22":41,"23":48,"24":1532,"25":130618,"26":2275,"27":101,"28":321,"29":0,"30":0,"31":0,"32":5643,"33":265,"34":1140,"35":1,"36":23,"37":1163,"38":128661,"39":41,"40":902,"41":151,"42":0,"43":11,"44":1021,"45":28,"46":0,"47":41,"48":1751,"49":245,"50":41,"51":127554,"52":8,"53":23,"54":0,"55":41,"56":115472,"57":0,"58":0,"59":41,"60":129320,"61":27,"62":1471,"63":253,"64":5749,"65":41,"66":1121,"67":3,"68":0,"69":446,"70":1,"71":4,"72":41,"73":1,"74":1,"75":0,"76":0,"77":31,"78":1756,"79":127564,"80":890,"81":128454,"82":790,"83":30,"84":17613,"85":39956,"86":0,"87":35285,"88":35295,"89":16168,"90":30,"91":19115,"92":8,"93":0,"94":41,"95":0,"96":41,"97":614,"98":0,"99":0,"100":0,"101":5,"102":0,"103":16,"104":0,"105":464,"106":10427,"107":100,"108":41,"109":36,"110":0,"111":33,"112":112,"113":2,"114":4,"115":41,"116":115425,"117":0,"118":0,"119":0,"120":0,"121":0,"122":41,"123":678,"124":2,"125":59,"126":118,"127":5,"128":9,"129":209,"130":2,"131":0,"132":0,"133":0,"134":0,"135":207,"136":5266,"137":0,"138":0,"139":585,"140":0,"141":0,"142":577,"143":8330,"144":5,"145":21,"146":29,"147":1,"148":0,"149":0,"150":8,"151":0,"152":0,"153":20,"154":110,"155":2,"156":4,"157":23,"158":0,"159":0,"160":27,"161":389,"162":1,"163":6,"164":3,"165":16,"166":16,"167":6,"168":34,"169":34,"170":0,"171":170,"172":1,"173":163,"174":4323,"175":7,"176":18,"177":0,"178":0,"179":0,"180":0,"181":0,"182":0,"183":0,"184":0,"185":0,"186":0,"187":36,"188":97,"189":97,"190":71,"191":40,"192":35,"193":96,"194":224,"195":4,"196":20,"197":3,"198":16,"199":2,"200":1,"201":5,"202":1,"203":10,"204":8,"205":36,"206":68,"207":6,"208":30,"209":623,"210":16,"211":12,"212":13658,"213":13670,"214":210,"215":5098,"216":10,"217":10,"218":22,"219":34,"220":76,"221":5,"222":63,"223":58,"224":1399,"225":124,"226":9,"227":1260,"228":0,"229":6895,"230":8258,"231":15204,"232":9352,"233":224,"234":509,"235":520,"236":44,"237":79,"238":334,"239":29,"240":3,"241":134,"242":160,"243":349,"244":12,"245":10,"246":7,"247":8,"248":7,"249":5,"250":107,"251":51,"252":19,"253":18,"254":36,"255":53,"256":50,"257":56,"258":56,"259":29,"260":3,"261":0,"262":1,"263":2,"264":18,"265":51,"266":8,"267":20,"268":18,"269":39,"270":10,"271":1,"272":5,"273":4,"274":5,"275":4,"276":1098,"277":1213,"278":6,"279":1026,"280":41,"281":910,"282":756,"283":11942,"284":2,"285":2,"286":12,"287":12839,"288":14209,"289":8806,"290":2,"291":1,"292":2,"293":0,"294":1,"295":0,"296":8,"297":8,"298":6,"299":27,"300":314,"301":248,"302":1792,"303":0,"304":0,"305":1198,"306":1238,"307":4046,"308":7369,"309":8862,"310":12105,"311":6952,"312":7199,"313":14183,"314":2,"315":4,"316":0,"317":0,"318":12893,"319":9902,"320":11739,"321":106,"322":0,"323":0,"324":41,"325":27,"326":0,"327":0,"328":25,"329":8931,"330":1235,"331":23015,"332":48509,"333":2288,"334":3462,"335":336,"336":187,"337":265,"338":19939,"339":14289,"340":6424,"341":1974,"342":231,"343":41,"344":298,"345":15,"346":29230,"347":75,"348":1,"349":241,"350":29554,"351":3,"352":1,"353":24,"354":20,"355":20,"356":5,"357":2,"358":2,"359":2,"360":11,"361":6,"362":8,"363":5,"364":81,"365":4,"366":4,"367":71,"368":12,"369":0,"370":107,"371":378,"372":0,"373":0,"374":1331,"375":120,"376":28,"377":119,"378":119,"379":0,"380":0,"381":119,"382":119,"383":445,"384":330,"385":29554,"386":101,"387":87635,"388":30439,"389":218,"390":269,"391":30232,"392":41,"393":42,"394":28,"395":62,"396":0,"397":1,"398":48,"399":0,"400":93,"401":3,"402":28,"403":17,"404":0,"405":2,"406":66,"407":69,"408":44,"409":96,"410":0,"411":0,"412":443,"413":41,"414":333,"415":12,"416":0,"417":13,"418":2,"419":2843,"420":229,"421":4725,"422":2368,"423":0,"424":2369,"425":3,"426":5440,"427":12,"428":4,"429":14,"430":4,"431":2,"432":5432,"433":333,"434":49,"435":6,"436":23,"437":36,"438":19,"439":287,"440":5781,"441":171,"442":80,"443":42,"444":41,"445":54,"446":41,"447":0,"448":13,"449":2,"450":0,"451":0,"452":0,"453":2,"454":21,"455":2,"456":0,"457":0,"458":0,"459":0,"460":0,"461":0,"462":1,"463":1,"464":1,"465":0,"466":0,"467":0,"468":0,"469":0,"470":0,"471":0,"472":0,"473":0,"474":0,"475":0,"476":0,"477":0,"478":0,"479":0,"480":1,"481":2,"482":0,"483":0,"484":50,"485":0,"486":0,"487":23,"488":67,"489":54,"490":41,"491":11586,"492":0,"493":325,"494":0,"495":116,"496":1,"497":0,"498":757,"499":5,"500":31,"501":0,"502":64,"503":25,"504":24,"505":13,"506":233,"507":108,"508":6205,"509":138066,"510":36,"511":49,"512":63,"513":538,"514":13,"515":0,"516":1,"517":115453,"518":70,"519":1,"520":61,"521":0,"522":14,"523":36,"524":0,"525":0,"526":249,"527":22,"528":51,"529":3,"530":19,"531":939,"532":120,"533":2541,"534":0,"535":569,"536":628,"537":1,"538":6,"539":15,"540":8,"541":5,"542":36,"543":16,"544":6,"545":2,"546":6,"547":3,"548":23,"549":28,"550":0,"551":1,"552":28,"553":132,"554":5,"555":0,"556":1,"557":0,"558":0,"559":3,"560":9,"561":678,"562":11,"563":21,"564":6,"565":6222,"566":0,"567":0,"568":0,"569":5,"570":10,"571":7,"572":0,"573":1,"574":308,"575":2,"576":311,"577":2,"578":18,"579":11,"580":2,"581":0,"582":0,"583":2,"584":24,"585":3,"586":0,"587":0,"588":0,"589":13,"590":2,"591":0,"592":209,"593":0,"594":0,"595":101,"596":2624,"597":20,"598":551,"599":20,"600":1,"601":4,"602":1,"603":18,"604":155,"605":11,"606":0,"607":30,"608":31,"609":7,"610":83,"611":359,"612":2,"613":3,"614":1,"615":127,"616":0,"617":104,"618":101,"619":2,"620":0,"621":0,"622":0,"623":629,"624":14287,"625":27,"626":115,"627":9,"628":15,"629":2,"630":11,"631":14,"632":6793,"633":2,"634":0,"635":0,"636":2,"637":0,"638":2,"639":0,"640":41,"641":8,"642":6,"643":0,"644":4,"645":0,"646":0,"647":14,"648":8,"649":38,"650":93,"651":50,"652":44,"653":1,"654":6,"655":0,"656":132,"657":109,"658":23,"659":2,"660":3,"661":7,"662":13,"663":0,"664":3,"665":3,"666":6,"667":12,"668":0,"669":19,"670":5,"671":30,"672":72,"673":74,"674":21,"675":5,"676":41,"677":4,"678":0,"679":2,"680":0,"681":2,"682":0,"683":0,"684":0,"685":4,"686":0,"687":0,"688":0,"689":83,"690":425,"691":342,"692":178},"b":{"0":[41,0],"1":[41,41],"2":[0,0],"3":[0,0],"4":[73791,5376],"5":[5,266],"6":[16,30491],"7":[13,3],"8":[16,3],"9":[260,30234],"10":[2728,76,2653,2648,109,102,96],"11":[2570,2838],"12":[154,2684],"13":[3,151],"14":[129,2555],"15":[2684,2665],"16":[2914,2761,146],"17":[247515,247501],"18":[8924,8902],"19":[1388,1388],"20":[33,21],"21":[22,2],"22":[611,310],"23":[41,0],"24":[41,41],"25":[90,395],"26":[41,0],"27":[41,41],"28":[0,48],"29":[48,5],"30":[41,0],"31":[41,41],"32":[1532,1532],"33":[130618,130604],"34":[2275,1341],"35":[101,98],"36":[41,41],"37":[41,0],"38":[0,5643],"39":[130,5513],"40":[64,5579],"41":[1,1],"42":[23,23],"43":[1163,1162,1162,1125],"44":[37,1126],"45":[128487,174],"46":[128661,183],"47":[174,171,169,118,118],"48":[1,117],"49":[9,893],"50":[902,902],"51":[3,890],"52":[41,0],"53":[41,41],"54":[11,0],"55":[11,11],"56":[10,1011],"57":[51,0],"58":[1,50],"59":[0,28],"60":[0,0],"61":[0,0],"62":[22,1729],"63":[1751,1751],"64":[1,1728],"65":[0,1],"66":[4,1724],"67":[41,0],"68":[41,41],"69":[0,127554],"70":[127554,127554],"71":[7,127547],"72":[3,4],"73":[1,127546],"74":[41,0],"75":[41,41],"76":[0,115471],"77":[115472,5],"78":[41,0],"79":[41,41],"80":[41,0],"81":[41,41],"82":[21,6],"83":[4732,27322],"84":[145,31904],"85":[243,5506],"86":[3,5503],"87":[41,0],"88":[41,41],"89":[0,3],"90":[3,0],"91":[12,1854],"92":[5,1858],"93":[1,3],"94":[0,3],"95":[1,0],"96":[41,0],"97":[41,41],"98":[0,1],"99":[1,0],"100":[0,0],"101":[0,0],"102":[0,0],"103":[0,0],"104":[31,10],"105":[674,1082],"106":[1,1081],"107":[675,1081],"108":[1080,1],"109":[127546,1],"110":[848,42],"111":[41,1],"112":[128394,43],"113":[0,43],"114":[790,790],"115":[30,2],"116":[17613,17612,47],"117":[19506,20450],"118":[39956,20555,105],"119":[2860,17590],"120":[20450,19981],"121":[17590,0],"122":[17590,17590],"123":[10,17580],"124":[17590,17580,0],"125":[0,17580],"126":[17580,17580],"127":[17580,22,19],"128":[41,0],"129":[41,41],"130":[2,16168,19115,5,9,1,0],"131":[1,1],"132":[30,19085],"133":[1,8],"134":[0,8],"135":[0,8],"136":[8,0],"137":[0,0],"138":[0,16168],"139":[16168,16168],"140":[4,16164],"141":[30,0],"142":[0,30],"143":[8,0],"144":[4,4],"145":[0,4],"146":[0,4],"147":[0,0],"148":[0,0],"149":[0,0],"150":[0,4],"151":[4,0],"152":[0,0],"153":[0,0],"154":[0,0],"155":[0,0],"156":[0,0],"157":[0,0],"158":[0,0],"159":[0,0],"160":[0,0],"161":[0,0],"162":[41,0],"163":[41,0],"164":[41,0],"165":[41,41],"166":[5,0],"167":[0,16],"168":[41,0],"169":[41,41],"170":[33,4],"171":[12,100],"172":[1,1],"173":[1,3],"174":[3,0],"175":[41,0],"176":[41,41],"177":[0,0],"178":[41,0],"179":[41,41],"180":[118,0],"181":[0,115],"182":[0,115],"183":[3,6],"184":[6,0],"185":[0,6],"186":[0,6],"187":[0,0],"188":[0,0],"189":[0,0],"190":[0,0],"191":[3,18],"192":[11,18],"193":[0,8],"194":[0,0],"195":[20,0],"196":[40,70],"197":[0,70],"198":[2,0],"199":[1,3],"200":[0,3],"201":[0,3],"202":[3,20],"203":[0,0],"204":[0,0],"205":[0,0],"206":[197,192],"207":[21,176],"208":[1,10],"209":[5,5],"210":[0,5],"211":[6,0],"212":[34,13],"213":[4,30],"214":[8,162],"215":[0,162],"216":[162,162],"217":[159,3],"218":[5,154],"219":[14,148],"220":[148,137,11],"221":[145,17],"222":[162,147,147],"223":[1,0],"224":[1,1],"225":[10,153],"226":[7,146],"227":[3602,721],"228":[4323,867],"229":[3602,3597],"230":[44,3558],"231":[0,7],"232":[7,6],"233":[1,6],"234":[5,13],"235":[7,6],"236":[13,13,7],"237":[0,6],"238":[0,0],"239":[0,0,0],"240":[0,0],"241":[0,0],"242":[0,0],"243":[0,0],"244":[0,0],"245":[0,0],"246":[0,0],"247":[0,0],"248":[0,0],"249":[0,0],"250":[0,0],"251":[0,0],"252":[0,0],"253":[0,0],"254":[0,0],"255":[0,0],"256":[20,77],"257":[2,18],"258":[11,7],"259":[20,57],"260":[1,35],"261":[8,27],"262":[8,0],"263":[8,3,0,3,3],"264":[9,18],"265":[0,18],"266":[67,4],"267":[65,2],"268":[4,31],"269":[65,159],"270":[224,214,71],"271":[1,158],"272":[57,102],"273":[0,4],"274":[14,32],"275":[32,0],"276":[14,18],"277":[32,32,14],"278":[0,18],"279":[2,2],"280":[5,4,5],"281":[6,4],"282":[10,9],"283":[1,5],"284":[4,5],"285":[6,2],"286":[18,18],"287":[68,17],"288":[1,4],"289":[1,4],"290":[4,0],"291":[308,315],"292":[4,619],"293":[2,10],"294":[4,4],"295":[3177,10481],"296":[13670,7649,5900,5859,5858,11041],"297":[101,109],"298":[0,25],"299":[0,22],"300":[34,0],"301":[4,30],"302":[8,26],"303":[15,1384],"304":[1365,19],"305":[3,121],"306":[1,8],"307":[8,0],"308":[533,727],"309":[727,0],"310":[0,0],"311":[876,6019],"312":[6895,911],"313":[35,5984],"314":[927,5057],"315":[271,4786],"316":[2216,2570],"317":[8258,8248],"318":[5,15199],"319":[205,19],"320":[224,210],"321":[8,11],"322":[509,498,495],"323":[520,496,160,134],"324":[39,5],"325":[0,79],"326":[79,64],"327":[255,79],"328":[30,49],"329":[0,49],"330":[4,25],"331":[22,0],"332":[0,3],"333":[2,1],"334":[0,2],"335":[0,1],"336":[0,1],"337":[0,134],"338":[117,17],"339":[0,117],"340":[0,17],"341":[17,9],"342":[60,100],"343":[2,148],"344":[150,199],"345":[59,91],"346":[36,114],"347":[1,198],"348":[199,178],"349":[21,177],"350":[80,118],"351":[58,137],"352":[3,134],"353":[11,123],"354":[7,4],"355":[0,51],"356":[1,35],"357":[51,2],"358":[2,51],"359":[1,50],"360":[51,1,1],"361":[33,17],"362":[24,32],"363":[0,51],"364":[36,15],"365":[33,3],"366":[36,33],"367":[3,0],"368":[4,11],"369":[4,11],"370":[3,5],"371":[10,10],"372":[20,12],"373":[17,3],"374":[20,12],"375":[8,9],"376":[26,13],"377":[39,26],"378":[3,10],"379":[982,40],"380":[94,1119],"381":[152,758],"382":[910,910],"383":[2,756],"384":[758,2],"385":[41,0],"386":[41,41],"387":[1,4],"388":[12602,237],"389":[1,1],"390":[0,0],"391":[0,0],"392":[314,106],"393":[0,1792],"394":[795,997],"395":[1,794],"396":[947,1865],"397":[584,14502],"398":[5,4041],"399":[584,3462],"400":[4041,3539,3964],"401":[124,3917],"402":[4041,502],"403":[336,3581],"404":[3917,3462,3462],"405":[3581,3245],"406":[3177,404],"407":[455,3126],"408":[378,77],"409":[213,165],"410":[3177,404],"411":[3942,4920],"412":[3942,4920],"413":[1028,7834],"414":[6931,5174],"415":[6931,5174],"416":[0,12105],"417":[12105,6689],"418":[5416,6689],"419":[33,12072],"420":[265,11807],"421":[12072,6689,6689],"422":[2275,9532],"423":[11807,5383,4249,2278],"424":[9,9523],"425":[9532,3108,1134,10],"426":[9523,5885],"427":[3099,6424],"428":[1125,1974],"429":[3099,6424],"430":[1125,1974],"431":[5801,3722],"432":[7198,1],"433":[7198,1],"434":[6769,430],"435":[13333,850],"436":[13333,850],"437":[0,14183],"438":[14183,5935],"439":[832,13351],"440":[2435,10916],"441":[3792,7124],"442":[187,3605],"443":[13164,6534],"444":[6477,6687],"445":[4,2],"446":[0,0],"447":[0,0],"448":[0,0],"449":[0,0],"450":[0,0],"451":[0,0],"452":[0,0,0],"453":[0,0],"454":[0,0],"455":[0,0],"456":[0,0],"457":[0,0],"458":[0,0],"459":[0,0],"460":[0,0],"461":[9330,572],"462":[0,11739],"463":[8304,3435],"464":[8304,3435],"465":[0,3435],"466":[0,0],"467":[0,0],"468":[2,241],"469":[0,248],"470":[0,0],"471":[0,0],"472":[0,0],"473":[27,25],"474":[41,0],"475":[41,41],"476":[0,0],"477":[0,0],"478":[0,0],"479":[0,0],"480":[0,0],"481":[0,0],"482":[0,0],"483":[0,0],"484":[0,0],"485":[1235,20],"486":[794,22221],"487":[0,794],"488":[5,22216],"489":[22139,77],"490":[8806,13333],"491":[14809,8201],"492":[7914,287],"493":[9124,39385],"494":[0,9124],"495":[2288,4],"496":[2,3460],"497":[336,3124],"498":[336,3124],"499":[27,3433],"500":[2854,579],"501":[1,335],"502":[1309,4675],"503":[5984,1496],"504":[4240,1406],"505":[6673,7616],"506":[2395,4029],"507":[6424,5205],"508":[4029,23170],"509":[6,1968],"510":[1974,400],"511":[1463,8086],"512":[231,231],"513":[69,229],"514":[298,298],"515":[11,218],"516":[15,202],"517":[187,15],"518":[202,194],"519":[41,0],"520":[41,41],"521":[215,26],"522":[241,225],"523":[215,183],"524":[0,3],"525":[1,2],"526":[1,1],"527":[0,24],"528":[1,23],"529":[13,3],"530":[16,15],"531":[12,4],"532":[1,10],"533":[4,6],"534":[10,4,4],"535":[13,58],"536":[1,11],"537":[0,0],"538":[0,0],"539":[3,104],"540":[0,0],"541":[0,0],"542":[87,291],"543":[129,162],"544":[1,128],"545":[95,25],"546":[95,25],"547":[0,25],"548":[6,19],"549":[6,6],"550":[0,6],"551":[6,0],"552":[0,25],"553":[25,4],"554":[21,4],"555":[6,19],"556":[0,28],"557":[28,28],"558":[3,25],"559":[0,28],"560":[3,25],"561":[3,3],"562":[0,3],"563":[3,0],"564":[3,25],"565":[0,119],"566":[0,0],"567":[0,0],"568":[0,0],"569":[0,0],"570":[0,0],"571":[0,0],"572":[0,0],"573":[0,0],"574":[119,6],"575":[0,119],"576":[0,119],"577":[0,119],"578":[0,0],"579":[0,119],"580":[4,115],"581":[119,6],"582":[330,25],"583":[2,29552],"584":[101,29451],"585":[29552,29451],"586":[0,101],"587":[327,29124],"588":[15,29436],"589":[29408,28],"590":[87635,86606],"591":[11,87624],"592":[87635,30359],"593":[58184,29440],"594":[58184,58151],"595":[57240,944],"596":[4,29436],"597":[29440,34],"598":[29436,0],"599":[1,29435],"600":[29436,5],"601":[29312,1127],"602":[30439,30409,29397],"603":[107,1020],"604":[207,11],"605":[11,0],"606":[30,29],"607":[269,0],"608":[257,12],"609":[269,79],"610":[12,257],"611":[5,252],"612":[26,243],"613":[269,248],"614":[21,222],"615":[0,1],"616":[1,0],"617":[1,221],"618":[2,5],"619":[7,2],"620":[3,219],"621":[11,208],"622":[4,218],"623":[222,121,4,4],"624":[23,199],"625":[23,23],"626":[204,18],"627":[204,110],"628":[5,13],"629":[18,14],"630":[5,1],"631":[0,1],"632":[4,1],"633":[5,5],"634":[2,3],"635":[5,5],"636":[0,5],"637":[177,45],"638":[943,29289],"639":[14,28],"640":[42,42],"641":[0,28],"642":[41,0],"643":[41,41],"644":[34,14],"645":[0,0],"646":[0,0],"647":[28,3],"648":[0,0],"649":[0,66],"650":[25,41],"651":[0,25],"652":[69,0],"653":[44,8],"654":[3,93],"655":[0,3],"656":[0,3],"657":[3,0],"658":[0,0],"659":[0,0],"660":[0,3],"661":[2,91],"662":[1,1],"663":[75,20],"664":[443,443],"665":[110,223],"666":[333,333],"667":[0,223],"668":[41,0],"669":[41,41],"670":[24,24],"671":[13,0],"672":[2,2],"673":[3,2840],"674":[2,2838],"675":[9,220],"676":[1,219],"677":[220,218],"678":[0,219],"679":[0,0],"680":[0,0],"681":[0,2369],"682":[0,2369],"683":[0,2369],"684":[1,2],"685":[1,1],"686":[0,1],"687":[4,5436],"688":[5,126045],"689":[1,3],"690":[11,3],"691":[333,5],"692":[49,49],"693":[6,0],"694":[0,23],"695":[0,23],"696":[23,23,23,23,23,0,0,23,23,23],"697":[0,23],"698":[23,0],"699":[14,9],"700":[11,11],"701":[36,36,36,36],"702":[0,9],"703":[0,0],"704":[0,0],"705":[3,16],"706":[0,19],"707":[0,19],"708":[9,6],"709":[287,287],"710":[86,85],"711":[171,170],"712":[10,75],"713":[0,10],"714":[52,33],"715":[13,41],"716":[54,54],"717":[0,41],"718":[41,0],"719":[41,0],"720":[41,41],"721":[0,0],"722":[0,0],"723":[0,0],"724":[0,1],"725":[0,1],"726":[1,1,0],"727":[0,0],"728":[0,0],"729":[0,0],"730":[0,0],"731":[0,50],"732":[1,49],"733":[0,1],"734":[3,20],"735":[2,18],"736":[0,18],"737":[67,0],"738":[54,12],"739":[5739,5847],"740":[5847,5588],"741":[5,5842],"742":[5786,61],"743":[122,5725],"744":[155,5692],"745":[150,5],"746":[41,0],"747":[41,41],"748":[0,0],"749":[0,0],"750":[311,14],"751":[0,0,0],"752":[8,108],"753":[58,50],"754":[1,0],"755":[1,0],"756":[1,1],"757":[4,753],"758":[12,42237],"759":[40,42210],"760":[36,42201],"761":[0,5],"762":[2,29],"763":[0,29],"764":[0,29],"765":[0,0],"766":[0,0,0],"767":[35,122],"768":[6202,307],"769":[35,138031],"770":[0,0],"771":[1,0],"772":[7,63],"773":[63,0],"774":[1,0],"775":[1,60],"776":[0,14],"777":[6,45],"778":[18,1],"779":[0,939],"780":[116,4],"781":[114,2427],"782":[2423,118],"783":[2541,2477],"784":[3,3],"785":[1,5],"786":[0,28],"787":[20,112],"788":[3,2],"789":[0,0],"790":[0,0],"791":[1,310],"792":[1,1],"793":[1,10],"794":[1,1],"795":[2,2],"796":[0,0],"797":[1,2],"798":[0,0],"799":[11,4],"800":[1,10],"801":[11,10,6],"802":[2,8],"803":[0,10],"804":[0,0],"805":[0,7],"806":[7,7,7,5],"807":[359,350],"808":[350,0],"809":[350,334],"810":[3,0],"811":[0,0],"812":[604,13683],"813":[249,6544],"814":[2334,4210],"815":[0,2],"816":[2,0],"817":[0,2],"818":[0,0],"819":[2,0],"820":[2,6],"821":[8,8],"822":[0,6],"823":[41,0],"824":[41,41],"825":[14,0],"826":[8,2],"827":[2,91],"828":[41,50],"829":[38,12],"830":[1,74],"831":[1,1,1],"832":[9,35],"833":[3,35],"834":[0,1],"835":[6,6,4,4],"836":[1,108],"837":[51,57],"838":[22,1],"839":[2,20],"840":[10,12],"841":[22,10],"842":[0,3],"843":[0,12],"844":[6,6],"845":[5,2,0],"846":[1,3],"847":[0,3],"848":[0,3],"849":[0,0],"850":[41,0],"851":[41,41],"852":[0,0],"853":[2,0],"854":[0,2],"855":[0,0],"856":[0,0],"857":[0,10],"858":[0,10],"859":[0,0],"860":[0,0],"861":[0,0],"862":[83,80],"863":[1,82],"864":[83,3],"865":[50,375],"866":[148,227],"867":[198,227],"868":[1,197],"869":[197,9,8],"870":[197,9],"871":[194,9],"872":[132,46]},"_coverageSchema":"332fd63041d2c1bcb487cc26dd0d5f7d97098a6c","hash":"6c86814cf95e867dafa06ef4f696b8d963f2e827"}
}
