TN:
SF:C:\Users\Henrik\Documents\GitHub\iet-hf2021-dr-jupekzo\dist\immutable.js
FN:8,(anonymous_0)
FN:12,(anonymous_1)
FN:27,MakeRef
FN:31,SetRef
FN:40,OwnerID
FN:42,ensureSize
FN:49,wrapIndex
FN:67,returnTrue
FN:71,wholeSlice
FN:79,resolveBegin
FN:83,resolveEnd
FN:87,resolveIndex
FN:101,isNeg
FN:109,isCollection
FN:115,isKeyed
FN:121,isIndexed
FN:125,isAssociative
FN:129,Collection
FN:133,(anonymous_18)
FN:134,KeyedCollection
FN:145,(anonymous_20)
FN:146,IndexedCollection
FN:157,(anonymous_22)
FN:158,SetCollection
FN:175,isSeq
FN:181,isRecord
FN:185,isImmutable
FN:191,isOrdered
FN:204,Iterator
FN:208,toString
FN:216,(anonymous_30)
FN:219,(anonymous_31)
FN:223,iteratorValue
FN:234,iteratorDone
FN:238,hasIterator
FN:242,isIterator
FN:246,getIterator
FN:251,getIteratorFn
FN:263,isArrayLike
FN:282,(anonymous_39)
FN:283,Seq
FN:295,toSeq
FN:299,toString
FN:303,cacheResult
FN:313,__iterate
FN:331,__iterator
FN:336,(anonymous_46)
FN:350,(anonymous_47)
FN:351,KeyedSeq
FN:369,toKeyedSeq
FN:376,(anonymous_50)
FN:377,IndexedSeq
FN:395,of
FN:399,toIndexedSeq
FN:403,toString
FN:410,(anonymous_55)
FN:411,SetSeq
FN:422,of
FN:426,toSetSeq
FN:442,(anonymous_59)
FN:443,ArraySeq
FN:452,get
FN:456,__iterate
FN:469,__iterator
FN:473,(anonymous_64)
FN:485,(anonymous_65)
FN:486,ObjectSeq
FN:497,get
FN:504,has
FN:508,__iterate
FN:522,__iterator
FN:527,(anonymous_71)
FN:540,(anonymous_72)
FN:541,CollectionSeq
FN:550,__iterateUncached
FN:568,__iteratorUncached
FN:578,(anonymous_76)
FN:591,emptySequence
FN:595,keyedSeqFromValue
FN:613,indexedSeqFromValue
FN:623,seqFromValue
FN:636,maybeIndexedSeqFromValue
FN:646,isMap
FN:650,isOrderedMap
FN:654,isValueObject
FN:716,is
FN:746,imul
FN:759,smi
FN:765,hash
FN:802,hashNumber
FN:817,cachedHashString
FN:832,hashString
FN:846,hashJSObj
FN:896,(anonymous_93)
FN:920,(anonymous_94)
FN:931,getIENodeHash
FN:961,(anonymous_96)
FN:962,ToKeyedSequence
FN:974,get
FN:978,has
FN:982,valueSeq
FN:986,reverse
FN:991,(anonymous_102)
FN:996,map
FN:1001,(anonymous_104)
FN:1006,__iterate
FN:1009,(anonymous_106)
FN:1012,__iterator
FN:1020,(anonymous_108)
FN:1021,ToIndexedSequence
FN:1032,includes
FN:1036,__iterate
FN:1042,(anonymous_112)
FN:1047,__iterator
FN:1053,(anonymous_114)
FN:1069,(anonymous_115)
FN:1070,ToSetSequence
FN:1081,has
FN:1085,__iterate
FN:1088,(anonymous_119)
FN:1091,__iterator
FN:1093,(anonymous_121)
FN:1104,(anonymous_122)
FN:1105,FromEntriesSequence
FN:1116,entrySeq
FN:1120,__iterate
FN:1123,(anonymous_126)
FN:1138,__iterator
FN:1140,(anonymous_128)
FN:1168,flipFactory
FN:1172,(anonymous_130)
FN:1173,(anonymous_131)
FN:1175,(anonymous_132)
FN:1178,(anonymous_133)
FN:1179,(anonymous_134)
FN:1181,(anonymous_135)
FN:1184,(anonymous_136)
FN:1186,(anonymous_137)
FN:1189,(anonymous_138)
FN:1207,mapFactory
FN:1210,(anonymous_140)
FN:1211,(anonymous_141)
FN:1217,(anonymous_142)
FN:1221,(anonymous_143)
FN:1225,(anonymous_144)
FN:1227,(anonymous_145)
FN:1245,reverseFactory
FN:1251,(anonymous_147)
FN:1253,(anonymous_148)
FN:1255,(anonymous_149)
FN:1259,(anonymous_150)
FN:1260,(anonymous_151)
FN:1261,(anonymous_152)
FN:1263,(anonymous_153)
FN:1269,(anonymous_154)
FN:1273,(anonymous_155)
FN:1277,(anonymous_156)
FN:1294,filterFactory
FN:1297,(anonymous_158)
FN:1301,(anonymous_159)
FN:1308,(anonymous_160)
FN:1312,(anonymous_161)
FN:1320,(anonymous_162)
FN:1323,(anonymous_163)
FN:1341,countByFactory
FN:1343,(anonymous_165)
FN:1344,(anonymous_166)
FN:1349,groupByFactory
FN:1352,(anonymous_168)
FN:1355,(anonymous_169)
FN:1359,(anonymous_170)
FN:1362,sliceFactory
FN:1397,(anonymous_172)
FN:1405,(anonymous_173)
FN:1417,(anonymous_174)
FN:1429,(anonymous_175)
FN:1440,(anonymous_176)
FN:1461,takeWhileFactory
FN:1463,(anonymous_178)
FN:1471,(anonymous_179)
FN:1475,(anonymous_180)
FN:1483,(anonymous_181)
FN:1504,skipWhileFactory
FN:1506,(anonymous_183)
FN:1514,(anonymous_184)
FN:1522,(anonymous_185)
FN:1531,(anonymous_186)
FN:1557,concatFactory
FN:1561,(anonymous_188)
FN:1571,(anonymous_189)
FN:1595,(anonymous_190)
FN:1606,flattenFactory
FN:1608,(anonymous_192)
FN:1614,flatDeep
FN:1615,(anonymous_194)
FN:1630,(anonymous_195)
FN:1637,(anonymous_196)
FN:1661,flatMapFactory
FN:1665,(anonymous_198)
FN:1669,interposeFactory
FN:1672,(anonymous_200)
FN:1677,(anonymous_201)
FN:1683,(anonymous_202)
FN:1687,(anonymous_203)
FN:1702,sortFactory
FN:1710,(anonymous_205)
FN:1713,(anonymous_206)
FN:1715,(anonymous_207)
FN:1718,(anonymous_208)
FN:1729,maxFactory
FN:1736,(anonymous_210)
FN:1737,(anonymous_211)
FN:1740,(anonymous_212)
FN:1743,maxCompare
FN:1753,zipWithFactory
FN:1755,(anonymous_215)
FN:1759,(anonymous_216)
FN:1783,(anonymous_217)
FN:1785,(anonymous_218)
FN:1789,(anonymous_219)
FN:1792,(anonymous_220)
FN:1793,(anonymous_221)
FN:1793,(anonymous_222)
FN:1801,(anonymous_223)
FN:1810,reify
FN:1814,validateEntry
FN:1820,collectionClass
FN:1828,makeSequence
FN:1839,cacheResultThrough
FN:1848,defaultComparator
FN:1865,arrCopy
FN:1875,invariant
FN:1879,assertNotInfinite
FN:1886,coerceKeyPath
FN:1898,isPlainObj
FN:1910,isDataStructure
FN:1920,quoteString
FN:1928,has
FN:1934,get
FN:1944,shallowCopy
FN:1957,remove
FN:1983,set
FN:2005,updateIn
FN:2021,updateInDeeply
FN:2064,setIn
FN:2065,(anonymous_245)
FN:2068,setIn$1
FN:2072,removeIn
FN:2073,(anonymous_248)
FN:2076,deleteIn
FN:2080,update
FN:2084,update$1
FN:2090,updateIn$1
FN:2094,merge
FN:2101,mergeWith
FN:2111,mergeIntoKeyedWith
FN:2129,(anonymous_256)
FN:2131,(anonymous_257)
FN:2136,(anonymous_258)
FN:2139,(anonymous_259)
FN:2148,merge$1
FN:2155,mergeWith$1
FN:2162,mergeDeep
FN:2169,mergeDeepWith
FN:2176,mergeDeepWithSources
FN:2180,mergeWithSources
FN:2197,(anonymous_266)
FN:2204,(anonymous_267)
FN:2222,deepMergerWith
FN:2223,deepMerger
FN:2233,mergeDeep$1
FN:2240,mergeDeepWith$1
FN:2247,mergeIn
FN:2251,(anonymous_273)
FN:2254,mergeDeepIn
FN:2258,(anonymous_275)
FN:2262,withMutations
FN:2268,asMutable
FN:2272,asImmutable
FN:2276,wasAltered
FN:2280,(anonymous_280)
FN:2281,Map
FN:2286,(anonymous_282)
FN:2289,(anonymous_283)
FN:2297,of
FN:2301,(anonymous_285)
FN:2311,toString
FN:2317,get
FN:2325,set
FN:2329,remove
FN:2333,deleteAll
FN:2340,(anonymous_291)
FN:2341,(anonymous_292)
FN:2345,clear
FN:2361,sort
FN:2366,sortBy
FN:2371,map
FN:2372,(anonymous_297)
FN:2373,(anonymous_298)
FN:2381,__iterator
FN:2385,__iterate
FN:2390,(anonymous_301)
FN:2397,__ensureOwner
FN:2435,(anonymous_303)
FN:2438,(anonymous_304)
FN:2444,ArrayMapNode
FN:2449,get
FN:2459,update
FN:2510,BitmapIndexedNode
FN:2516,get
FN:2532,update
FN:2597,HashArrayMapNode
FN:2603,get
FN:2614,update
FN:2663,HashCollisionNode
FN:2669,get
FN:2679,update
FN:2737,removeElementFromNewEntries
FN:2745,ValueNode
FN:2751,get
FN:2755,update
FN:2783,(anonymous_321)
FN:2795,(anonymous_322)
FN:2809,(anonymous_323)
FN:2813,(anonymous_324)
FN:2814,MapIterator
FN:2825,next
FN:2865,mapIteratorValue
FN:2869,mapIteratorFrame
FN:2877,makeMap
FN:2888,emptyMap
FN:2892,updateMap
FN:2929,updateNode
FN:2958,isLeafNode
FN:2964,mergeIntoNode
FN:2982,createNodes
FN:2994,packNodes
FN:3008,expandNodes
FN:3018,popCount
FN:3027,setAt
FN:3033,spliceIn
FN:3052,spliceOut
FN:3075,isList
FN:3079,(anonymous_343)
FN:3080,List
FN:3097,(anonymous_345)
FN:3099,(anonymous_346)
FN:3107,of
FN:3111,toString
FN:3117,get
FN:3129,set
FN:3133,remove
FN:3143,insert
FN:3147,clear
FN:3162,push
FN:3165,(anonymous_355)
FN:3173,pop
FN:3177,unshift
FN:3179,(anonymous_358)
FN:3187,shift
FN:3193,concat
FN:3214,(anonymous_361)
FN:3215,(anonymous_362)
FN:3215,(anonymous_363)
FN:3219,setSize
FN:3223,map
FN:3226,(anonymous_366)
FN:3235,slice
FN:3247,__iterator
FN:3250,(anonymous_369)
FN:3258,__iterate
FN:3270,__ensureOwner
FN:3312,(anonymous_372)
FN:3315,(anonymous_373)
FN:3319,VNode
FN:3326,removeBefore
FN:3359,removeAfter
FN:3388,iterateList
FN:3396,iterateNodeOrLeaf
FN:3402,iterateLeaf
FN:3409,(anonymous_380)
FN:3418,iterateNode
FN:3428,iteratingOnArray
FN:3451,makeList
FN:3466,emptyList
FN:3470,updateList
FN:3478,(anonymous_386)
FN:3517,updateVNode
FN:3561,editableVNode
FN:3568,listNodeFor
FN:3583,setListBounds
FN:3729,getTailOffset
FN:3733,(anonymous_392)
FN:3734,OrderedMap
FN:3739,(anonymous_394)
FN:3742,(anonymous_395)
FN:3750,of
FN:3754,toString
FN:3760,get
FN:3767,clear
FN:3780,set
FN:3784,remove
FN:3788,wasAltered
FN:3792,__iterate
FN:3796,(anonymous_404)
FN:3801,__iterator
FN:3805,__ensureOwner
FN:3831,makeOrderedMap
FN:3842,emptyOrderedMap
FN:3849,updateOrderedMap
FN:3862,(anonymous_410)
FN:3865,(anonymous_411)
FN:3897,isStack
FN:3901,(anonymous_413)
FN:3902,Stack
FN:3914,of
FN:3918,toString
FN:3924,get
FN:3933,peek
FN:3939,push
FN:3963,pushAll
FN:3974,(anonymous_421)
FN:3991,pop
FN:3995,clear
FN:4009,slice
FN:4036,__ensureOwner
FN:4053,__iterate
FN:4058,(anonymous_427)
FN:4073,__iterator
FN:4079,(anonymous_429)
FN:4103,(anonymous_430)
FN:4106,(anonymous_431)
FN:4110,makeStack
FN:4121,emptyStack
FN:4127,isSet
FN:4131,isOrderedSet
FN:4135,deepEqual
FN:4162,(anonymous_437)
FN:4185,(anonymous_438)
FN:4204,mixin
FN:4205,(anonymous_440)
FN:4214,toJS
FN:4226,(anonymous_442)
FN:4232,(anonymous_443)
FN:4238,(anonymous_444)
FN:4239,Set
FN:4244,(anonymous_446)
FN:4247,(anonymous_447)
FN:4255,of
FN:4259,fromKeys
FN:4263,intersect
FN:4270,union
FN:4277,toString
FN:4283,has
FN:4289,add
FN:4293,remove
FN:4297,clear
FN:4303,map
FN:4308,(anonymous_458)
FN:4315,(anonymous_459)
FN:4316,(anonymous_460)
FN:4317,(anonymous_461)
FN:4321,union
FN:4325,(anonymous_463)
FN:4332,(anonymous_464)
FN:4334,(anonymous_465)
FN:4339,intersect
FN:4346,(anonymous_467)
FN:4348,(anonymous_468)
FN:4349,(anonymous_469)
FN:4353,(anonymous_470)
FN:4354,(anonymous_471)
FN:4360,subtract
FN:4367,(anonymous_473)
FN:4369,(anonymous_474)
FN:4370,(anonymous_475)
FN:4374,(anonymous_476)
FN:4375,(anonymous_477)
FN:4381,sort
FN:4386,sortBy
FN:4391,wasAltered
FN:4395,__iterate
FN:4398,(anonymous_482)
FN:4401,__iterator
FN:4405,__ensureOwner
FN:4433,(anonymous_485)
FN:4436,(anonymous_486)
FN:4443,updateSet
FN:4456,makeSet
FN:4465,emptySet
FN:4474,(anonymous_490)
FN:4475,Range
FN:4506,toString
FN:4520,get
FN:4526,includes
FN:4535,slice
FN:4551,indexOf
FN:4562,lastIndexOf
FN:4566,__iterate
FN:4580,__iterator
FN:4585,(anonymous_500)
FN:4595,equals
FN:4608,getIn
FN:4620,getIn$1
FN:4624,hasIn
FN:4628,hasIn$1
FN:4632,toObject
FN:4635,(anonymous_507)
FN:4653,toArray
FN:4658,(anonymous_509)
FN:4665,toIndexedSeq
FN:4669,toJS$1
FN:4673,toKeyedSeq
FN:4677,toMap
FN:4684,toOrderedMap
FN:4689,toOrderedSet
FN:4694,toSet
FN:4699,toSetSeq
FN:4703,toSeq
FN:4711,toStack
FN:4716,toList
FN:4723,toString
FN:4727,__toString
FN:4744,concat
FN:4751,includes
FN:4752,(anonymous_525)
FN:4755,entries
FN:4759,every
FN:4762,(anonymous_528)
FN:4771,filter
FN:4775,find
FN:4780,forEach
FN:4785,join
FN:4790,(anonymous_533)
FN:4797,keys
FN:4801,map
FN:4805,reduce$1
FN:4816,reduceRight
FN:4827,reverse
FN:4831,slice
FN:4835,some
FN:4839,sort
FN:4843,values
FN:4849,butLast
FN:4853,isEmpty
FN:4854,(anonymous_545)
FN:4857,count
FN:4863,countBy
FN:4867,equals
FN:4871,entrySeq
FN:4881,(anonymous_550)
FN:4885,filterNot
FN:4889,findEntry
FN:4891,(anonymous_553)
FN:4900,findKey
FN:4905,findLast
FN:4911,findLastEntry
FN:4917,findLastKey
FN:4923,first
FN:4927,flatMap
FN:4931,flatten
FN:4935,fromEntrySeq
FN:4939,get
FN:4940,(anonymous_563)
FN:4945,groupBy
FN:4949,has
FN:4955,isSubset
FN:4957,(anonymous_567)
FN:4960,isSuperset
FN:4965,keyOf
FN:4966,(anonymous_570)
FN:4969,keySeq
FN:4975,last
FN:4981,lastKeyOf
FN:4987,max
FN:4991,maxBy
FN:4995,min
FN:5002,minBy
FN:5010,rest
FN:5014,skip
FN:5018,skipLast
FN:5022,skipWhile
FN:5026,skipUntil
FN:5030,sortBy
FN:5034,take
FN:5038,takeLast
FN:5042,takeWhile
FN:5046,takeUntil
FN:5050,update
FN:5054,valueSeq
FN:5060,hashCode
FN:5076,(anonymous_591)
FN:5085,flip
FN:5089,mapEntries
FN:5096,(anonymous_594)
FN:5101,mapKeys
FN:5108,(anonymous_596)
FN:5118,(anonymous_597)
FN:5123,toKeyedSeq
FN:5129,filter
FN:5133,findIndex
FN:5138,indexOf
FN:5143,lastIndexOf
FN:5148,reverse
FN:5152,slice
FN:5156,splice
FN:5177,findLastIndex
FN:5182,first
FN:5186,flatten
FN:5190,get
FN:5195,(anonymous_610)
FN:5198,has
FN:5208,interpose
FN:5212,interleave
FN:5222,keySeq
FN:5226,last
FN:5230,skipWhile
FN:5234,zip
FN:5239,zipAll
FN:5244,zipWith
FN:5258,get
FN:5262,includes
FN:5268,keySeq
FN:5284,reduce
FN:5286,(anonymous_624)
FN:5297,keyMapper
FN:5301,entryMapper
FN:5305,not
FN:5306,(anonymous_628)
FN:5311,neg
FN:5312,(anonymous_630)
FN:5317,defaultZipper
FN:5321,defaultNegComparator
FN:5325,hashCollection
FN:5335,(anonymous_634)
FN:5338,(anonymous_635)
FN:5342,(anonymous_636)
FN:5345,(anonymous_637)
FN:5352,murmurHashOfSize
FN:5363,hashMerge
FN:5367,(anonymous_640)
FN:5368,OrderedSet
FN:5373,(anonymous_642)
FN:5376,(anonymous_643)
FN:5384,of
FN:5388,fromKeys
FN:5392,toString
FN:5409,makeOrderedSet
FN:5418,emptyOrderedSet
FN:5424,Record
FN:5427,Record
FN:5467,(anonymous_651)
FN:5469,(anonymous_652)
FN:5487,toString
FN:5498,equals
FN:5507,hashCode
FN:5513,has
FN:5517,get
FN:5528,set
FN:5541,remove
FN:5545,clear
FN:5550,wasAltered
FN:5554,toSeq
FN:5558,toJS$1
FN:5562,entries
FN:5566,__iterator
FN:5570,__iterate
FN:5574,__ensureOwner
FN:5610,(anonymous_668)
FN:5614,makeRecord
FN:5621,recordName
FN:5625,recordSeq
FN:5626,(anonymous_672)
FN:5629,setProp
FN:5632,(anonymous_674)
FN:5635,(anonymous_675)
FN:5649,(anonymous_676)
FN:5650,Repeat
FN:5670,toString
FN:5677,get
FN:5681,includes
FN:5685,slice
FN:5695,reverse
FN:5699,indexOf
FN:5706,lastIndexOf
FN:5713,__iterate
FN:5724,__iterator
FN:5730,(anonymous_687)
FN:5736,equals
FN:5747,fromJS
FN:5758,fromJSWith
FN:5773,(anonymous_691)
FN:5784,defaultConverter
FNF:693
FNH:542
FNDA:41,(anonymous_0)
FNDA:41,(anonymous_1)
FNDA:73145,MakeRef
FNDA:78406,SetRef
FNDA:1193,OwnerID
FNDA:272,ensureSize
FNDA:30477,wrapIndex
FNDA:63,returnTrue
FNDA:2592,wholeSlice
FNDA:2573,resolveBegin
FNDA:2563,resolveEnd
FNDA:5136,resolveIndex
FNDA:2794,isNeg
FNDA:247201,isCollection
FNDA:8362,isKeyed
FNDA:1371,isIndexed
FNDA:31,isAssociative
FNDA:24,Collection
FNDA:41,(anonymous_18)
FNDA:918,KeyedCollection
FNDA:41,(anonymous_20)
FNDA:476,IndexedCollection
FNDA:41,(anonymous_22)
FNDA:48,SetCollection
FNDA:1528,isSeq
FNDA:130319,isRecord
FNDA:2275,isImmutable
FNDA:95,isOrdered
FNDA:321,Iterator
FNDA:0,toString
FNDA:0,(anonymous_30)
FNDA:0,(anonymous_31)
FNDA:5073,iteratorValue
FNDA:265,iteratorDone
FNDA:1137,hasIterator
FNDA:1,isIterator
FNDA:23,getIterator
FNDA:1160,getIteratorFn
FNDA:128370,isArrayLike
FNDA:41,(anonymous_39)
FNDA:902,Seq
FNDA:151,toSeq
FNDA:0,toString
FNDA:11,cacheResult
FNDA:1018,__iterate
FNDA:28,__iterator
FNDA:0,(anonymous_46)
FNDA:41,(anonymous_47)
FNDA:1745,KeyedSeq
FNDA:245,toKeyedSeq
FNDA:41,(anonymous_50)
FNDA:127262,IndexedSeq
FNDA:8,of
FNDA:23,toIndexedSeq
FNDA:0,toString
FNDA:41,(anonymous_55)
FNDA:115472,SetSeq
FNDA:0,of
FNDA:0,toSetSeq
FNDA:41,(anonymous_59)
FNDA:129025,ArraySeq
FNDA:27,get
FNDA:1459,__iterate
FNDA:253,__iterator
FNDA:5179,(anonymous_64)
FNDA:41,(anonymous_65)
FNDA:1118,ObjectSeq
FNDA:3,get
FNDA:0,has
FNDA:446,__iterate
FNDA:1,__iterator
FNDA:4,(anonymous_71)
FNDA:41,(anonymous_72)
FNDA:1,CollectionSeq
FNDA:1,__iterateUncached
FNDA:0,__iteratorUncached
FNDA:0,(anonymous_76)
FNDA:31,emptySequence
FNDA:1750,keyedSeqFromValue
FNDA:127271,indexedSeqFromValue
FNDA:890,seqFromValue
FNDA:128161,maybeIndexedSeqFromValue
FNDA:787,isMap
FNDA:30,isOrderedMap
FNDA:17651,isValueObject
FNDA:39489,is
FNDA:0,imul
FNDA:34708,smi
FNDA:34718,hash
FNDA:15930,hashNumber
FNDA:31,cachedHashString
FNDA:18776,hashString
FNDA:8,hashJSObj
FNDA:0,(anonymous_93)
FNDA:41,(anonymous_94)
FNDA:0,getIENodeHash
FNDA:41,(anonymous_96)
FNDA:614,ToKeyedSequence
FNDA:0,get
FNDA:0,has
FNDA:0,valueSeq
FNDA:5,reverse
FNDA:0,(anonymous_102)
FNDA:16,map
FNDA:0,(anonymous_104)
FNDA:464,__iterate
FNDA:10069,(anonymous_106)
FNDA:100,__iterator
FNDA:41,(anonymous_108)
FNDA:36,ToIndexedSequence
FNDA:0,includes
FNDA:33,__iterate
FNDA:112,(anonymous_112)
FNDA:2,__iterator
FNDA:4,(anonymous_114)
FNDA:41,(anonymous_115)
FNDA:115425,ToSetSequence
FNDA:0,has
FNDA:0,__iterate
FNDA:0,(anonymous_119)
FNDA:0,__iterator
FNDA:0,(anonymous_121)
FNDA:41,(anonymous_122)
FNDA:675,FromEntriesSequence
FNDA:2,entrySeq
FNDA:56,__iterate
FNDA:109,(anonymous_126)
FNDA:5,__iterator
FNDA:9,(anonymous_128)
FNDA:209,flipFactory
FNDA:2,(anonymous_130)
FNDA:0,(anonymous_131)
FNDA:0,(anonymous_132)
FNDA:0,(anonymous_133)
FNDA:0,(anonymous_134)
FNDA:207,(anonymous_135)
FNDA:4756,(anonymous_136)
FNDA:0,(anonymous_137)
FNDA:0,(anonymous_138)
FNDA:581,mapFactory
FNDA:0,(anonymous_140)
FNDA:0,(anonymous_141)
FNDA:574,(anonymous_142)
FNDA:7934,(anonymous_143)
FNDA:5,(anonymous_144)
FNDA:21,(anonymous_145)
FNDA:29,reverseFactory
FNDA:1,(anonymous_147)
FNDA:0,(anonymous_148)
FNDA:0,(anonymous_149)
FNDA:8,(anonymous_150)
FNDA:0,(anonymous_151)
FNDA:0,(anonymous_152)
FNDA:20,(anonymous_153)
FNDA:110,(anonymous_154)
FNDA:2,(anonymous_155)
FNDA:4,(anonymous_156)
FNDA:23,filterFactory
FNDA:0,(anonymous_158)
FNDA:0,(anonymous_159)
FNDA:27,(anonymous_160)
FNDA:389,(anonymous_161)
FNDA:1,(anonymous_162)
FNDA:6,(anonymous_163)
FNDA:3,countByFactory
FNDA:16,(anonymous_165)
FNDA:16,(anonymous_166)
FNDA:6,groupByFactory
FNDA:34,(anonymous_168)
FNDA:34,(anonymous_169)
FNDA:0,(anonymous_170)
FNDA:170,sliceFactory
FNDA:1,(anonymous_172)
FNDA:163,(anonymous_173)
FNDA:4352,(anonymous_174)
FNDA:7,(anonymous_175)
FNDA:18,(anonymous_176)
FNDA:0,takeWhileFactory
FNDA:0,(anonymous_178)
FNDA:0,(anonymous_179)
FNDA:0,(anonymous_180)
FNDA:0,(anonymous_181)
FNDA:0,skipWhileFactory
FNDA:0,(anonymous_183)
FNDA:0,(anonymous_184)
FNDA:0,(anonymous_185)
FNDA:0,(anonymous_186)
FNDA:36,concatFactory
FNDA:97,(anonymous_188)
FNDA:97,(anonymous_189)
FNDA:71,(anonymous_190)
FNDA:40,flattenFactory
FNDA:35,(anonymous_192)
FNDA:96,flatDeep
FNDA:224,(anonymous_194)
FNDA:4,(anonymous_195)
FNDA:20,(anonymous_196)
FNDA:3,flatMapFactory
FNDA:16,(anonymous_198)
FNDA:2,interposeFactory
FNDA:1,(anonymous_200)
FNDA:5,(anonymous_201)
FNDA:1,(anonymous_202)
FNDA:10,(anonymous_203)
FNDA:8,sortFactory
FNDA:36,(anonymous_205)
FNDA:68,(anonymous_206)
FNDA:6,(anonymous_207)
FNDA:30,(anonymous_208)
FNDA:623,maxFactory
FNDA:16,(anonymous_210)
FNDA:12,(anonymous_211)
FNDA:14393,(anonymous_212)
FNDA:14405,maxCompare
FNDA:210,zipWithFactory
FNDA:4961,(anonymous_215)
FNDA:10,(anonymous_216)
FNDA:10,(anonymous_217)
FNDA:22,(anonymous_218)
FNDA:34,(anonymous_219)
FNDA:76,(anonymous_220)
FNDA:5,(anonymous_221)
FNDA:63,(anonymous_222)
FNDA:58,(anonymous_223)
FNDA:1395,reify
FNDA:115,validateEntry
FNDA:9,collectionClass
FNDA:1256,makeSequence
FNDA:0,cacheResultThrough
FNDA:7078,defaultComparator
FNDA:8194,arrCopy
FNDA:14515,invariant
FNDA:8805,assertNotInfinite
FNDA:224,coerceKeyPath
FNDA:503,isPlainObj
FNDA:520,isDataStructure
FNDA:44,quoteString
FNDA:79,has
FNDA:334,get
FNDA:29,shallowCopy
FNDA:3,remove
FNDA:134,set
FNDA:160,updateIn
FNDA:349,updateInDeeply
FNDA:12,setIn
FNDA:10,(anonymous_245)
FNDA:7,setIn$1
FNDA:8,removeIn
FNDA:7,(anonymous_248)
FNDA:5,deleteIn
FNDA:107,update
FNDA:51,update$1
FNDA:19,updateIn$1
FNDA:18,merge
FNDA:36,mergeWith
FNDA:53,mergeIntoKeyedWith
FNDA:50,(anonymous_256)
FNDA:56,(anonymous_257)
FNDA:56,(anonymous_258)
FNDA:29,(anonymous_259)
FNDA:3,merge$1
FNDA:0,mergeWith$1
FNDA:1,mergeDeep
FNDA:2,mergeDeepWith
FNDA:18,mergeDeepWithSources
FNDA:51,mergeWithSources
FNDA:8,(anonymous_266)
FNDA:20,(anonymous_267)
FNDA:18,deepMergerWith
FNDA:39,deepMerger
FNDA:10,mergeDeep$1
FNDA:1,mergeDeepWith$1
FNDA:5,mergeIn
FNDA:4,(anonymous_273)
FNDA:5,mergeDeepIn
FNDA:4,(anonymous_275)
FNDA:1095,withMutations
FNDA:1210,asMutable
FNDA:6,asImmutable
FNDA:1023,wasAltered
FNDA:41,(anonymous_280)
FNDA:907,Map
FNDA:753,(anonymous_282)
FNDA:11623,(anonymous_283)
FNDA:2,of
FNDA:2,(anonymous_285)
FNDA:12,toString
FNDA:12614,get
FNDA:13890,set
FNDA:8751,remove
FNDA:2,deleteAll
FNDA:1,(anonymous_291)
FNDA:2,(anonymous_292)
FNDA:0,clear
FNDA:1,sort
FNDA:0,sortBy
FNDA:8,map
FNDA:8,(anonymous_297)
FNDA:6,(anonymous_298)
FNDA:27,__iterator
FNDA:312,__iterate
FNDA:245,(anonymous_301)
FNDA:1789,__ensureOwner
FNDA:0,(anonymous_303)
FNDA:0,(anonymous_304)
FNDA:1172,ArrayMapNode
FNDA:1137,get
FNDA:4022,update
FNDA:7252,BitmapIndexedNode
FNDA:8520,get
FNDA:11847,update
FNDA:6913,HashArrayMapNode
FNDA:7035,get
FNDA:13887,update
FNDA:2,HashCollisionNode
FNDA:4,get
FNDA:0,update
FNDA:0,removeElementFromNewEntries
FNDA:12577,ValueNode
FNDA:9682,get
FNDA:11600,update
FNDA:104,(anonymous_321)
FNDA:0,(anonymous_322)
FNDA:0,(anonymous_323)
FNDA:41,(anonymous_324)
FNDA:27,MapIterator
FNDA:0,next
FNDA:0,mapIteratorValue
FNDA:25,mapIteratorFrame
FNDA:8899,makeMap
FNDA:1233,emptyMap
FNDA:22641,updateMap
FNDA:47581,updateNode
FNDA:2293,isLeafNode
FNDA:3365,mergeIntoNode
FNDA:335,createNodes
FNDA:181,packNodes
FNDA:256,expandNodes
FNDA:19305,popCount
FNDA:14156,setAt
FNDA:6215,spliceIn
FNDA:1939,spliceOut
FNDA:222,isList
FNDA:41,(anonymous_343)
FNDA:289,List
FNDA:15,(anonymous_345)
FNDA:29230,(anonymous_346)
FNDA:75,of
FNDA:1,toString
FNDA:241,get
FNDA:29554,set
FNDA:3,remove
FNDA:1,insert
FNDA:24,clear
FNDA:20,push
FNDA:20,(anonymous_355)
FNDA:5,pop
FNDA:2,unshift
FNDA:2,(anonymous_358)
FNDA:2,shift
FNDA:11,concat
FNDA:6,(anonymous_361)
FNDA:8,(anonymous_362)
FNDA:5,(anonymous_363)
FNDA:81,setSize
FNDA:4,map
FNDA:4,(anonymous_366)
FNDA:67,slice
FNDA:12,__iterator
FNDA:0,(anonymous_369)
FNDA:99,__iterate
FNDA:378,__ensureOwner
FNDA:0,(anonymous_372)
FNDA:0,(anonymous_373)
FNDA:1327,VNode
FNDA:120,removeBefore
FNDA:28,removeAfter
FNDA:111,iterateList
FNDA:111,iterateNodeOrLeaf
FNDA:0,iterateLeaf
FNDA:0,(anonymous_380)
FNDA:111,iterateNode
FNDA:111,iteratingOnArray
FNDA:441,makeList
FNDA:321,emptyList
FNDA:29554,updateList
FNDA:101,(anonymous_386)
FNDA:87635,updateVNode
FNDA:30439,editableVNode
FNDA:218,listNodeFor
FNDA:266,setListBounds
FNDA:30224,getTailOffset
FNDA:41,(anonymous_392)
FNDA:42,OrderedMap
FNDA:28,(anonymous_394)
FNDA:62,(anonymous_395)
FNDA:0,of
FNDA:1,toString
FNDA:48,get
FNDA:0,clear
FNDA:93,set
FNDA:3,remove
FNDA:28,wasAltered
FNDA:17,__iterate
FNDA:0,(anonymous_404)
FNDA:2,__iterator
FNDA:66,__ensureOwner
FNDA:69,makeOrderedMap
FNDA:44,emptyOrderedMap
FNDA:96,updateOrderedMap
FNDA:0,(anonymous_410)
FNDA:0,(anonymous_411)
FNDA:443,isStack
FNDA:41,(anonymous_413)
FNDA:333,Stack
FNDA:12,of
FNDA:0,toString
FNDA:13,get
FNDA:2,peek
FNDA:2450,push
FNDA:229,pushAll
FNDA:5014,(anonymous_421)
FNDA:2236,pop
FNDA:0,clear
FNDA:2237,slice
FNDA:3,__ensureOwner
FNDA:4915,__iterate
FNDA:12,(anonymous_427)
FNDA:4,__iterator
FNDA:14,(anonymous_429)
FNDA:4,(anonymous_430)
FNDA:2,(anonymous_431)
FNDA:4905,makeStack
FNDA:333,emptyStack
FNDA:49,isSet
FNDA:6,isOrderedSet
FNDA:21,deepEqual
FNDA:36,(anonymous_437)
FNDA:16,(anonymous_438)
FNDA:287,mixin
FNDA:5781,(anonymous_440)
FNDA:167,toJS
FNDA:80,(anonymous_442)
FNDA:42,(anonymous_443)
FNDA:41,(anonymous_444)
FNDA:54,Set
FNDA:41,(anonymous_446)
FNDA:0,(anonymous_447)
FNDA:13,of
FNDA:2,fromKeys
FNDA:0,intersect
FNDA:0,union
FNDA:0,toString
FNDA:2,has
FNDA:21,add
FNDA:2,remove
FNDA:0,clear
FNDA:0,map
FNDA:0,(anonymous_458)
FNDA:0,(anonymous_459)
FNDA:0,(anonymous_460)
FNDA:0,(anonymous_461)
FNDA:1,union
FNDA:1,(anonymous_463)
FNDA:1,(anonymous_464)
FNDA:0,(anonymous_465)
FNDA:0,intersect
FNDA:0,(anonymous_467)
FNDA:0,(anonymous_468)
FNDA:0,(anonymous_469)
FNDA:0,(anonymous_470)
FNDA:0,(anonymous_471)
FNDA:0,subtract
FNDA:0,(anonymous_473)
FNDA:0,(anonymous_474)
FNDA:0,(anonymous_475)
FNDA:0,(anonymous_476)
FNDA:0,(anonymous_477)
FNDA:0,sort
FNDA:0,sortBy
FNDA:1,wasAltered
FNDA:2,__iterate
FNDA:0,(anonymous_482)
FNDA:0,__iterator
FNDA:50,__ensureOwner
FNDA:0,(anonymous_485)
FNDA:0,(anonymous_486)
FNDA:23,updateSet
FNDA:67,makeSet
FNDA:54,emptySet
FNDA:41,(anonymous_490)
FNDA:11303,Range
FNDA:0,toString
FNDA:311,get
FNDA:0,includes
FNDA:116,slice
FNDA:1,indexOf
FNDA:0,lastIndexOf
FNDA:753,__iterate
FNDA:5,__iterator
FNDA:31,(anonymous_500)
FNDA:0,equals
FNDA:64,getIn
FNDA:25,getIn$1
FNDA:24,hasIn
FNDA:13,hasIn$1
FNDA:233,toObject
FNDA:108,(anonymous_507)
FNDA:5668,toArray
FNDA:116963,(anonymous_509)
FNDA:36,toIndexedSeq
FNDA:45,toJS$1
FNDA:63,toKeyedSeq
FNDA:538,toMap
FNDA:13,toOrderedMap
FNDA:0,toOrderedSet
FNDA:1,toSet
FNDA:115453,toSetSeq
FNDA:70,toSeq
FNDA:1,toStack
FNDA:57,toList
FNDA:0,toString
FNDA:14,__toString
FNDA:36,concat
FNDA:0,includes
FNDA:0,(anonymous_525)
FNDA:249,entries
FNDA:22,every
FNDA:51,(anonymous_528)
FNDA:3,filter
FNDA:19,find
FNDA:936,forEach
FNDA:120,join
FNDA:2432,(anonymous_533)
FNDA:0,keys
FNDA:565,map
FNDA:628,reduce$1
FNDA:1,reduceRight
FNDA:6,reverse
FNDA:15,slice
FNDA:8,some
FNDA:5,sort
FNDA:36,values
FNDA:16,butLast
FNDA:6,isEmpty
FNDA:2,(anonymous_545)
FNDA:6,count
FNDA:3,countBy
FNDA:21,equals
FNDA:28,entrySeq
FNDA:0,(anonymous_550)
FNDA:1,filterNot
FNDA:28,findEntry
FNDA:132,(anonymous_553)
FNDA:5,findKey
FNDA:0,findLast
FNDA:1,findLastEntry
FNDA:0,findLastKey
FNDA:0,first
FNDA:3,flatMap
FNDA:9,flatten
FNDA:675,fromEntrySeq
FNDA:11,get
FNDA:21,(anonymous_563)
FNDA:6,groupBy
FNDA:6111,has
FNDA:0,isSubset
FNDA:0,(anonymous_567)
FNDA:0,isSuperset
FNDA:5,keyOf
FNDA:10,(anonymous_570)
FNDA:7,keySeq
FNDA:0,last
FNDA:1,lastKeyOf
FNDA:308,max
FNDA:2,maxBy
FNDA:311,min
FNDA:2,minBy
FNDA:18,rest
FNDA:11,skip
FNDA:2,skipLast
FNDA:0,skipWhile
FNDA:0,skipUntil
FNDA:2,sortBy
FNDA:24,take
FNDA:3,takeLast
FNDA:0,takeWhile
FNDA:0,takeUntil
FNDA:0,update
FNDA:13,valueSeq
FNDA:2,hashCode
FNDA:0,(anonymous_591)
FNDA:209,flip
FNDA:0,mapEntries
FNDA:0,(anonymous_594)
FNDA:101,mapKeys
FNDA:2369,(anonymous_596)
FNDA:20,(anonymous_597)
FNDA:551,toKeyedSeq
FNDA:20,filter
FNDA:1,findIndex
FNDA:4,indexOf
FNDA:1,lastIndexOf
FNDA:18,reverse
FNDA:155,slice
FNDA:11,splice
FNDA:0,findLastIndex
FNDA:30,first
FNDA:31,flatten
FNDA:7,get
FNDA:83,(anonymous_610)
FNDA:345,has
FNDA:2,interpose
FNDA:3,interleave
FNDA:1,keySeq
FNDA:127,last
FNDA:0,skipWhile
FNDA:104,zip
FNDA:101,zipAll
FNDA:2,zipWith
FNDA:0,get
FNDA:0,includes
FNDA:0,keySeq
FNDA:629,reduce
FNDA:15018,(anonymous_624)
FNDA:27,keyMapper
FNDA:115,entryMapper
FNDA:9,not
FNDA:15,(anonymous_628)
FNDA:2,neg
FNDA:11,(anonymous_630)
FNDA:14,defaultZipper
FNDA:7345,defaultNegComparator
FNDA:2,hashCollection
FNDA:0,(anonymous_634)
FNDA:0,(anonymous_635)
FNDA:2,(anonymous_636)
FNDA:0,(anonymous_637)
FNDA:2,murmurHashOfSize
FNDA:0,hashMerge
FNDA:41,(anonymous_640)
FNDA:8,OrderedSet
FNDA:6,(anonymous_642)
FNDA:0,(anonymous_643)
FNDA:4,of
FNDA:0,fromKeys
FNDA:0,toString
FNDA:14,makeOrderedSet
FNDA:8,emptyOrderedSet
FNDA:38,Record
FNDA:93,Record
FNDA:50,(anonymous_651)
FNDA:44,(anonymous_652)
FNDA:1,toString
FNDA:6,equals
FNDA:0,hashCode
FNDA:132,has
FNDA:109,get
FNDA:23,set
FNDA:2,remove
FNDA:3,clear
FNDA:7,wasAltered
FNDA:13,toSeq
FNDA:0,toJS$1
FNDA:3,entries
FNDA:3,__iterator
FNDA:6,__iterate
FNDA:12,__ensureOwner
FNDA:0,(anonymous_668)
FNDA:19,makeRecord
FNDA:5,recordName
FNDA:30,recordSeq
FNDA:72,(anonymous_672)
FNDA:74,setProp
FNDA:21,(anonymous_674)
FNDA:5,(anonymous_675)
FNDA:41,(anonymous_676)
FNDA:4,Repeat
FNDA:0,toString
FNDA:2,get
FNDA:0,includes
FNDA:2,slice
FNDA:0,reverse
FNDA:0,indexOf
FNDA:0,lastIndexOf
FNDA:4,__iterate
FNDA:0,__iterator
FNDA:0,(anonymous_687)
FNDA:0,equals
FNDA:77,fromJS
FNDA:415,fromJSWith
FNDA:338,(anonymous_691)
FNDA:174,defaultConverter
DA:8,41
DA:9,41
DA:15,41
DA:18,41
DA:19,41
DA:20,41
DA:24,41
DA:28,73145
DA:32,78406
DA:33,73046
DA:43,272
DA:44,5
DA:46,272
DA:57,30477
DA:58,16
DA:59,16
DA:60,13
DA:62,3
DA:64,30464
DA:68,63
DA:72,2592
DA:80,2573
DA:84,2563
DA:90,5136
DA:103,2794
DA:107,41
DA:110,247201
DA:113,41
DA:116,8362
DA:119,41
DA:122,1371
DA:126,31
DA:129,41
DA:130,24
DA:133,41
DA:135,918
DA:138,41
DA:139,41
DA:140,41
DA:142,41
DA:145,41
DA:147,476
DA:150,41
DA:151,41
DA:152,41
DA:154,41
DA:157,41
DA:159,48
DA:162,41
DA:163,41
DA:164,41
DA:166,41
DA:169,41
DA:170,41
DA:171,41
DA:173,41
DA:176,1528
DA:179,41
DA:182,130319
DA:186,2275
DA:189,41
DA:192,95
DA:195,41
DA:196,41
DA:197,41
DA:199,41
DA:200,41
DA:202,41
DA:204,41
DA:205,321
DA:208,41
DA:209,0
DA:212,41
DA:213,41
DA:214,41
DA:216,41
DA:217,0
DA:219,41
DA:220,0
DA:224,5073
DA:225,5073
DA:231,5073
DA:235,265
DA:239,1137
DA:243,1
DA:247,23
DA:248,23
DA:253,1160
DA:256,1160
DA:257,37
DA:261,41
DA:264,128370
DA:265,128195
DA:268,174
DA:282,41
DA:284,902
DA:285,9
DA:287,893
DA:291,41
DA:292,41
DA:293,41
DA:295,41
DA:296,151
DA:299,41
DA:300,0
DA:303,41
DA:304,11
DA:305,11
DA:306,10
DA:308,10
DA:313,41
DA:314,1018
DA:315,1018
DA:316,10
DA:317,10
DA:318,10
DA:319,51
DA:320,51
DA:321,1
DA:324,10
DA:326,1008
DA:331,41
DA:332,28
DA:333,28
DA:334,0
DA:335,0
DA:336,0
DA:337,0
DA:338,0
DA:340,0
DA:341,0
DA:344,28
DA:347,41
DA:350,41
DA:352,1745
DA:353,22
DA:354,1723
DA:355,1
DA:356,0
DA:358,1
DA:359,1722
DA:360,4
DA:362,1718
DA:365,41
DA:366,41
DA:367,41
DA:369,41
DA:370,245
DA:373,41
DA:376,41
DA:378,127262
DA:379,0
DA:380,127262
DA:381,7
DA:382,3
DA:384,4
DA:385,127254
DA:386,1
DA:388,127253
DA:391,41
DA:392,41
DA:393,41
DA:395,41
DA:396,8
DA:399,41
DA:400,23
DA:403,41
DA:404,0
DA:407,41
DA:410,41
DA:412,115472
DA:418,41
DA:419,41
DA:420,41
DA:422,41
DA:423,0
DA:426,41
DA:427,0
DA:430,41
DA:433,41
DA:434,41
DA:435,41
DA:436,41
DA:438,41
DA:442,41
DA:444,129025
DA:445,129025
DA:448,41
DA:449,41
DA:450,41
DA:452,41
DA:453,27
DA:456,41
DA:457,1459
DA:458,1459
DA:459,1459
DA:460,1459
DA:461,32968
DA:462,32968
DA:463,140
DA:466,1454
DA:469,41
DA:470,253
DA:471,253
DA:472,253
DA:473,253
DA:474,5179
DA:475,243
DA:477,4936
DA:478,4936
DA:482,41
DA:485,41
DA:487,1118
DA:488,1118
DA:489,1118
DA:490,1118
DA:493,41
DA:494,41
DA:495,41
DA:497,41
DA:498,3
DA:499,0
DA:501,3
DA:504,41
DA:505,0
DA:508,41
DA:509,446
DA:510,446
DA:511,446
DA:512,446
DA:513,446
DA:514,1914
DA:515,1914
DA:516,5
DA:519,443
DA:522,41
DA:523,1
DA:524,1
DA:525,1
DA:526,1
DA:527,1
DA:528,4
DA:529,1
DA:531,3
DA:532,3
DA:536,41
DA:538,41
DA:540,41
DA:542,1
DA:543,1
DA:546,41
DA:547,41
DA:548,41
DA:550,41
DA:551,1
DA:552,0
DA:554,1
DA:555,1
DA:556,1
DA:557,1
DA:559,1
DA:560,1
DA:561,0
DA:565,0
DA:568,41
DA:569,0
DA:570,0
DA:572,0
DA:573,0
DA:574,0
DA:575,0
DA:577,0
DA:578,0
DA:579,0
DA:580,0
DA:584,41
DA:592,31
DA:596,1750
DA:601,1750
DA:602,672
DA:604,1078
DA:605,1077
DA:607,1
DA:614,127271
DA:615,127255
DA:616,127254
DA:618,1
DA:624,890
DA:625,890
DA:626,848
DA:628,42
DA:629,41
DA:631,1
DA:637,128161
DA:644,41
DA:647,787
DA:651,30
DA:655,17651
DA:717,39489
DA:718,19126
DA:720,20363
DA:721,2733
DA:723,17630
DA:727,17630
DA:728,17630
DA:729,17630
DA:730,10
DA:732,17620
DA:733,0
DA:736,17620
DA:744,41
DA:747,0
DA:748,0
DA:749,0
DA:750,0
DA:752,0
DA:760,34708
DA:763,41
DA:766,34718
DA:771,2
DA:773,15930
DA:775,18776
DA:780,9
DA:781,1
DA:783,8
DA:785,0
DA:787,8
DA:788,0
DA:790,8
DA:792,1
DA:794,0
DA:795,0
DA:797,0
DA:803,15930
DA:804,0
DA:806,15930
DA:807,15930
DA:808,4
DA:810,15930
DA:811,0
DA:812,0
DA:814,15930
DA:818,31
DA:819,31
DA:820,31
DA:821,31
DA:822,0
DA:823,0
DA:825,31
DA:826,31
DA:828,31
DA:839,18776
DA:840,18776
DA:841,109860
DA:843,18776
DA:848,8
DA:849,8
DA:850,8
DA:851,4
DA:855,4
DA:856,4
DA:857,0
DA:860,4
DA:861,0
DA:862,0
DA:863,0
DA:866,0
DA:867,0
DA:868,0
DA:872,4
DA:873,4
DA:874,0
DA:877,4
DA:878,4
DA:879,0
DA:880,0
DA:881,0
DA:882,0
DA:888,0
DA:896,0
DA:897,0
DA:902,0
DA:903,0
DA:908,0
DA:910,0
DA:913,4
DA:917,41
DA:920,41
DA:921,41
DA:922,41
DA:923,41
DA:925,0
DA:932,0
DA:933,0
DA:935,0
DA:937,0
DA:943,41
DA:945,41
DA:946,41
DA:949,41
DA:951,41
DA:952,41
DA:953,41
DA:956,41
DA:957,41
DA:958,41
DA:959,41
DA:961,41
DA:963,614
DA:964,614
DA:965,614
DA:966,614
DA:967,614
DA:970,41
DA:971,41
DA:972,41
DA:974,41
DA:975,0
DA:978,41
DA:979,0
DA:982,41
DA:983,0
DA:986,41
DA:987,5
DA:989,5
DA:990,5
DA:991,5
DA:993,5
DA:996,41
DA:997,16
DA:999,16
DA:1000,16
DA:1001,0
DA:1003,16
DA:1006,41
DA:1007,464
DA:1009,10069
DA:1012,41
DA:1013,100
DA:1016,41
DA:1018,41
DA:1020,41
DA:1022,36
DA:1023,36
DA:1024,36
DA:1025,36
DA:1028,41
DA:1029,41
DA:1030,41
DA:1032,41
DA:1033,0
DA:1036,41
DA:1037,33
DA:1039,33
DA:1040,33
DA:1041,33
DA:1042,112
DA:1047,41
DA:1048,2
DA:1050,2
DA:1051,1
DA:1052,1
DA:1053,1
DA:1054,4
DA:1055,4
DA:1066,41
DA:1069,41
DA:1071,115425
DA:1072,115425
DA:1073,0
DA:1074,0
DA:1077,41
DA:1078,41
DA:1079,41
DA:1081,41
DA:1082,0
DA:1085,41
DA:1086,0
DA:1088,0
DA:1091,41
DA:1092,0
DA:1093,0
DA:1094,0
DA:1095,0
DA:1101,41
DA:1104,41
DA:1106,675
DA:1107,675
DA:1108,675
DA:1109,675
DA:1112,41
DA:1113,41
DA:1114,41
DA:1116,41
DA:1117,2
DA:1120,41
DA:1121,56
DA:1123,56
DA:1126,109
DA:1127,109
DA:1128,106
DA:1129,106
DA:1138,41
DA:1139,5
DA:1140,3
DA:1141,9
DA:1142,9
DA:1143,9
DA:1144,3
DA:1146,6
DA:1149,6
DA:1150,6
DA:1151,6
DA:1152,6
DA:1163,41
DA:1166,41
DA:1169,209
DA:1170,209
DA:1171,209
DA:1172,209
DA:1173,209
DA:1174,0
DA:1175,0
DA:1176,0
DA:1178,209
DA:1179,209
DA:1180,209
DA:1181,209
DA:1182,207
DA:1184,4756
DA:1186,209
DA:1187,0
DA:1188,0
DA:1189,0
DA:1190,0
DA:1191,0
DA:1192,0
DA:1193,0
DA:1194,0
DA:1196,0
DA:1199,0
DA:1204,209
DA:1208,581
DA:1209,581
DA:1210,581
DA:1211,581
DA:1212,0
DA:1213,0
DA:1217,581
DA:1218,574
DA:1220,574
DA:1221,7934
DA:1225,581
DA:1226,5
DA:1227,5
DA:1228,21
DA:1229,21
DA:1230,3
DA:1232,18
DA:1233,18
DA:1234,18
DA:1242,581
DA:1246,29
DA:1248,29
DA:1249,29
DA:1250,29
DA:1251,29
DA:1252,29
DA:1253,11
DA:1254,0
DA:1255,0
DA:1256,0
DA:1259,29
DA:1260,29
DA:1261,29
DA:1262,29
DA:1263,29
DA:1264,20
DA:1266,20
DA:1267,20
DA:1268,20
DA:1269,110
DA:1273,29
DA:1274,2
DA:1275,2
DA:1276,2
DA:1277,1
DA:1278,4
DA:1279,4
DA:1280,1
DA:1282,3
DA:1283,3
DA:1291,29
DA:1295,23
DA:1296,23
DA:1297,3
DA:1298,0
DA:1299,0
DA:1301,3
DA:1302,0
DA:1303,0
DA:1308,23
DA:1309,27
DA:1311,27
DA:1312,27
DA:1313,389
DA:1314,197
DA:1315,197
DA:1318,24
DA:1320,23
DA:1321,1
DA:1322,1
DA:1323,1
DA:1324,6
DA:1325,11
DA:1326,11
DA:1327,1
DA:1329,10
DA:1330,10
DA:1331,10
DA:1332,10
DA:1333,5
DA:1338,23
DA:1342,3
DA:1343,3
DA:1344,16
DA:1346,3
DA:1350,6
DA:1351,6
DA:1352,6
DA:1353,34
DA:1355,34
DA:1358,6
DA:1359,6
DA:1363,170
DA:1365,170
DA:1366,8
DA:1369,162
DA:1370,162
DA:1375,162
DA:1376,0
DA:1383,162
DA:1385,162
DA:1386,159
DA:1389,162
DA:1393,162
DA:1396,162
DA:1397,145
DA:1398,1
DA:1399,1
DA:1405,162
DA:1406,163
DA:1408,163
DA:1409,15
DA:1411,148
DA:1412,7
DA:1414,141
DA:1415,141
DA:1416,141
DA:1417,141
DA:1418,4352
DA:1419,3189
DA:1420,3189
DA:1426,141
DA:1429,162
DA:1430,7
DA:1431,0
DA:1434,7
DA:1435,1
DA:1437,6
DA:1438,6
DA:1439,6
DA:1440,6
DA:1441,18
DA:1442,12
DA:1444,18
DA:1445,5
DA:1447,13
DA:1448,13
DA:1449,7
DA:1451,6
DA:1452,0
DA:1454,6
DA:1458,162
DA:1462,0
DA:1463,0
DA:1464,0
DA:1466,0
DA:1467,0
DA:1469,0
DA:1470,0
DA:1471,0
DA:1473,0
DA:1475,0
DA:1476,0
DA:1478,0
DA:1479,0
DA:1481,0
DA:1482,0
DA:1483,0
DA:1484,0
DA:1485,0
DA:1487,0
DA:1488,0
DA:1489,0
DA:1491,0
DA:1492,0
DA:1493,0
DA:1494,0
DA:1495,0
DA:1496,0
DA:1498,0
DA:1501,0
DA:1505,0
DA:1506,0
DA:1507,0
DA:1509,0
DA:1510,0
DA:1512,0
DA:1513,0
DA:1514,0
DA:1515,0
DA:1516,0
DA:1517,0
DA:1520,0
DA:1522,0
DA:1523,0
DA:1525,0
DA:1526,0
DA:1528,0
DA:1529,0
DA:1530,0
DA:1531,0
DA:1535,0
DA:1536,0
DA:1537,0
DA:1538,0
DA:1539,0
DA:1541,0
DA:1542,0
DA:1544,0
DA:1546,0
DA:1547,0
DA:1548,0
DA:1549,0
DA:1551,0
DA:1554,0
DA:1558,36
DA:1559,36
DA:1562,97
DA:1563,20
DA:1566,77
DA:1567,20
DA:1569,97
DA:1571,97
DA:1573,36
DA:1574,1
DA:1577,35
DA:1578,8
DA:1579,8
DA:1584,8
DA:1588,27
DA:1589,27
DA:1590,9
DA:1591,18
DA:1592,0
DA:1594,27
DA:1595,27
DA:1596,71
DA:1597,67
DA:1598,67
DA:1599,65
DA:1603,27
DA:1607,40
DA:1608,40
DA:1609,35
DA:1610,4
DA:1612,31
DA:1613,31
DA:1615,96
DA:1616,224
DA:1617,65
DA:1619,159
DA:1620,159
DA:1621,1
DA:1624,220
DA:1627,31
DA:1628,22
DA:1630,40
DA:1631,4
DA:1632,0
DA:1634,4
DA:1635,4
DA:1636,4
DA:1637,4
DA:1638,20
DA:1639,46
DA:1640,46
DA:1641,14
DA:1642,14
DA:1644,32
DA:1645,32
DA:1646,32
DA:1648,32
DA:1649,14
DA:1650,14
DA:1652,18
DA:1655,2
DA:1658,40
DA:1662,3
DA:1663,3
DA:1665,16
DA:1670,2
DA:1671,2
DA:1672,2
DA:1673,1
DA:1675,1
DA:1676,1
DA:1677,5
DA:1681,1
DA:1683,2
DA:1684,1
DA:1685,1
DA:1687,1
DA:1688,10
DA:1689,6
DA:1690,6
DA:1691,1
DA:1694,9
DA:1699,2
DA:1703,8
DA:1704,6
DA:1706,8
DA:1707,8
DA:1708,8
DA:1710,36
DA:1713,68
DA:1716,6
DA:1719,30
DA:1722,5
DA:1730,623
DA:1731,308
DA:1733,623
DA:1734,4
DA:1736,16
DA:1737,12
DA:1738,4
DA:1740,14393
DA:1744,14405
DA:1747,14405
DA:1754,210
DA:1755,4961
DA:1756,210
DA:1759,210
DA:1773,10
DA:1775,9
DA:1776,9
DA:1777,26
DA:1778,0
DA:1781,8
DA:1783,210
DA:1784,10
DA:1785,22
DA:1787,9
DA:1788,9
DA:1789,9
DA:1791,34
DA:1792,76
DA:1793,63
DA:1795,34
DA:1796,8
DA:1798,26
DA:1801,58
DA:1805,210
DA:1811,1395
DA:1815,115
DA:1816,3
DA:1821,9
DA:1829,1256
DA:1840,0
DA:1841,0
DA:1842,0
DA:1843,0
DA:1845,0
DA:1849,7078
DA:1850,1110
DA:1853,5968
DA:1854,43
DA:1857,5925
DA:1858,1100
DA:1861,4825
DA:1866,8194
DA:1867,8194
DA:1868,8194
DA:1869,8194
DA:1870,229551
DA:1872,8194
DA:1876,14515
DA:1880,8805
DA:1887,224
DA:1888,205
DA:1890,19
DA:1891,8
DA:1893,11
DA:1899,503
DA:1911,520
DA:1921,44
DA:1922,44
DA:1924,0
DA:1929,79
DA:1935,334
DA:1945,29
DA:1946,4
DA:1948,25
DA:1949,25
DA:1950,22
DA:1951,22
DA:1954,25
DA:1958,3
DA:1959,0
DA:1963,3
DA:1964,2
DA:1965,0
DA:1969,2
DA:1971,1
DA:1972,0
DA:1974,1
DA:1975,1
DA:1976,0
DA:1978,1
DA:1980,1
DA:1984,134
DA:1985,0
DA:1989,134
DA:1990,117
DA:1991,0
DA:1995,117
DA:1997,17
DA:1998,0
DA:2000,17
DA:2001,17
DA:2002,17
DA:2006,160
DA:2007,60
DA:2008,60
DA:2010,160
DA:2018,150
DA:2029,349
DA:2030,349
DA:2031,150
DA:2032,150
DA:2033,150
DA:2035,199
DA:2036,1
DA:2043,198
DA:2044,198
DA:2045,198
DA:2053,195
DA:2065,12
DA:2069,7
DA:2073,8
DA:2077,5
DA:2081,107
DA:2085,51
DA:2091,19
DA:2095,18
DA:2096,18
DA:2098,18
DA:2102,36
DA:2103,36
DA:2105,36
DA:2106,1
DA:2108,35
DA:2112,53
DA:2113,53
DA:2114,53
DA:2115,53
DA:2116,51
DA:2119,53
DA:2120,2
DA:2122,51
DA:2127,1
DA:2129,50
DA:2130,50
DA:2132,56
DA:2136,56
DA:2140,29
DA:2142,50
DA:2143,50
DA:2149,3
DA:2150,6
DA:2152,3
DA:2156,0
DA:2157,0
DA:2159,0
DA:2163,1
DA:2164,1
DA:2166,1
DA:2170,2
DA:2171,2
DA:2173,2
DA:2177,18
DA:2181,51
DA:2182,0
DA:2186,51
DA:2187,36
DA:2193,15
DA:2194,15
DA:2195,15
DA:2196,15
DA:2199,8
DA:2200,3
DA:2202,8
DA:2205,20
DA:2207,20
DA:2208,20
DA:2210,17
DA:2211,8
DA:2213,17
DA:2216,15
DA:2217,18
DA:2219,14
DA:2224,39
DA:2230,18
DA:2234,10
DA:2235,10
DA:2237,10
DA:2241,1
DA:2242,1
DA:2244,1
DA:2248,5
DA:2249,5
DA:2251,5
DA:2255,5
DA:2256,5
DA:2258,5
DA:2263,1095
DA:2264,1095
DA:2265,1019
DA:2269,1210
DA:2273,6
DA:2277,1023
DA:2280,41
DA:2282,907
DA:2287,753
DA:2288,752
DA:2289,11623
DA:2293,41
DA:2294,41
DA:2295,41
DA:2297,41
DA:2298,2
DA:2299,9
DA:2301,2
DA:2302,2
DA:2303,5
DA:2304,1
DA:2306,4
DA:2311,41
DA:2312,12
DA:2317,41
DA:2318,12614
DA:2325,41
DA:2326,13890
DA:2329,41
DA:2330,8751
DA:2333,41
DA:2334,2
DA:2336,2
DA:2337,1
DA:2340,1
DA:2341,2
DA:2345,41
DA:2346,0
DA:2347,0
DA:2349,0
DA:2350,0
DA:2351,0
DA:2352,0
DA:2353,0
DA:2354,0
DA:2356,0
DA:2361,41
DA:2363,1
DA:2366,41
DA:2368,0
DA:2371,41
DA:2372,8
DA:2373,8
DA:2374,6
DA:2381,41
DA:2382,27
DA:2385,41
DA:2386,312
DA:2388,312
DA:2389,312
DA:2391,245
DA:2392,245
DA:2394,307
DA:2397,41
DA:2398,1789
DA:2399,0
DA:2401,1789
DA:2402,795
DA:2403,1
DA:2405,794
DA:2406,794
DA:2407,794
DA:2409,994
DA:2412,41
DA:2415,41
DA:2417,41
DA:2418,41
DA:2419,41
DA:2420,41
DA:2421,41
DA:2422,41
DA:2423,41
DA:2424,41
DA:2425,41
DA:2426,41
DA:2427,41
DA:2428,41
DA:2429,41
DA:2430,41
DA:2431,41
DA:2432,41
DA:2433,41
DA:2434,41
DA:2435,41
DA:2436,0
DA:2438,41
DA:2439,0
DA:2444,41
DA:2445,1172
DA:2446,1172
DA:2449,41
DA:2450,1137
DA:2451,1137
DA:2452,2649
DA:2453,888
DA:2456,249
DA:2459,41
DA:2460,4022
DA:2462,4022
DA:2463,4022
DA:2464,4022
DA:2465,4022
DA:2466,15146
DA:2467,569
DA:2470,4022
DA:2472,4022
DA:2473,5
DA:2476,4017
DA:2477,4017
DA:2479,4017
DA:2480,127
DA:2483,3890
DA:2484,335
DA:2487,3555
DA:2488,3555
DA:2490,3555
DA:2491,437
DA:2492,363
DA:2496,74
DA:2499,3118
DA:2502,3555
DA:2503,3177
DA:2504,3177
DA:2507,378
DA:2510,41
DA:2511,7252
DA:2512,7252
DA:2513,7252
DA:2516,41
DA:2517,8520
DA:2518,3980
DA:2520,8520
DA:2521,8520
DA:2522,8520
DA:2532,41
DA:2533,11847
DA:2534,6873
DA:2536,11847
DA:2537,11847
DA:2538,11847
DA:2539,11847
DA:2541,11847
DA:2542,0
DA:2545,11847
DA:2546,11847
DA:2547,11847
DA:2548,11847
DA:2559,11847
DA:2560,39
DA:2563,11808
DA:2564,256
DA:2567,11552
DA:2573,2275
DA:2576,9277
DA:2577,11
DA:2580,9266
DA:2581,9266
DA:2582,9266
DA:2588,9266
DA:2589,5558
DA:2590,5558
DA:2591,5558
DA:2594,3708
DA:2597,41
DA:2598,6913
DA:2599,6913
DA:2600,6913
DA:2603,41
DA:2604,7035
DA:2605,7034
DA:2607,7035
DA:2608,7035
DA:2609,7035
DA:2614,41
DA:2615,13887
DA:2616,13037
DA:2618,13887
DA:2619,13887
DA:2620,13887
DA:2621,13887
DA:2623,13887
DA:2624,0
DA:2627,13887
DA:2637,13887
DA:2638,662
DA:2641,13225
DA:2642,13225
DA:2643,2434
DA:2644,10791
DA:2645,3787
DA:2646,3787
DA:2647,181
DA:2651,13044
DA:2652,13044
DA:2654,13044
DA:2655,6387
DA:2656,6387
DA:2657,6387
DA:2660,6657
DA:2663,41
DA:2664,2
DA:2665,2
DA:2666,2
DA:2669,41
DA:2670,4
DA:2671,4
DA:2672,6
DA:2673,4
DA:2676,0
DA:2679,41
DA:2680,0
DA:2681,0
DA:2684,0
DA:2686,0
DA:2687,0
DA:2688,0
DA:2690,0
DA:2691,0
DA:2692,0
DA:2695,0
DA:2696,0
DA:2697,0
DA:2698,0
DA:2699,0
DA:2700,0
DA:2703,0
DA:2705,0
DA:2706,0
DA:2709,0
DA:2710,0
DA:2712,0
DA:2713,0
DA:2716,0
DA:2717,0
DA:2719,0
DA:2720,0
DA:2721,0
DA:2723,0
DA:2726,0
DA:2729,0
DA:2730,0
DA:2731,0
DA:2734,0
DA:2737,41
DA:2738,0
DA:2739,0
DA:2741,0
DA:2745,41
DA:2746,12577
DA:2747,12577
DA:2748,12577
DA:2751,41
DA:2752,9682
DA:2755,41
DA:2756,11600
DA:2757,11600
DA:2758,11600
DA:2759,0
DA:2762,11600
DA:2764,11600
DA:2765,8261
DA:2766,8261
DA:2769,3339
DA:2770,0
DA:2771,0
DA:2772,0
DA:2774,0
DA:2777,3339
DA:2778,3339
DA:2783,41
DA:2787,104
DA:2788,104
DA:2789,245
DA:2790,0
DA:2795,41
DA:2799,0
DA:2800,0
DA:2801,0
DA:2802,0
DA:2803,0
DA:2809,41
DA:2810,0
DA:2813,41
DA:2815,27
DA:2816,27
DA:2817,27
DA:2818,27
DA:2821,41
DA:2822,41
DA:2823,41
DA:2825,41
DA:2826,0
DA:2827,0
DA:2828,0
DA:2829,0
DA:2830,0
DA:2831,0
DA:2832,0
DA:2833,0
DA:2834,0
DA:2836,0
DA:2837,0
DA:2838,0
DA:2839,0
DA:2845,0
DA:2846,0
DA:2847,0
DA:2848,0
DA:2849,0
DA:2850,0
DA:2852,0
DA:2854,0
DA:2857,0
DA:2859,0
DA:2862,41
DA:2866,0
DA:2870,25
DA:2878,8899
DA:2879,8899
DA:2880,8899
DA:2881,8899
DA:2882,8899
DA:2883,8899
DA:2884,8899
DA:2889,1233
DA:2895,22641
DA:2896,794
DA:2897,0
DA:2899,794
DA:2900,794
DA:2902,21847
DA:2903,21847
DA:2904,21847
DA:2914,21847
DA:2915,5
DA:2917,21842
DA:2919,22636
DA:2920,14463
DA:2921,14463
DA:2922,14463
DA:2923,14463
DA:2924,14463
DA:2926,8173
DA:2939,47581
DA:2940,8905
DA:2941,0
DA:2943,8905
DA:2944,8905
DA:2945,8905
DA:2947,38676
DA:2959,2293
DA:2965,3365
DA:2966,2
DA:2969,3363
DA:2970,3363
DA:2974,3363
DA:2979,3363
DA:2983,335
DA:2984,1
DA:2986,335
DA:2987,335
DA:2988,2680
DA:2989,2680
DA:2991,335
DA:2995,181
DA:2996,181
DA:2997,181
DA:2998,181
DA:2999,5792
DA:3000,5792
DA:3001,1267
DA:3002,1267
DA:3005,181
DA:3009,256
DA:3010,256
DA:3011,256
DA:3012,5447
DA:3014,256
DA:3015,256
DA:3019,19305
DA:3020,19305
DA:3021,19305
DA:3022,19305
DA:3023,19305
DA:3024,19305
DA:3028,14156
DA:3029,14156
DA:3030,14156
DA:3034,6215
DA:3035,6215
DA:3036,2175
DA:3037,2175
DA:3039,4040
DA:3040,4040
DA:3041,4040
DA:3042,27011
DA:3043,4040
DA:3044,4040
DA:3046,22971
DA:3049,4040
DA:3053,1939
DA:3054,1939
DA:3055,12
DA:3056,12
DA:3058,1927
DA:3059,1927
DA:3060,1927
DA:3061,9562
DA:3062,1363
DA:3064,9562
DA:3066,1927
DA:3069,41
DA:3070,41
DA:3071,41
DA:3073,41
DA:3076,222
DA:3079,41
DA:3081,289
DA:3082,289
DA:3083,69
DA:3085,220
DA:3086,11
DA:3088,209
DA:3089,208
DA:3090,208
DA:3091,10
DA:3093,198
DA:3094,198
DA:3095,183
DA:3097,15
DA:3098,15
DA:3099,29230
DA:3103,41
DA:3104,41
DA:3105,41
DA:3107,41
DA:3108,75
DA:3111,41
DA:3112,1
DA:3117,41
DA:3118,241
DA:3119,241
DA:3120,215
DA:3121,215
DA:3122,215
DA:3124,26
DA:3129,41
DA:3130,29554
DA:3133,41
DA:3134,3
DA:3143,41
DA:3144,1
DA:3147,41
DA:3148,24
DA:3149,0
DA:3151,24
DA:3152,1
DA:3153,1
DA:3154,1
DA:3155,1
DA:3156,1
DA:3157,1
DA:3159,23
DA:3162,41
DA:3163,20
DA:3164,20
DA:3165,20
DA:3166,20
DA:3167,20
DA:3168,21
DA:3173,41
DA:3174,5
DA:3177,41
DA:3178,2
DA:3179,2
DA:3180,2
DA:3181,2
DA:3182,3
DA:3187,41
DA:3188,2
DA:3193,41
DA:3194,11
DA:3196,11
DA:3197,11
DA:3198,16
DA:3199,16
DA:3204,16
DA:3205,12
DA:3208,11
DA:3209,1
DA:3211,10
DA:3212,4
DA:3214,6
DA:3215,8
DA:3219,41
DA:3220,81
DA:3223,41
DA:3224,4
DA:3226,4
DA:3227,4
DA:3228,13
DA:3235,41
DA:3236,67
DA:3237,67
DA:3238,12
DA:3240,55
DA:3247,41
DA:3248,12
DA:3249,12
DA:3250,0
DA:3251,0
DA:3252,0
DA:3258,41
DA:3259,99
DA:3260,99
DA:3262,0
DA:3263,0
DA:3264,0
DA:3267,0
DA:3270,41
DA:3271,378
DA:3272,87
DA:3274,291
DA:3275,129
DA:3276,1
DA:3278,128
DA:3279,128
DA:3280,128
DA:3282,162
DA:3293,41
DA:3296,41
DA:3298,41
DA:3299,41
DA:3300,41
DA:3301,41
DA:3302,41
DA:3303,41
DA:3304,41
DA:3305,41
DA:3306,41
DA:3307,41
DA:3308,41
DA:3309,41
DA:3310,41
DA:3311,41
DA:3312,41
DA:3313,0
DA:3315,41
DA:3316,0
DA:3319,41
DA:3320,1327
DA:3321,1327
DA:3326,41
DA:3327,120
DA:3328,95
DA:3330,25
DA:3331,25
DA:3332,0
DA:3334,25
DA:3336,25
DA:3337,6
DA:3338,6
DA:3340,6
DA:3341,0
DA:3344,25
DA:3345,0
DA:3347,25
DA:3348,25
DA:3349,21
DA:3350,99
DA:3353,25
DA:3354,6
DA:3356,25
DA:3359,41
DA:3360,28
DA:3361,0
DA:3363,28
DA:3364,28
DA:3365,0
DA:3369,28
DA:3370,3
DA:3371,3
DA:3373,3
DA:3374,0
DA:3378,28
DA:3379,28
DA:3380,28
DA:3381,3
DA:3383,28
DA:3386,41
DA:3389,111
DA:3390,111
DA:3391,111
DA:3392,111
DA:3394,111
DA:3397,111
DA:3403,0
DA:3404,0
DA:3405,0
DA:3406,0
DA:3407,0
DA:3409,0
DA:3410,0
DA:3411,0
DA:3413,0
DA:3414,0
DA:3419,111
DA:3420,111
DA:3421,111
DA:3422,111
DA:3423,0
DA:3425,111
DA:3430,111
DA:3431,111
DA:3432,0
DA:3433,0
DA:3434,0
DA:3436,0
DA:3438,111
DA:3439,0
DA:3441,111
DA:3442,111
DA:3452,441
DA:3453,441
DA:3454,441
DA:3455,441
DA:3456,441
DA:3457,441
DA:3458,441
DA:3459,441
DA:3460,441
DA:3461,441
DA:3462,441
DA:3467,321
DA:3471,29554
DA:3473,29554
DA:3474,2
DA:3477,29552
DA:3478,101
DA:3479,101
DA:3485,29451
DA:3487,29451
DA:3488,29451
DA:3489,29451
DA:3490,29451
DA:3491,327
DA:3493,29124
DA:3503,29451
DA:3504,15
DA:3507,29436
DA:3508,29408
DA:3509,29408
DA:3510,29408
DA:3511,29408
DA:3512,29408
DA:3514,28
DA:3518,87635
DA:3519,87635
DA:3520,87635
DA:3521,11
DA:3526,87624
DA:3527,58184
DA:3528,58184
DA:3536,58184
DA:3537,57240
DA:3539,944
DA:3540,944
DA:3541,944
DA:3544,29440
DA:3545,4
DA:3548,29436
DA:3549,29436
DA:3552,29436
DA:3553,29436
DA:3554,1
DA:3556,29435
DA:3558,29436
DA:3562,30439
DA:3563,29312
DA:3565,1127
DA:3569,218
DA:3570,207
DA:3572,11
DA:3573,11
DA:3574,11
DA:3575,11
DA:3576,19
DA:3577,19
DA:3579,11
DA:3586,266
DA:3587,266
DA:3589,266
DA:3590,254
DA:3592,266
DA:3593,266
DA:3594,266
DA:3595,266
DA:3597,266
DA:3602,266
DA:3603,23
DA:3607,243
DA:3608,21
DA:3611,222
DA:3612,222
DA:3615,222
DA:3616,222
DA:3617,1
DA:3621,1
DA:3622,1
DA:3624,222
DA:3625,1
DA:3626,1
DA:3627,1
DA:3628,1
DA:3631,222
DA:3632,222
DA:3635,222
DA:3636,7
DA:3640,7
DA:3644,222
DA:3646,222
DA:3653,222
DA:3659,4
DA:3660,4
DA:3661,4
DA:3662,2
DA:3663,2
DA:3665,4
DA:3669,222
DA:3670,23
DA:3674,222
DA:3675,204
DA:3676,204
DA:3677,204
DA:3678,204
DA:3679,204
DA:3682,18
DA:3683,5
DA:3686,5
DA:3687,6
DA:3688,6
DA:3689,5
DA:3691,1
DA:3692,0
DA:3694,1
DA:3695,1
DA:3699,5
DA:3700,4
DA:3702,5
DA:3703,2
DA:3709,5
DA:3710,0
DA:3711,0
DA:3715,222
DA:3716,177
DA:3717,177
DA:3718,177
DA:3719,177
DA:3720,177
DA:3721,177
DA:3722,177
DA:3723,177
DA:3724,177
DA:3726,45
DA:3730,30224
DA:3733,41
DA:3735,42
DA:3740,28
DA:3741,28
DA:3742,62
DA:3746,41
DA:3747,41
DA:3748,41
DA:3750,41
DA:3751,0
DA:3754,41
DA:3755,1
DA:3760,41
DA:3761,48
DA:3762,48
DA:3767,41
DA:3768,0
DA:3769,0
DA:3771,0
DA:3772,0
DA:3773,0
DA:3774,0
DA:3775,0
DA:3777,0
DA:3780,41
DA:3781,93
DA:3784,41
DA:3785,3
DA:3788,41
DA:3789,28
DA:3792,41
DA:3793,17
DA:3795,17
DA:3796,0
DA:3801,41
DA:3802,2
DA:3805,41
DA:3806,66
DA:3807,0
DA:3809,66
DA:3810,66
DA:3811,66
DA:3812,25
DA:3813,0
DA:3815,25
DA:3816,25
DA:3817,25
DA:3818,25
DA:3820,41
DA:3823,41
DA:3826,41
DA:3828,41
DA:3829,41
DA:3832,69
DA:3833,69
DA:3834,69
DA:3835,69
DA:3836,69
DA:3837,69
DA:3838,69
DA:3843,44
DA:3850,96
DA:3851,96
DA:3852,96
DA:3853,96
DA:3856,96
DA:3858,3
DA:3859,0
DA:3861,3
DA:3862,0
DA:3863,0
DA:3865,0
DA:3868,0
DA:3869,0
DA:3872,3
DA:3873,3
DA:3875,93
DA:3876,2
DA:3877,1
DA:3879,1
DA:3880,1
DA:3882,91
DA:3883,91
DA:3885,95
DA:3886,75
DA:3887,75
DA:3888,75
DA:3889,75
DA:3890,75
DA:3892,20
DA:3895,41
DA:3898,443
DA:3901,41
DA:3903,333
DA:3910,41
DA:3911,41
DA:3912,41
DA:3914,41
DA:3915,12
DA:3918,41
DA:3919,0
DA:3924,41
DA:3925,13
DA:3926,13
DA:3927,13
DA:3928,11
DA:3930,13
DA:3933,41
DA:3934,2
DA:3939,41
DA:3940,2450
DA:3942,2450
DA:3943,5
DA:3945,2445
DA:3946,2445
DA:3947,2445
DA:3948,4674
DA:3953,2445
DA:3954,2
DA:3955,2
DA:3956,2
DA:3957,2
DA:3958,2
DA:3960,2443
DA:3963,41
DA:3964,229
DA:3965,229
DA:3966,9
DA:3968,220
DA:3969,1
DA:3971,219
DA:3972,219
DA:3973,219
DA:3974,219
DA:3975,5014
DA:3976,5014
DA:3981,219
DA:3982,0
DA:3983,0
DA:3984,0
DA:3985,0
DA:3986,0
DA:3988,219
DA:3991,41
DA:3992,2236
DA:3995,41
DA:3996,0
DA:3997,0
DA:3999,0
DA:4000,0
DA:4001,0
DA:4002,0
DA:4003,0
DA:4004,0
DA:4006,0
DA:4009,41
DA:4010,2237
DA:4011,0
DA:4013,2237
DA:4014,2237
DA:4015,2237
DA:4017,0
DA:4019,2237
DA:4020,2237
DA:4021,2237
DA:4022,2237
DA:4024,2237
DA:4025,0
DA:4026,0
DA:4027,0
DA:4028,0
DA:4029,0
DA:4031,2237
DA:4036,41
DA:4037,3
DA:4038,1
DA:4040,2
DA:4041,1
DA:4042,0
DA:4044,1
DA:4045,1
DA:4046,1
DA:4048,1
DA:4053,41
DA:4054,4915
DA:4056,4915
DA:4057,4
DA:4058,12
DA:4062,4911
DA:4063,4911
DA:4064,4911
DA:4065,105261
DA:4066,5
DA:4068,105256
DA:4070,4911
DA:4073,41
DA:4074,4
DA:4075,1
DA:4077,3
DA:4078,3
DA:4079,3
DA:4080,14
DA:4081,11
DA:4082,11
DA:4083,11
DA:4085,3
DA:4089,41
DA:4092,41
DA:4094,41
DA:4095,41
DA:4096,41
DA:4097,41
DA:4098,41
DA:4099,41
DA:4100,41
DA:4101,41
DA:4102,41
DA:4103,41
DA:4104,4
DA:4106,41
DA:4107,2
DA:4111,4905
DA:4112,4905
DA:4113,4905
DA:4114,4905
DA:4115,4905
DA:4116,4905
DA:4117,4905
DA:4122,333
DA:4125,41
DA:4128,49
DA:4132,6
DA:4136,21
DA:4137,0
DA:4140,21
DA:4150,0
DA:4153,21
DA:4154,0
DA:4157,21
DA:4159,21
DA:4160,14
DA:4161,11
DA:4163,36
DA:4164,36
DA:4169,7
DA:4171,7
DA:4172,0
DA:4173,0
DA:4174,0
DA:4177,0
DA:4178,0
DA:4179,0
DA:4180,0
DA:4184,7
DA:4185,7
DA:4186,16
DA:4193,1
DA:4194,1
DA:4198,7
DA:4205,287
DA:4206,5781
DA:4208,287
DA:4209,287
DA:4211,287
DA:4215,167
DA:4216,86
DA:4218,81
DA:4219,10
DA:4220,0
DA:4222,10
DA:4224,81
DA:4225,52
DA:4226,52
DA:4227,80
DA:4229,46
DA:4231,29
DA:4232,29
DA:4233,42
DA:4235,17
DA:4238,41
DA:4240,54
DA:4245,41
DA:4246,0
DA:4247,0
DA:4251,41
DA:4252,41
DA:4253,41
DA:4255,41
DA:4256,13
DA:4259,41
DA:4260,2
DA:4263,41
DA:4264,0
DA:4265,0
DA:4270,41
DA:4271,0
DA:4272,0
DA:4277,41
DA:4278,0
DA:4283,41
DA:4284,2
DA:4289,41
DA:4290,21
DA:4293,41
DA:4294,2
DA:4297,41
DA:4298,0
DA:4303,41
DA:4304,0
DA:4306,0
DA:4307,0
DA:4308,0
DA:4309,0
DA:4310,0
DA:4311,0
DA:4312,0
DA:4315,0
DA:4316,0
DA:4317,0
DA:4321,41
DA:4322,1
DA:4323,1
DA:4325,1
DA:4326,1
DA:4327,0
DA:4329,1
DA:4330,0
DA:4332,1
DA:4333,1
DA:4334,1
DA:4339,41
DA:4340,0
DA:4341,0
DA:4343,0
DA:4344,0
DA:4346,0
DA:4347,0
DA:4348,0
DA:4349,0
DA:4350,0
DA:4353,0
DA:4354,0
DA:4355,0
DA:4360,41
DA:4361,0
DA:4362,0
DA:4364,0
DA:4365,0
DA:4367,0
DA:4368,0
DA:4369,0
DA:4370,0
DA:4371,0
DA:4374,0
DA:4375,0
DA:4376,0
DA:4381,41
DA:4383,0
DA:4386,41
DA:4388,0
DA:4391,41
DA:4392,1
DA:4395,41
DA:4396,2
DA:4398,2
DA:4401,41
DA:4402,0
DA:4405,41
DA:4406,50
DA:4407,0
DA:4409,50
DA:4410,50
DA:4411,1
DA:4412,0
DA:4414,1
DA:4415,1
DA:4416,1
DA:4418,49
DA:4421,41
DA:4424,41
DA:4426,41
DA:4427,41
DA:4428,41
DA:4429,41
DA:4430,41
DA:4431,41
DA:4432,41
DA:4433,41
DA:4434,0
DA:4436,41
DA:4437,0
DA:4440,41
DA:4441,41
DA:4444,23
DA:4445,3
DA:4446,3
DA:4447,3
DA:4449,20
DA:4457,67
DA:4458,67
DA:4459,67
DA:4460,67
DA:4461,67
DA:4466,54
DA:4474,41
DA:4476,11303
DA:4477,11303
DA:4478,11303
DA:4479,5598
DA:4481,5705
DA:4482,5705
DA:4483,5705
DA:4484,5
DA:4486,5705
DA:4487,5705
DA:4488,116
DA:4490,5705
DA:4491,5705
DA:4492,5705
DA:4493,5705
DA:4494,5705
DA:4495,128
DA:4496,123
DA:4498,5
DA:4502,41
DA:4503,41
DA:4504,41
DA:4506,41
DA:4507,0
DA:4508,0
DA:4510,0
DA:4520,41
DA:4521,311
DA:4526,41
DA:4527,0
DA:4528,0
DA:4535,41
DA:4536,116
DA:4537,9
DA:4539,107
DA:4540,107
DA:4541,107
DA:4542,64
DA:4544,43
DA:4551,41
DA:4552,1
DA:4553,1
DA:4554,1
DA:4555,1
DA:4556,1
DA:4559,0
DA:4562,41
DA:4563,0
DA:4566,41
DA:4567,753
DA:4568,753
DA:4569,753
DA:4570,753
DA:4571,753
DA:4572,42008
DA:4573,12
DA:4575,41995
DA:4577,752
DA:4580,41
DA:4581,5
DA:4582,5
DA:4583,5
DA:4584,5
DA:4585,5
DA:4586,31
DA:4587,2
DA:4589,29
DA:4590,29
DA:4591,29
DA:4595,41
DA:4596,0
DA:4603,41
DA:4609,64
DA:4610,54
DA:4611,54
DA:4612,157
DA:4613,157
DA:4614,35
DA:4617,19
DA:4621,25
DA:4625,24
DA:4629,13
DA:4633,233
DA:4634,233
DA:4635,233
DA:4636,108
DA:4638,233
DA:4642,41
DA:4643,41
DA:4644,41
DA:4645,41
DA:4646,41
DA:4648,41
DA:4650,41
DA:4654,5668
DA:4655,5665
DA:4656,5665
DA:4657,5665
DA:4658,5665
DA:4660,116963
DA:4662,5608
DA:4666,36
DA:4670,45
DA:4674,63
DA:4679,538
DA:4686,13
DA:4691,0
DA:4696,1
DA:4700,115453
DA:4704,70
DA:4713,1
DA:4718,57
DA:4724,0
DA:4728,14
DA:4729,0
DA:4731,14
DA:4745,36
DA:4746,61
DA:4748,36
DA:4752,0
DA:4756,249
DA:4760,22
DA:4761,22
DA:4762,22
DA:4763,51
DA:4764,6
DA:4765,6
DA:4768,22
DA:4772,3
DA:4776,19
DA:4777,19
DA:4781,936
DA:4782,936
DA:4786,120
DA:4787,120
DA:4788,120
DA:4789,120
DA:4790,120
DA:4791,2432
DA:4792,2432
DA:4794,118
DA:4798,0
DA:4802,565
DA:4806,628
DA:4817,1
DA:4828,6
DA:4832,15
DA:4836,8
DA:4840,5
DA:4844,36
DA:4850,16
DA:4854,6
DA:4858,6
DA:4864,3
DA:4868,21
DA:4872,28
DA:4873,28
DA:4875,0
DA:4877,28
DA:4881,28
DA:4882,28
DA:4886,1
DA:4890,28
DA:4891,28
DA:4892,132
DA:4893,20
DA:4894,20
DA:4897,24
DA:4901,5
DA:4902,3
DA:4906,0
DA:4912,1
DA:4918,0
DA:4924,0
DA:4928,3
DA:4932,9
DA:4936,675
DA:4940,21
DA:4946,6
DA:4950,6111
DA:4956,0
DA:4957,0
DA:4961,0
DA:4962,0
DA:4966,10
DA:4970,7
DA:4976,0
DA:4982,1
DA:4988,308
DA:4992,2
DA:4996,311
DA:5003,2
DA:5011,18
DA:5015,11
DA:5019,2
DA:5023,0
DA:5027,0
DA:5031,2
DA:5035,24
DA:5039,3
DA:5043,0
DA:5047,0
DA:5051,0
DA:5055,13
DA:5061,2
DA:5071,41
DA:5072,41
DA:5073,41
DA:5074,41
DA:5075,41
DA:5076,41
DA:5077,0
DA:5079,41
DA:5080,41
DA:5082,41
DA:5086,209
DA:5090,0
DA:5092,0
DA:5093,0
DA:5096,0
DA:5102,101
DA:5104,101
DA:5108,2369
DA:5114,41
DA:5115,41
DA:5116,41
DA:5117,41
DA:5118,41
DA:5120,41
DA:5124,551
DA:5130,20
DA:5134,1
DA:5135,0
DA:5139,4
DA:5140,3
DA:5144,1
DA:5145,0
DA:5149,18
DA:5153,155
DA:5157,11
DA:5158,11
DA:5159,11
DA:5160,1
DA:5165,10
DA:5166,10
DA:5167,10
DA:5178,0
DA:5179,0
DA:5183,30
DA:5187,31
DA:5191,7
DA:5192,7
DA:5195,83
DA:5199,345
DA:5200,345
DA:5209,2
DA:5213,3
DA:5214,3
DA:5215,3
DA:5216,3
DA:5217,3
DA:5219,3
DA:5223,1
DA:5227,127
DA:5231,0
DA:5235,104
DA:5236,104
DA:5240,101
DA:5241,101
DA:5245,2
DA:5246,2
DA:5247,2
DA:5251,41
DA:5252,41
DA:5253,41
DA:5255,41
DA:5259,0
DA:5263,0
DA:5269,0
DA:5273,41
DA:5274,41
DA:5278,41
DA:5279,41
DA:5280,41
DA:5285,629
DA:5286,629
DA:5287,15018
DA:5288,600
DA:5289,600
DA:5291,14418
DA:5294,627
DA:5298,27
DA:5302,115
DA:5306,9
DA:5307,15
DA:5312,2
DA:5313,11
DA:5318,14
DA:5322,7345
DA:5326,2
DA:5327,0
DA:5329,2
DA:5330,2
DA:5331,2
DA:5332,2
DA:5336,0
DA:5339,0
DA:5343,2
DA:5346,0
DA:5349,2
DA:5353,2
DA:5354,2
DA:5355,2
DA:5356,2
DA:5357,2
DA:5358,2
DA:5359,2
DA:5360,2
DA:5364,0
DA:5367,41
DA:5369,8
DA:5374,6
DA:5375,0
DA:5376,0
DA:5380,41
DA:5381,41
DA:5382,41
DA:5384,41
DA:5385,4
DA:5388,41
DA:5389,0
DA:5392,41
DA:5393,0
DA:5396,41
DA:5399,41
DA:5401,41
DA:5402,41
DA:5403,41
DA:5404,41
DA:5406,41
DA:5407,41
DA:5410,14
DA:5411,14
DA:5412,14
DA:5413,14
DA:5414,14
DA:5419,8
DA:5424,41
DA:5427,38
DA:5428,93
DA:5430,93
DA:5431,2
DA:5433,91
DA:5434,41
DA:5436,50
DA:5437,38
DA:5438,38
DA:5439,38
DA:5443,38
DA:5444,38
DA:5445,38
DA:5446,38
DA:5447,75
DA:5448,75
DA:5449,75
DA:5451,1
DA:5462,74
DA:5466,50
DA:5467,50
DA:5468,50
DA:5469,50
DA:5470,44
DA:5475,38
DA:5478,38
DA:5480,38
DA:5481,3
DA:5484,38
DA:5487,41
DA:5488,1
DA:5489,1
DA:5491,1
DA:5492,1
DA:5493,1
DA:5495,1
DA:5498,41
DA:5499,6
DA:5507,41
DA:5508,0
DA:5513,41
DA:5514,132
DA:5517,41
DA:5518,109
DA:5519,1
DA:5521,108
DA:5522,108
DA:5523,108
DA:5528,41
DA:5529,23
DA:5530,22
DA:5534,22
DA:5535,10
DA:5538,13
DA:5541,41
DA:5542,2
DA:5545,41
DA:5546,3
DA:5547,3
DA:5550,41
DA:5551,7
DA:5554,41
DA:5555,13
DA:5558,41
DA:5559,0
DA:5562,41
DA:5563,3
DA:5566,41
DA:5567,3
DA:5570,41
DA:5571,6
DA:5574,41
DA:5575,12
DA:5576,0
DA:5578,12
DA:5579,12
DA:5580,6
DA:5581,6
DA:5582,6
DA:5584,6
DA:5587,41
DA:5588,41
DA:5589,41
DA:5590,41
DA:5591,41
DA:5592,41
DA:5593,41
DA:5594,41
DA:5595,41
DA:5596,41
DA:5597,41
DA:5598,41
DA:5599,41
DA:5600,41
DA:5601,41
DA:5602,41
DA:5603,41
DA:5604,41
DA:5605,41
DA:5606,41
DA:5607,41
DA:5608,41
DA:5610,41
DA:5611,0
DA:5615,19
DA:5616,19
DA:5617,19
DA:5618,19
DA:5622,5
DA:5626,72
DA:5630,74
DA:5631,74
DA:5633,21
DA:5636,5
DA:5637,3
DA:5649,41
DA:5651,4
DA:5652,4
DA:5653,4
DA:5654,1
DA:5656,3
DA:5657,3
DA:5658,3
DA:5659,0
DA:5660,0
DA:5662,0
DA:5666,41
DA:5667,41
DA:5668,41
DA:5670,41
DA:5671,0
DA:5672,0
DA:5674,0
DA:5677,41
DA:5678,2
DA:5681,41
DA:5682,0
DA:5685,41
DA:5686,2
DA:5687,2
DA:5695,41
DA:5696,0
DA:5699,41
DA:5700,0
DA:5701,0
DA:5703,0
DA:5706,41
DA:5707,0
DA:5708,0
DA:5710,0
DA:5713,41
DA:5714,4
DA:5715,4
DA:5716,4
DA:5717,10
DA:5718,0
DA:5721,4
DA:5724,41
DA:5725,0
DA:5727,0
DA:5728,0
DA:5729,0
DA:5730,0
DA:5736,41
DA:5737,0
DA:5742,41
DA:5748,77
DA:5759,415
DA:5764,415
DA:5765,194
DA:5766,1
DA:5768,193
DA:5769,193
DA:5770,193
DA:5773,338
DA:5777,190
DA:5778,190
DA:5779,190
DA:5781,221
DA:5785,174
DA:5788,41
DA:5790,41
DA:5846,41
DA:5848,41
DA:5849,41
DA:5850,41
DA:5851,41
DA:5852,41
DA:5853,41
DA:5854,41
DA:5855,41
DA:5856,41
DA:5857,41
DA:5858,41
DA:5859,41
DA:5860,41
DA:5861,41
DA:5862,41
DA:5863,41
DA:5864,41
DA:5865,41
DA:5866,41
DA:5867,41
DA:5868,41
DA:5869,41
DA:5870,41
DA:5871,41
DA:5872,41
DA:5873,41
DA:5874,41
DA:5875,41
DA:5876,41
DA:5877,41
DA:5878,41
DA:5879,41
DA:5880,41
DA:5881,41
DA:5882,41
DA:5883,41
DA:5884,41
DA:5885,41
DA:5887,41
LF:2786
LH:2290
BRDA:9,0,0,41
BRDA:9,0,1,0
BRDA:9,1,0,41
BRDA:9,1,1,41
BRDA:10,2,0,0
BRDA:10,2,1,0
BRDA:10,3,0,0
BRDA:10,3,1,0
BRDA:32,4,0,73046
BRDA:32,4,1,5360
BRDA:43,5,0,5
BRDA:43,5,1,267
BRDA:57,6,0,16
BRDA:57,6,1,30461
BRDA:59,7,0,13
BRDA:59,7,1,3
BRDA:59,8,0,16
BRDA:59,8,1,3
BRDA:64,9,0,261
BRDA:64,9,1,30203
BRDA:73,10,0,2592
BRDA:73,10,1,78
BRDA:73,10,2,2515
BRDA:73,10,3,2510
BRDA:73,10,4,102
BRDA:73,10,5,96
BRDA:73,10,6,90
BRDA:90,11,0,2420
BRDA:90,11,1,2716
BRDA:92,12,0,157
BRDA:92,12,1,2559
BRDA:93,13,0,3
BRDA:93,13,1,154
BRDA:96,14,0,130
BRDA:96,14,1,2429
BRDA:96,15,0,2559
BRDA:96,15,1,2540
BRDA:103,16,0,2794
BRDA:103,16,1,2638
BRDA:103,16,2,146
BRDA:110,17,0,247201
BRDA:110,17,1,247187
BRDA:116,18,0,8362
BRDA:116,18,1,8340
BRDA:122,19,0,1371
BRDA:122,19,1,1371
BRDA:126,20,0,31
BRDA:126,20,1,21
BRDA:130,21,0,22
BRDA:130,21,1,2
BRDA:135,22,0,611
BRDA:135,22,1,307
BRDA:138,23,0,41
BRDA:138,23,1,0
BRDA:139,24,0,41
BRDA:139,24,1,41
BRDA:147,25,0,86
BRDA:147,25,1,390
BRDA:150,26,0,41
BRDA:150,26,1,0
BRDA:151,27,0,41
BRDA:151,27,1,41
BRDA:159,28,0,0
BRDA:159,28,1,48
BRDA:159,29,0,48
BRDA:159,29,1,5
BRDA:162,30,0,41
BRDA:162,30,1,0
BRDA:163,31,0,41
BRDA:163,31,1,41
BRDA:176,32,0,1528
BRDA:176,32,1,1528
BRDA:182,33,0,130319
BRDA:182,33,1,130305
BRDA:186,34,0,2275
BRDA:186,34,1,1341
BRDA:192,35,0,95
BRDA:192,35,1,92
BRDA:199,36,0,41
BRDA:199,36,1,41
BRDA:202,37,0,41
BRDA:202,37,1,0
BRDA:224,38,0,0
BRDA:224,38,1,5073
BRDA:224,39,0,130
BRDA:224,39,1,4943
BRDA:225,40,0,64
BRDA:225,40,1,5009
BRDA:243,41,0,1
BRDA:243,41,1,1
BRDA:248,42,0,23
BRDA:248,42,1,23
BRDA:253,43,0,1160
BRDA:253,43,1,1159
BRDA:253,43,2,1159
BRDA:253,43,3,1122
BRDA:256,44,0,37
BRDA:256,44,1,1123
BRDA:264,45,0,128195
BRDA:264,45,1,174
BRDA:264,46,0,128370
BRDA:264,46,1,183
BRDA:269,47,0,174
BRDA:269,47,1,171
BRDA:269,47,2,169
BRDA:269,47,3,118
BRDA:269,47,4,118
BRDA:273,48,0,1
BRDA:273,48,1,117
BRDA:284,49,0,9
BRDA:284,49,1,893
BRDA:284,50,0,902
BRDA:284,50,1,902
BRDA:287,51,0,3
BRDA:287,51,1,890
BRDA:291,52,0,41
BRDA:291,52,1,0
BRDA:292,53,0,41
BRDA:292,53,1,41
BRDA:304,54,0,11
BRDA:304,54,1,0
BRDA:304,55,0,11
BRDA:304,55,1,11
BRDA:315,56,0,10
BRDA:315,56,1,1008
BRDA:319,57,0,51
BRDA:319,57,1,0
BRDA:320,58,0,1
BRDA:320,58,1,50
BRDA:333,59,0,0
BRDA:333,59,1,28
BRDA:337,60,0,0
BRDA:337,60,1,0
BRDA:340,61,0,0
BRDA:340,61,1,0
BRDA:352,62,0,22
BRDA:352,62,1,1723
BRDA:352,63,0,1745
BRDA:352,63,1,1745
BRDA:354,64,0,1
BRDA:354,64,1,1722
BRDA:355,65,0,0
BRDA:355,65,1,1
BRDA:359,66,0,4
BRDA:359,66,1,1718
BRDA:365,67,0,41
BRDA:365,67,1,0
BRDA:366,68,0,41
BRDA:366,68,1,41
BRDA:378,69,0,0
BRDA:378,69,1,127262
BRDA:378,70,0,127262
BRDA:378,70,1,127262
BRDA:380,71,0,7
BRDA:380,71,1,127254
BRDA:381,72,0,3
BRDA:381,72,1,4
BRDA:385,73,0,1
BRDA:385,73,1,127253
BRDA:391,74,0,41
BRDA:391,74,1,0
BRDA:392,75,0,41
BRDA:392,75,1,41
BRDA:412,76,0,0
BRDA:412,76,1,115471
BRDA:412,77,0,115472
BRDA:412,77,1,5
BRDA:418,78,0,41
BRDA:418,78,1,0
BRDA:419,79,0,41
BRDA:419,79,1,41
BRDA:448,80,0,41
BRDA:448,80,1,0
BRDA:449,81,0,41
BRDA:449,81,1,41
BRDA:453,82,0,21
BRDA:453,82,1,6
BRDA:461,83,0,5021
BRDA:461,83,1,27947
BRDA:462,84,0,140
BRDA:462,84,1,32823
BRDA:474,85,0,243
BRDA:474,85,1,4936
BRDA:477,86,0,3
BRDA:477,86,1,4933
BRDA:493,87,0,41
BRDA:493,87,1,0
BRDA:494,88,0,41
BRDA:494,88,1,41
BRDA:498,89,0,0
BRDA:498,89,1,3
BRDA:498,90,0,3
BRDA:498,90,1,0
BRDA:514,91,0,12
BRDA:514,91,1,1902
BRDA:515,92,0,5
BRDA:515,92,1,1906
BRDA:528,93,0,1
BRDA:528,93,1,3
BRDA:531,94,0,0
BRDA:531,94,1,3
BRDA:543,95,0,1
BRDA:543,95,1,0
BRDA:546,96,0,41
BRDA:546,96,1,0
BRDA:547,97,0,41
BRDA:547,97,1,41
BRDA:551,98,0,0
BRDA:551,98,1,1
BRDA:557,99,0,1
BRDA:557,99,1,0
BRDA:560,100,0,0
BRDA:560,100,1,0
BRDA:569,101,0,0
BRDA:569,101,1,0
BRDA:574,102,0,0
BRDA:574,102,1,0
BRDA:580,103,0,0
BRDA:580,103,1,0
BRDA:592,104,0,31
BRDA:592,104,1,10
BRDA:596,105,0,671
BRDA:596,105,1,1079
BRDA:598,106,0,1
BRDA:598,106,1,1078
BRDA:601,107,0,672
BRDA:601,107,1,1078
BRDA:604,108,0,1077
BRDA:604,108,1,1
BRDA:615,109,0,127254
BRDA:615,109,1,1
BRDA:625,110,0,848
BRDA:625,110,1,42
BRDA:628,111,0,41
BRDA:628,111,1,1
BRDA:637,112,0,128102
BRDA:637,112,1,43
BRDA:639,113,0,0
BRDA:639,113,1,43
BRDA:647,114,0,787
BRDA:647,114,1,787
BRDA:651,115,0,30
BRDA:651,115,1,2
BRDA:656,116,0,17651
BRDA:656,116,1,17650
BRDA:656,116,2,43
BRDA:717,117,0,19126
BRDA:717,117,1,20363
BRDA:717,118,0,39489
BRDA:717,118,1,20463
BRDA:717,118,2,100
BRDA:720,119,0,2733
BRDA:720,119,1,17630
BRDA:720,120,0,20363
BRDA:720,120,1,19954
BRDA:723,121,0,17630
BRDA:723,121,1,0
BRDA:724,122,0,17630
BRDA:724,122,1,17630
BRDA:729,123,0,10
BRDA:729,123,1,17620
BRDA:729,124,0,17630
BRDA:729,124,1,17620
BRDA:729,124,2,0
BRDA:732,125,0,0
BRDA:732,125,1,17620
BRDA:732,126,0,17620
BRDA:732,126,1,17620
BRDA:737,127,0,17620
BRDA:737,127,1,20
BRDA:737,127,2,17
BRDA:744,128,0,41
BRDA:744,128,1,0
BRDA:744,129,0,41
BRDA:744,129,1,41
BRDA:766,130,0,2
BRDA:766,130,1,15930
BRDA:766,130,2,18776
BRDA:766,130,3,5
BRDA:766,130,4,9
BRDA:766,130,5,1
BRDA:766,130,6,0
BRDA:771,131,0,1
BRDA:771,131,1,1
BRDA:775,132,0,31
BRDA:775,132,1,18745
BRDA:780,133,0,1
BRDA:780,133,1,8
BRDA:783,134,0,0
BRDA:783,134,1,8
BRDA:787,135,0,0
BRDA:787,135,1,8
BRDA:787,136,0,8
BRDA:787,136,1,0
BRDA:794,137,0,0
BRDA:794,137,1,0
BRDA:803,138,0,0
BRDA:803,138,1,15930
BRDA:803,139,0,15930
BRDA:803,139,1,15930
BRDA:807,140,0,4
BRDA:807,140,1,15926
BRDA:819,141,0,31
BRDA:819,141,1,0
BRDA:821,142,0,0
BRDA:821,142,1,31
BRDA:848,143,0,8
BRDA:848,143,1,0
BRDA:850,144,0,4
BRDA:850,144,1,4
BRDA:856,145,0,0
BRDA:856,145,1,4
BRDA:860,146,0,0
BRDA:860,146,1,4
BRDA:861,147,0,0
BRDA:861,147,1,0
BRDA:862,148,0,0
BRDA:862,148,1,0
BRDA:867,149,0,0
BRDA:867,149,1,0
BRDA:873,150,0,0
BRDA:873,150,1,4
BRDA:877,151,0,4
BRDA:877,151,1,0
BRDA:879,152,0,0
BRDA:879,152,1,0
BRDA:879,153,0,0
BRDA:879,153,1,0
BRDA:881,154,0,0
BRDA:881,154,1,0
BRDA:888,155,0,0
BRDA:888,155,1,0
BRDA:889,156,0,0
BRDA:889,156,1,0
BRDA:903,157,0,0
BRDA:903,157,1,0
BRDA:932,158,0,0
BRDA:932,158,1,0
BRDA:932,159,0,0
BRDA:932,159,1,0
BRDA:933,160,0,0
BRDA:933,160,1,0
BRDA:937,161,0,0
BRDA:937,161,1,0
BRDA:945,162,0,41
BRDA:945,162,1,0
BRDA:952,163,0,41
BRDA:952,163,1,0
BRDA:970,164,0,41
BRDA:970,164,1,0
BRDA:971,165,0,41
BRDA:971,165,1,41
BRDA:990,166,0,5
BRDA:990,166,1,0
BRDA:1000,167,0,0
BRDA:1000,167,1,16
BRDA:1028,168,0,41
BRDA:1028,168,1,0
BRDA:1029,169,0,41
BRDA:1029,169,1,41
BRDA:1040,170,0,33
BRDA:1040,170,1,4
BRDA:1042,171,0,12
BRDA:1042,171,1,100
BRDA:1052,172,0,1
BRDA:1052,172,1,1
BRDA:1055,173,0,1
BRDA:1055,173,1,3
BRDA:1059,174,0,3
BRDA:1059,174,1,0
BRDA:1077,175,0,41
BRDA:1077,175,1,0
BRDA:1078,176,0,41
BRDA:1078,176,1,41
BRDA:1095,177,0,0
BRDA:1095,177,1,0
BRDA:1112,178,0,41
BRDA:1112,178,1,0
BRDA:1113,179,0,41
BRDA:1113,179,1,41
BRDA:1126,180,0,109
BRDA:1126,180,1,0
BRDA:1130,181,0,0
BRDA:1130,181,1,106
BRDA:1131,182,0,0
BRDA:1131,182,1,106
BRDA:1143,183,0,3
BRDA:1143,183,1,6
BRDA:1149,184,0,6
BRDA:1149,184,1,0
BRDA:1154,185,0,0
BRDA:1154,185,1,6
BRDA:1155,186,0,0
BRDA:1155,186,1,6
BRDA:1187,187,0,0
BRDA:1187,187,1,0
BRDA:1191,188,0,0
BRDA:1191,188,1,0
BRDA:1200,189,0,0
BRDA:1200,189,1,0
BRDA:1213,190,0,0
BRDA:1213,190,1,0
BRDA:1229,191,0,3
BRDA:1229,191,1,18
BRDA:1252,192,0,11
BRDA:1252,192,1,18
BRDA:1259,193,0,0
BRDA:1259,193,1,8
BRDA:1260,194,0,0
BRDA:1260,194,1,0
BRDA:1267,195,0,20
BRDA:1267,195,1,0
BRDA:1269,196,0,40
BRDA:1269,196,1,70
BRDA:1269,197,0,0
BRDA:1269,197,1,70
BRDA:1275,198,0,2
BRDA:1275,198,1,0
BRDA:1279,199,0,1
BRDA:1279,199,1,3
BRDA:1285,200,0,0
BRDA:1285,200,1,3
BRDA:1285,201,0,0
BRDA:1285,201,1,3
BRDA:1296,202,0,3
BRDA:1296,202,1,20
BRDA:1299,203,0,0
BRDA:1299,203,1,0
BRDA:1303,204,0,0
BRDA:1303,204,1,0
BRDA:1303,205,0,0
BRDA:1303,205,1,0
BRDA:1313,206,0,197
BRDA:1313,206,1,192
BRDA:1315,207,0,21
BRDA:1315,207,1,176
BRDA:1326,208,0,1
BRDA:1326,208,1,10
BRDA:1332,209,0,5
BRDA:1332,209,1,5
BRDA:1333,210,0,0
BRDA:1333,210,1,5
BRDA:1351,211,0,6
BRDA:1351,211,1,0
BRDA:1355,212,0,34
BRDA:1355,212,1,13
BRDA:1355,213,0,4
BRDA:1355,213,1,30
BRDA:1365,214,0,8
BRDA:1365,214,1,162
BRDA:1375,215,0,0
BRDA:1375,215,1,162
BRDA:1375,216,0,162
BRDA:1375,216,1,162
BRDA:1385,217,0,159
BRDA:1385,217,1,3
BRDA:1386,218,0,4
BRDA:1386,218,1,155
BRDA:1394,219,0,19
BRDA:1394,219,1,143
BRDA:1394,220,0,143
BRDA:1394,220,1,132
BRDA:1394,220,2,11
BRDA:1396,221,0,145
BRDA:1396,221,1,17
BRDA:1396,222,0,162
BRDA:1396,222,1,147
BRDA:1396,222,2,147
BRDA:1399,223,0,1
BRDA:1399,223,1,0
BRDA:1399,224,0,1
BRDA:1399,224,1,1
BRDA:1408,225,0,15
BRDA:1408,225,1,148
BRDA:1411,226,0,7
BRDA:1411,226,1,141
BRDA:1418,227,0,3189
BRDA:1418,227,1,1163
BRDA:1418,228,0,4352
BRDA:1418,228,1,1304
BRDA:1421,229,0,3189
BRDA:1421,229,1,3184
BRDA:1421,230,0,44
BRDA:1421,230,1,3145
BRDA:1430,231,0,0
BRDA:1430,231,1,7
BRDA:1430,232,0,7
BRDA:1430,232,1,6
BRDA:1434,233,0,1
BRDA:1434,233,1,6
BRDA:1444,234,0,5
BRDA:1444,234,1,13
BRDA:1448,235,0,7
BRDA:1448,235,1,6
BRDA:1448,236,0,13
BRDA:1448,236,1,13
BRDA:1448,236,2,7
BRDA:1451,237,0,0
BRDA:1451,237,1,6
BRDA:1466,238,0,0
BRDA:1466,238,1,0
BRDA:1471,239,0,0
BRDA:1471,239,1,0
BRDA:1471,239,2,0
BRDA:1478,240,0,0
BRDA:1478,240,1,0
BRDA:1484,241,0,0
BRDA:1484,241,1,0
BRDA:1488,242,0,0
BRDA:1488,242,1,0
BRDA:1494,243,0,0
BRDA:1494,243,1,0
BRDA:1498,244,0,0
BRDA:1498,244,1,0
BRDA:1509,245,0,0
BRDA:1509,245,1,0
BRDA:1515,246,0,0
BRDA:1515,246,1,0
BRDA:1515,247,0,0
BRDA:1515,247,1,0
BRDA:1517,248,0,0
BRDA:1517,248,1,0
BRDA:1525,249,0,0
BRDA:1525,249,1,0
BRDA:1537,250,0,0
BRDA:1537,250,1,0
BRDA:1538,251,0,0
BRDA:1538,251,1,0
BRDA:1538,252,0,0
BRDA:1538,252,1,0
BRDA:1541,253,0,0
BRDA:1541,253,1,0
BRDA:1549,254,0,0
BRDA:1549,254,1,0
BRDA:1551,255,0,0
BRDA:1551,255,1,0
BRDA:1562,256,0,20
BRDA:1562,256,1,77
BRDA:1563,257,0,2
BRDA:1563,257,1,18
BRDA:1565,258,0,11
BRDA:1565,258,1,7
BRDA:1566,259,0,20
BRDA:1566,259,1,57
BRDA:1573,260,0,1
BRDA:1573,260,1,35
BRDA:1577,261,0,8
BRDA:1577,261,1,27
BRDA:1579,262,0,8
BRDA:1579,262,1,0
BRDA:1580,263,0,8
BRDA:1580,263,1,3
BRDA:1580,263,2,0
BRDA:1580,263,3,3
BRDA:1580,263,4,3
BRDA:1589,264,0,9
BRDA:1589,264,1,18
BRDA:1591,265,0,0
BRDA:1591,265,1,18
BRDA:1596,266,0,67
BRDA:1596,266,1,4
BRDA:1598,267,0,65
BRDA:1598,267,1,2
BRDA:1609,268,0,4
BRDA:1609,268,1,31
BRDA:1616,269,0,65
BRDA:1616,269,1,159
BRDA:1616,270,0,224
BRDA:1616,270,1,214
BRDA:1616,270,2,71
BRDA:1620,271,0,1
BRDA:1620,271,1,158
BRDA:1620,272,0,57
BRDA:1620,272,1,102
BRDA:1631,273,0,0
BRDA:1631,273,1,4
BRDA:1640,274,0,14
BRDA:1640,274,1,32
BRDA:1645,275,0,32
BRDA:1645,275,1,0
BRDA:1648,276,0,14
BRDA:1648,276,1,18
BRDA:1648,277,0,32
BRDA:1648,277,1,32
BRDA:1648,277,2,14
BRDA:1652,278,0,0
BRDA:1652,278,1,18
BRDA:1671,279,0,2
BRDA:1671,279,1,2
BRDA:1677,280,0,5
BRDA:1677,280,1,4
BRDA:1677,280,2,5
BRDA:1688,281,0,6
BRDA:1688,281,1,4
BRDA:1688,282,0,10
BRDA:1688,282,1,9
BRDA:1690,283,0,1
BRDA:1690,283,1,5
BRDA:1694,284,0,4
BRDA:1694,284,1,5
BRDA:1703,285,0,6
BRDA:1703,285,1,2
BRDA:1710,286,0,18
BRDA:1710,286,1,18
BRDA:1713,287,0,68
BRDA:1713,287,1,17
BRDA:1714,288,0,1
BRDA:1714,288,1,4
BRDA:1722,289,0,1
BRDA:1722,289,1,4
BRDA:1724,290,0,4
BRDA:1724,290,1,0
BRDA:1730,291,0,308
BRDA:1730,291,1,315
BRDA:1733,292,0,4
BRDA:1733,292,1,619
BRDA:1737,293,0,2
BRDA:1737,293,1,10
BRDA:1738,294,0,4
BRDA:1738,294,1,4
BRDA:1740,295,0,3175
BRDA:1740,295,1,11218
BRDA:1748,296,0,14405
BRDA:1748,296,1,8403
BRDA:1748,296,2,6160
BRDA:1748,296,3,6122
BRDA:1748,296,4,6121
BRDA:1748,296,5,11777
BRDA:1756,297,0,101
BRDA:1756,297,1,109
BRDA:1777,298,0,0
BRDA:1777,298,1,25
BRDA:1785,299,0,0
BRDA:1785,299,1,22
BRDA:1791,300,0,34
BRDA:1791,300,1,0
BRDA:1793,301,0,4
BRDA:1793,301,1,30
BRDA:1795,302,0,8
BRDA:1795,302,1,26
BRDA:1811,303,0,15
BRDA:1811,303,1,1380
BRDA:1811,304,0,1361
BRDA:1811,304,1,19
BRDA:1815,305,0,3
BRDA:1815,305,1,112
BRDA:1821,306,0,1
BRDA:1821,306,1,8
BRDA:1823,307,0,8
BRDA:1823,307,1,0
BRDA:1830,308,0,533
BRDA:1830,308,1,723
BRDA:1832,309,0,723
BRDA:1832,309,1,0
BRDA:1840,310,0,0
BRDA:1840,310,1,0
BRDA:1849,311,0,1110
BRDA:1849,311,1,5968
BRDA:1849,312,0,7078
BRDA:1849,312,1,1153
BRDA:1853,313,0,43
BRDA:1853,313,1,5925
BRDA:1857,314,0,1100
BRDA:1857,314,1,4825
BRDA:1861,315,0,244
BRDA:1861,315,1,4581
BRDA:1861,316,0,2334
BRDA:1861,316,1,2247
BRDA:1866,317,0,8194
BRDA:1866,317,1,8184
BRDA:1876,318,0,5
BRDA:1876,318,1,14510
BRDA:1887,319,0,205
BRDA:1887,319,1,19
BRDA:1887,320,0,224
BRDA:1887,320,1,210
BRDA:1890,321,0,8
BRDA:1890,321,1,11
BRDA:1900,322,0,503
BRDA:1900,322,1,493
BRDA:1900,322,2,490
BRDA:1912,323,0,520
BRDA:1912,323,1,496
BRDA:1912,323,2,160
BRDA:1912,323,3,134
BRDA:1922,324,0,39
BRDA:1922,324,1,5
BRDA:1929,325,0,0
BRDA:1929,325,1,79
BRDA:1931,326,0,79
BRDA:1931,326,1,64
BRDA:1935,327,0,255
BRDA:1935,327,1,79
BRDA:1937,328,0,30
BRDA:1937,328,1,49
BRDA:1939,329,0,0
BRDA:1939,329,1,49
BRDA:1945,330,0,4
BRDA:1945,330,1,25
BRDA:1950,331,0,22
BRDA:1950,331,1,0
BRDA:1958,332,0,0
BRDA:1958,332,1,3
BRDA:1963,333,0,2
BRDA:1963,333,1,1
BRDA:1964,334,0,0
BRDA:1964,334,1,2
BRDA:1971,335,0,0
BRDA:1971,335,1,1
BRDA:1975,336,0,0
BRDA:1975,336,1,1
BRDA:1984,337,0,0
BRDA:1984,337,1,134
BRDA:1989,338,0,117
BRDA:1989,338,1,17
BRDA:1990,339,0,0
BRDA:1990,339,1,117
BRDA:1997,340,0,0
BRDA:1997,340,1,17
BRDA:1997,341,0,17
BRDA:1997,341,1,9
BRDA:2006,342,0,60
BRDA:2006,342,1,100
BRDA:2018,343,0,2
BRDA:2018,343,1,148
BRDA:2030,344,0,150
BRDA:2030,344,1,199
BRDA:2031,345,0,59
BRDA:2031,345,1,91
BRDA:2033,346,0,36
BRDA:2033,346,1,114
BRDA:2035,347,0,1
BRDA:2035,347,1,198
BRDA:2035,348,0,199
BRDA:2035,348,1,178
BRDA:2044,349,0,21
BRDA:2044,349,1,177
BRDA:2046,350,0,80
BRDA:2046,350,1,118
BRDA:2053,351,0,58
BRDA:2053,351,1,137
BRDA:2055,352,0,3
BRDA:2055,352,1,134
BRDA:2058,353,0,11
BRDA:2058,353,1,123
BRDA:2058,354,0,7
BRDA:2058,354,1,4
BRDA:2085,355,0,0
BRDA:2085,355,1,51
BRDA:2105,356,0,1
BRDA:2105,356,1,35
BRDA:2115,357,0,51
BRDA:2115,357,1,2
BRDA:2119,358,0,2
BRDA:2119,358,1,51
BRDA:2122,359,0,1
BRDA:2122,359,1,50
BRDA:2123,360,0,51
BRDA:2123,360,1,1
BRDA:2123,360,2,1
BRDA:2130,361,0,33
BRDA:2130,361,1,17
BRDA:2136,362,0,24
BRDA:2136,362,1,32
BRDA:2181,363,0,0
BRDA:2181,363,1,51
BRDA:2186,364,0,36
BRDA:2186,364,1,15
BRDA:2187,365,0,33
BRDA:2187,365,1,3
BRDA:2187,366,0,36
BRDA:2187,366,1,33
BRDA:2189,367,0,3
BRDA:2189,367,1,0
BRDA:2195,368,0,4
BRDA:2195,368,1,11
BRDA:2196,369,0,4
BRDA:2196,369,1,11
BRDA:2199,370,0,3
BRDA:2199,370,1,5
BRDA:2207,371,0,10
BRDA:2207,371,1,10
BRDA:2207,372,0,20
BRDA:2207,372,1,12
BRDA:2208,373,0,17
BRDA:2208,373,1,3
BRDA:2208,374,0,20
BRDA:2208,374,1,12
BRDA:2210,375,0,8
BRDA:2210,375,1,9
BRDA:2224,376,0,26
BRDA:2224,376,1,13
BRDA:2224,377,0,39
BRDA:2224,377,1,26
BRDA:2226,378,0,3
BRDA:2226,378,1,10
BRDA:2265,379,0,982
BRDA:2265,379,1,37
BRDA:2269,380,0,94
BRDA:2269,380,1,1116
BRDA:2282,381,0,152
BRDA:2282,381,1,755
BRDA:2282,382,0,907
BRDA:2282,382,1,907
BRDA:2284,383,0,2
BRDA:2284,383,1,753
BRDA:2284,384,0,755
BRDA:2284,384,1,2
BRDA:2293,385,0,41
BRDA:2293,385,1,0
BRDA:2294,386,0,41
BRDA:2294,386,1,41
BRDA:2303,387,0,1
BRDA:2303,387,1,4
BRDA:2318,388,0,12379
BRDA:2318,388,1,235
BRDA:2336,389,0,1
BRDA:2336,389,1,1
BRDA:2346,390,0,0
BRDA:2346,390,1,0
BRDA:2349,391,0,0
BRDA:2349,391,1,0
BRDA:2389,392,0,312
BRDA:2389,392,1,104
BRDA:2398,393,0,0
BRDA:2398,393,1,1789
BRDA:2401,394,0,795
BRDA:2401,394,1,994
BRDA:2402,395,0,1
BRDA:2402,395,1,794
BRDA:2452,396,0,888
BRDA:2452,396,1,1761
BRDA:2466,397,0,569
BRDA:2466,397,1,14577
BRDA:2472,398,0,5
BRDA:2472,398,1,4017
BRDA:2472,399,0,569
BRDA:2472,399,1,3453
BRDA:2477,400,0,4017
BRDA:2477,400,1,3527
BRDA:2477,400,2,3943
BRDA:2479,401,0,127
BRDA:2479,401,1,3890
BRDA:2479,402,0,4017
BRDA:2479,402,1,490
BRDA:2483,403,0,335
BRDA:2483,403,1,3555
BRDA:2483,404,0,3890
BRDA:2483,404,1,3453
BRDA:2483,404,2,3453
BRDA:2487,405,0,3555
BRDA:2487,405,1,3244
BRDA:2488,406,0,3177
BRDA:2488,406,1,378
BRDA:2490,407,0,437
BRDA:2490,407,1,3118
BRDA:2491,408,0,363
BRDA:2491,408,1,74
BRDA:2492,409,0,198
BRDA:2492,409,1,165
BRDA:2502,410,0,3177
BRDA:2502,410,1,378
BRDA:2517,411,0,3980
BRDA:2517,411,1,4540
BRDA:2520,412,0,3980
BRDA:2520,412,1,4540
BRDA:2522,413,0,1062
BRDA:2522,413,1,7458
BRDA:2533,414,0,6873
BRDA:2533,414,1,4974
BRDA:2536,415,0,6873
BRDA:2536,415,1,4974
BRDA:2541,416,0,0
BRDA:2541,416,1,11847
BRDA:2541,417,0,11847
BRDA:2541,417,1,6471
BRDA:2547,418,0,5376
BRDA:2547,418,1,6471
BRDA:2559,419,0,39
BRDA:2559,419,1,11808
BRDA:2563,420,0,256
BRDA:2563,420,1,11552
BRDA:2563,421,0,11808
BRDA:2563,421,1,6471
BRDA:2563,421,2,6471
BRDA:2567,422,0,2275
BRDA:2567,422,1,9277
BRDA:2568,423,0,11552
BRDA:2568,423,1,5337
BRDA:2568,423,2,4214
BRDA:2568,423,3,2282
BRDA:2576,424,0,11
BRDA:2576,424,1,9266
BRDA:2576,425,0,9277
BRDA:2576,425,1,3062
BRDA:2576,425,2,1123
BRDA:2576,425,3,11
BRDA:2580,426,0,9266
BRDA:2580,426,1,5650
BRDA:2581,427,0,3051
BRDA:2581,427,1,6215
BRDA:2581,428,0,1112
BRDA:2581,428,1,1939
BRDA:2582,429,0,3051
BRDA:2582,429,1,6215
BRDA:2583,430,0,1112
BRDA:2583,430,1,1939
BRDA:2588,431,0,5558
BRDA:2588,431,1,3708
BRDA:2604,432,0,7034
BRDA:2604,432,1,1
BRDA:2607,433,0,7034
BRDA:2607,433,1,1
BRDA:2609,434,0,6541
BRDA:2609,434,1,494
BRDA:2615,435,0,13037
BRDA:2615,435,1,850
BRDA:2618,436,0,13037
BRDA:2618,436,1,850
BRDA:2623,437,0,0
BRDA:2623,437,1,13887
BRDA:2623,438,0,13887
BRDA:2623,438,1,5900
BRDA:2637,439,0,662
BRDA:2637,439,1,13225
BRDA:2642,440,0,2434
BRDA:2642,440,1,10791
BRDA:2644,441,0,3787
BRDA:2644,441,1,7004
BRDA:2646,442,0,181
BRDA:2646,442,1,3606
BRDA:2651,443,0,13044
BRDA:2651,443,1,6444
BRDA:2654,444,0,6387
BRDA:2654,444,1,6657
BRDA:2672,445,0,4
BRDA:2672,445,1,2
BRDA:2680,446,0,0
BRDA:2680,446,1,0
BRDA:2686,447,0,0
BRDA:2686,447,1,0
BRDA:2687,448,0,0
BRDA:2687,448,1,0
BRDA:2699,449,0,0
BRDA:2699,449,1,0
BRDA:2705,450,0,0
BRDA:2705,450,1,0
BRDA:2705,451,0,0
BRDA:2705,451,1,0
BRDA:2710,452,0,0
BRDA:2710,452,1,0
BRDA:2710,452,2,0
BRDA:2712,453,0,0
BRDA:2712,453,1,0
BRDA:2712,454,0,0
BRDA:2712,454,1,0
BRDA:2716,455,0,0
BRDA:2716,455,1,0
BRDA:2717,456,0,0
BRDA:2717,456,1,0
BRDA:2719,457,0,0
BRDA:2719,457,1,0
BRDA:2720,458,0,0
BRDA:2720,458,1,0
BRDA:2729,459,0,0
BRDA:2729,459,1,0
BRDA:2738,460,0,0
BRDA:2738,460,1,0
BRDA:2752,461,0,9068
BRDA:2752,461,1,614
BRDA:2758,462,0,0
BRDA:2758,462,1,11600
BRDA:2758,463,0,8261
BRDA:2758,463,1,3339
BRDA:2764,464,0,8261
BRDA:2764,464,1,3339
BRDA:2769,465,0,0
BRDA:2769,465,1,3339
BRDA:2770,466,0,0
BRDA:2770,466,1,0
BRDA:2770,467,0,0
BRDA:2770,467,1,0
BRDA:2789,468,0,0
BRDA:2789,468,1,240
BRDA:2789,469,0,0
BRDA:2789,469,1,245
BRDA:2801,470,0,0
BRDA:2801,470,1,0
BRDA:2802,471,0,0
BRDA:2802,471,1,0
BRDA:2802,472,0,0
BRDA:2802,472,1,0
BRDA:2818,473,0,27
BRDA:2818,473,1,25
BRDA:2821,474,0,41
BRDA:2821,474,1,0
BRDA:2822,475,0,41
BRDA:2822,475,1,41
BRDA:2832,476,0,0
BRDA:2832,476,1,0
BRDA:2833,477,0,0
BRDA:2833,477,1,0
BRDA:2836,478,0,0
BRDA:2836,478,1,0
BRDA:2838,479,0,0
BRDA:2838,479,1,0
BRDA:2841,480,0,0
BRDA:2841,480,1,0
BRDA:2846,481,0,0
BRDA:2846,481,1,0
BRDA:2847,482,0,0
BRDA:2847,482,1,0
BRDA:2848,483,0,0
BRDA:2848,483,1,0
BRDA:2849,484,0,0
BRDA:2849,484,1,0
BRDA:2889,485,0,1233
BRDA:2889,485,1,20
BRDA:2895,486,0,794
BRDA:2895,486,1,21847
BRDA:2896,487,0,0
BRDA:2896,487,1,794
BRDA:2914,488,0,5
BRDA:2914,488,1,21842
BRDA:2917,489,0,21768
BRDA:2917,489,1,74
BRDA:2917,490,0,8751
BRDA:2917,490,1,13017
BRDA:2919,491,0,14463
BRDA:2919,491,1,8173
BRDA:2926,492,0,7885
BRDA:2926,492,1,288
BRDA:2939,493,0,8905
BRDA:2939,493,1,38676
BRDA:2940,494,0,0
BRDA:2940,494,1,8905
BRDA:2960,495,0,2293
BRDA:2960,495,1,7
BRDA:2965,496,0,2
BRDA:2965,496,1,3363
BRDA:2969,497,0,335
BRDA:2969,497,1,3028
BRDA:2970,498,0,335
BRDA:2970,498,1,3028
BRDA:2974,499,0,26
BRDA:2974,499,1,3337
BRDA:2977,500,0,2738
BRDA:2977,500,1,599
BRDA:2983,501,0,1
BRDA:2983,501,1,334
BRDA:3000,502,0,1267
BRDA:3000,502,1,4525
BRDA:3000,503,0,5792
BRDA:3000,503,1,1448
BRDA:3012,504,0,4096
BRDA:3012,504,1,1351
BRDA:3028,505,0,6578
BRDA:3028,505,1,7578
BRDA:3035,506,0,2175
BRDA:3035,506,1,4040
BRDA:3035,507,0,6215
BRDA:3035,507,1,4996
BRDA:3042,508,0,4040
BRDA:3042,508,1,22971
BRDA:3054,509,0,12
BRDA:3054,509,1,1927
BRDA:3054,510,0,1939
BRDA:3054,510,1,371
BRDA:3061,511,0,1363
BRDA:3061,511,1,8199
BRDA:3076,512,0,222
BRDA:3076,512,1,222
BRDA:3082,513,0,69
BRDA:3082,513,1,220
BRDA:3082,514,0,289
BRDA:3082,514,1,289
BRDA:3085,515,0,11
BRDA:3085,515,1,209
BRDA:3090,516,0,10
BRDA:3090,516,1,198
BRDA:3094,517,0,183
BRDA:3094,517,1,15
BRDA:3094,518,0,198
BRDA:3094,518,1,190
BRDA:3103,519,0,41
BRDA:3103,519,1,0
BRDA:3104,520,0,41
BRDA:3104,520,1,41
BRDA:3119,521,0,215
BRDA:3119,521,1,26
BRDA:3119,522,0,241
BRDA:3119,522,1,225
BRDA:3122,523,0,215
BRDA:3122,523,1,183
BRDA:3134,524,0,0
BRDA:3134,524,1,3
BRDA:3136,525,0,1
BRDA:3136,525,1,2
BRDA:3138,526,0,1
BRDA:3138,526,1,1
BRDA:3148,527,0,0
BRDA:3148,527,1,24
BRDA:3151,528,0,1
BRDA:3151,528,1,23
BRDA:3200,529,0,13
BRDA:3200,529,1,3
BRDA:3200,530,0,16
BRDA:3200,530,1,15
BRDA:3204,531,0,12
BRDA:3204,531,1,4
BRDA:3208,532,0,1
BRDA:3208,532,1,10
BRDA:3211,533,0,4
BRDA:3211,533,1,6
BRDA:3211,534,0,10
BRDA:3211,534,1,4
BRDA:3211,534,2,4
BRDA:3237,535,0,12
BRDA:3237,535,1,55
BRDA:3248,536,0,1
BRDA:3248,536,1,11
BRDA:3252,537,0,0
BRDA:3252,537,1,0
BRDA:3254,538,0,0
BRDA:3254,538,1,0
BRDA:3259,539,0,3
BRDA:3259,539,1,96
BRDA:3263,540,0,0
BRDA:3263,540,1,0
BRDA:3263,541,0,0
BRDA:3263,541,1,0
BRDA:3271,542,0,87
BRDA:3271,542,1,291
BRDA:3274,543,0,129
BRDA:3274,543,1,162
BRDA:3275,544,0,1
BRDA:3275,544,1,128
BRDA:3327,545,0,95
BRDA:3327,545,1,25
BRDA:3327,546,0,95
BRDA:3327,546,1,25
BRDA:3331,547,0,0
BRDA:3331,547,1,25
BRDA:3336,548,0,6
BRDA:3336,548,1,19
BRDA:3339,549,0,6
BRDA:3339,549,1,6
BRDA:3340,550,0,0
BRDA:3340,550,1,6
BRDA:3340,551,0,6
BRDA:3340,551,1,0
BRDA:3344,552,0,0
BRDA:3344,552,1,25
BRDA:3344,553,0,25
BRDA:3344,553,1,4
BRDA:3348,554,0,21
BRDA:3348,554,1,4
BRDA:3353,555,0,6
BRDA:3353,555,1,19
BRDA:3360,556,0,0
BRDA:3360,556,1,28
BRDA:3360,557,0,28
BRDA:3360,557,1,28
BRDA:3360,558,0,3
BRDA:3360,558,1,25
BRDA:3364,559,0,0
BRDA:3364,559,1,28
BRDA:3369,560,0,3
BRDA:3369,560,1,25
BRDA:3372,561,0,3
BRDA:3372,561,1,3
BRDA:3373,562,0,0
BRDA:3373,562,1,3
BRDA:3373,563,0,3
BRDA:3373,563,1,0
BRDA:3380,564,0,3
BRDA:3380,564,1,25
BRDA:3397,565,0,0
BRDA:3397,565,1,111
BRDA:3403,566,0,0
BRDA:3403,566,1,0
BRDA:3403,567,0,0
BRDA:3403,567,1,0
BRDA:3403,568,0,0
BRDA:3403,568,1,0
BRDA:3404,569,0,0
BRDA:3404,569,1,0
BRDA:3406,570,0,0
BRDA:3406,570,1,0
BRDA:3410,571,0,0
BRDA:3410,571,1,0
BRDA:3413,572,0,0
BRDA:3413,572,1,0
BRDA:3414,573,0,0
BRDA:3414,573,1,0
BRDA:3419,574,0,111
BRDA:3419,574,1,6
BRDA:3420,575,0,0
BRDA:3420,575,1,111
BRDA:3422,576,0,0
BRDA:3422,576,1,111
BRDA:3431,577,0,0
BRDA:3431,577,1,111
BRDA:3433,578,0,0
BRDA:3433,578,1,0
BRDA:3438,579,0,0
BRDA:3438,579,1,111
BRDA:3441,580,0,4
BRDA:3441,580,1,107
BRDA:3443,581,0,111
BRDA:3443,581,1,6
BRDA:3467,582,0,321
BRDA:3467,582,1,25
BRDA:3473,583,0,2
BRDA:3473,583,1,29552
BRDA:3477,584,0,101
BRDA:3477,584,1,29451
BRDA:3477,585,0,29552
BRDA:3477,585,1,29451
BRDA:3479,586,0,0
BRDA:3479,586,1,101
BRDA:3490,587,0,327
BRDA:3490,587,1,29124
BRDA:3503,588,0,15
BRDA:3503,588,1,29436
BRDA:3507,589,0,29408
BRDA:3507,589,1,28
BRDA:3519,590,0,87635
BRDA:3519,590,1,86606
BRDA:3520,591,0,11
BRDA:3520,591,1,87624
BRDA:3520,592,0,87635
BRDA:3520,592,1,30359
BRDA:3526,593,0,58184
BRDA:3526,593,1,29440
BRDA:3527,594,0,58184
BRDA:3527,594,1,58151
BRDA:3536,595,0,57240
BRDA:3536,595,1,944
BRDA:3544,596,0,4
BRDA:3544,596,1,29436
BRDA:3544,597,0,29440
BRDA:3544,597,1,34
BRDA:3548,598,0,29436
BRDA:3548,598,1,0
BRDA:3553,599,0,1
BRDA:3553,599,1,29435
BRDA:3553,600,0,29436
BRDA:3553,600,1,5
BRDA:3562,601,0,29312
BRDA:3562,601,1,1127
BRDA:3562,602,0,30439
BRDA:3562,602,1,30409
BRDA:3562,602,2,29397
BRDA:3565,603,0,107
BRDA:3565,603,1,1020
BRDA:3569,604,0,207
BRDA:3569,604,1,11
BRDA:3572,605,0,11
BRDA:3572,605,1,0
BRDA:3575,606,0,30
BRDA:3575,606,1,29
BRDA:3586,607,0,266
BRDA:3586,607,1,0
BRDA:3589,608,0,254
BRDA:3589,608,1,12
BRDA:3592,609,0,266
BRDA:3592,609,1,76
BRDA:3597,610,0,12
BRDA:3597,610,1,254
BRDA:3599,611,0,5
BRDA:3599,611,1,249
BRDA:3602,612,0,23
BRDA:3602,612,1,243
BRDA:3602,613,0,266
BRDA:3602,613,1,245
BRDA:3607,614,0,21
BRDA:3607,614,1,222
BRDA:3618,615,0,0
BRDA:3618,615,1,1
BRDA:3618,616,0,1
BRDA:3618,616,1,0
BRDA:3624,617,0,1
BRDA:3624,617,1,221
BRDA:3637,618,0,2
BRDA:3637,618,1,5
BRDA:3637,619,0,7
BRDA:3637,619,1,2
BRDA:3646,620,0,3
BRDA:3646,620,1,219
BRDA:3648,621,0,11
BRDA:3648,621,1,208
BRDA:3653,622,0,4
BRDA:3653,622,1,218
BRDA:3654,623,0,222
BRDA:3654,623,1,121
BRDA:3654,623,2,4
BRDA:3654,623,3,4
BRDA:3669,624,0,23
BRDA:3669,624,1,199
BRDA:3670,625,0,23
BRDA:3670,625,1,23
BRDA:3674,626,0,204
BRDA:3674,626,1,18
BRDA:3679,627,0,204
BRDA:3679,627,1,110
BRDA:3682,628,0,5
BRDA:3682,628,1,13
BRDA:3682,629,0,18
BRDA:3682,629,1,14
BRDA:3688,630,0,5
BRDA:3688,630,1,1
BRDA:3691,631,0,0
BRDA:3691,631,1,1
BRDA:3699,632,0,4
BRDA:3699,632,1,1
BRDA:3699,633,0,5
BRDA:3699,633,1,5
BRDA:3702,634,0,2
BRDA:3702,634,1,3
BRDA:3702,635,0,5
BRDA:3702,635,1,5
BRDA:3709,636,0,0
BRDA:3709,636,1,5
BRDA:3715,637,0,177
BRDA:3715,637,1,45
BRDA:3730,638,0,935
BRDA:3730,638,1,29289
BRDA:3735,639,0,14
BRDA:3735,639,1,28
BRDA:3735,640,0,42
BRDA:3735,640,1,42
BRDA:3737,641,0,0
BRDA:3737,641,1,28
BRDA:3746,642,0,41
BRDA:3746,642,1,0
BRDA:3747,643,0,41
BRDA:3747,643,1,41
BRDA:3762,644,0,34
BRDA:3762,644,1,14
BRDA:3768,645,0,0
BRDA:3768,645,1,0
BRDA:3771,646,0,0
BRDA:3771,646,1,0
BRDA:3789,647,0,28
BRDA:3789,647,1,3
BRDA:3796,648,0,0
BRDA:3796,648,1,0
BRDA:3806,649,0,0
BRDA:3806,649,1,66
BRDA:3811,650,0,25
BRDA:3811,650,1,41
BRDA:3812,651,0,0
BRDA:3812,651,1,25
BRDA:3833,652,0,69
BRDA:3833,652,1,0
BRDA:3844,653,0,44
BRDA:3844,653,1,8
BRDA:3856,654,0,3
BRDA:3856,654,1,93
BRDA:3858,655,0,0
BRDA:3858,655,1,3
BRDA:3861,656,0,0
BRDA:3861,656,1,3
BRDA:3861,657,0,3
BRDA:3861,657,1,0
BRDA:3862,658,0,0
BRDA:3862,658,1,0
BRDA:3868,659,0,0
BRDA:3868,659,1,0
BRDA:3873,660,0,0
BRDA:3873,660,1,3
BRDA:3875,661,0,2
BRDA:3875,661,1,91
BRDA:3876,662,0,1
BRDA:3876,662,1,1
BRDA:3885,663,0,75
BRDA:3885,663,1,20
BRDA:3898,664,0,443
BRDA:3898,664,1,443
BRDA:3903,665,0,110
BRDA:3903,665,1,223
BRDA:3903,666,0,333
BRDA:3903,666,1,333
BRDA:3905,667,0,0
BRDA:3905,667,1,223
BRDA:3910,668,0,41
BRDA:3910,668,1,0
BRDA:3911,669,0,41
BRDA:3911,669,1,41
BRDA:3927,670,0,24
BRDA:3927,670,1,24
BRDA:3930,671,0,13
BRDA:3930,671,1,0
BRDA:3934,672,0,2
BRDA:3934,672,1,2
BRDA:3942,673,0,5
BRDA:3942,673,1,2445
BRDA:3953,674,0,2
BRDA:3953,674,1,2443
BRDA:3965,675,0,9
BRDA:3965,675,1,220
BRDA:3968,676,0,1
BRDA:3968,676,1,219
BRDA:3968,677,0,220
BRDA:3968,677,1,218
BRDA:3981,678,0,0
BRDA:3981,678,1,219
BRDA:3996,679,0,0
BRDA:3996,679,1,0
BRDA:3999,680,0,0
BRDA:3999,680,1,0
BRDA:4010,681,0,0
BRDA:4010,681,1,2237
BRDA:4015,682,0,0
BRDA:4015,682,1,2237
BRDA:4024,683,0,0
BRDA:4024,683,1,2237
BRDA:4037,684,0,1
BRDA:4037,684,1,2
BRDA:4040,685,0,1
BRDA:4040,685,1,1
BRDA:4041,686,0,0
BRDA:4041,686,1,1
BRDA:4056,687,0,4
BRDA:4056,687,1,4911
BRDA:4065,688,0,5
BRDA:4065,688,1,105256
BRDA:4074,689,0,1
BRDA:4074,689,1,3
BRDA:4080,690,0,11
BRDA:4080,690,1,3
BRDA:4122,691,0,333
BRDA:4122,691,1,5
BRDA:4128,692,0,49
BRDA:4128,692,1,49
BRDA:4132,693,0,6
BRDA:4132,693,1,0
BRDA:4136,694,0,0
BRDA:4136,694,1,21
BRDA:4140,695,0,0
BRDA:4140,695,1,21
BRDA:4141,696,0,21
BRDA:4141,696,1,21
BRDA:4141,696,2,21
BRDA:4141,696,3,21
BRDA:4141,696,4,21
BRDA:4141,696,5,0
BRDA:4141,696,6,0
BRDA:4141,696,7,21
BRDA:4141,696,8,21
BRDA:4141,696,9,21
BRDA:4153,697,0,0
BRDA:4153,697,1,21
BRDA:4153,698,0,21
BRDA:4153,698,1,0
BRDA:4159,699,0,14
BRDA:4159,699,1,7
BRDA:4162,700,0,11
BRDA:4162,700,1,11
BRDA:4164,701,0,36
BRDA:4164,701,1,36
BRDA:4164,701,2,36
BRDA:4164,701,3,36
BRDA:4171,702,0,0
BRDA:4171,702,1,7
BRDA:4172,703,0,0
BRDA:4172,703,1,0
BRDA:4173,704,0,0
BRDA:4173,704,1,0
BRDA:4186,705,0,1
BRDA:4186,705,1,15
BRDA:4187,706,0,0
BRDA:4187,706,1,16
BRDA:4189,707,0,0
BRDA:4189,707,1,16
BRDA:4198,708,0,7
BRDA:4198,708,1,6
BRDA:4209,709,0,287
BRDA:4209,709,1,287
BRDA:4215,710,0,86
BRDA:4215,710,1,81
BRDA:4215,711,0,167
BRDA:4215,711,1,166
BRDA:4218,712,0,10
BRDA:4218,712,1,71
BRDA:4219,713,0,0
BRDA:4219,713,1,10
BRDA:4224,714,0,52
BRDA:4224,714,1,29
BRDA:4240,715,0,13
BRDA:4240,715,1,41
BRDA:4240,716,0,54
BRDA:4240,716,1,54
BRDA:4242,717,0,0
BRDA:4242,717,1,41
BRDA:4242,718,0,41
BRDA:4242,718,1,0
BRDA:4251,719,0,41
BRDA:4251,719,1,0
BRDA:4252,720,0,41
BRDA:4252,720,1,41
BRDA:4265,721,0,0
BRDA:4265,721,1,0
BRDA:4272,722,0,0
BRDA:4272,722,1,0
BRDA:4310,723,0,0
BRDA:4310,723,1,0
BRDA:4326,724,0,0
BRDA:4326,724,1,1
BRDA:4329,725,0,0
BRDA:4329,725,1,1
BRDA:4329,726,0,1
BRDA:4329,726,1,1
BRDA:4329,726,2,0
BRDA:4343,727,0,0
BRDA:4343,727,1,0
BRDA:4349,728,0,0
BRDA:4349,728,1,0
BRDA:4364,729,0,0
BRDA:4364,729,1,0
BRDA:4370,730,0,0
BRDA:4370,730,1,0
BRDA:4406,731,0,0
BRDA:4406,731,1,50
BRDA:4410,732,0,1
BRDA:4410,732,1,49
BRDA:4411,733,0,0
BRDA:4411,733,1,1
BRDA:4444,734,0,3
BRDA:4444,734,1,20
BRDA:4449,735,0,2
BRDA:4449,735,1,18
BRDA:4451,736,0,0
BRDA:4451,736,1,18
BRDA:4458,737,0,67
BRDA:4458,737,1,0
BRDA:4466,738,0,54
BRDA:4466,738,1,12
BRDA:4478,739,0,5598
BRDA:4478,739,1,5705
BRDA:4482,740,0,5705
BRDA:4482,740,1,5452
BRDA:4483,741,0,5
BRDA:4483,741,1,5700
BRDA:4486,742,0,5651
BRDA:4486,742,1,54
BRDA:4487,743,0,116
BRDA:4487,743,1,5589
BRDA:4494,744,0,128
BRDA:4494,744,1,5577
BRDA:4495,745,0,123
BRDA:4495,745,1,5
BRDA:4502,746,0,41
BRDA:4502,746,1,0
BRDA:4503,747,0,41
BRDA:4503,747,1,41
BRDA:4507,748,0,0
BRDA:4507,748,1,0
BRDA:4515,749,0,0
BRDA:4515,749,1,0
BRDA:4521,750,0,295
BRDA:4521,750,1,16
BRDA:4529,751,0,0
BRDA:4529,751,1,0
BRDA:4529,751,2,0
BRDA:4536,752,0,9
BRDA:4536,752,1,107
BRDA:4541,753,0,64
BRDA:4541,753,1,43
BRDA:4553,754,0,1
BRDA:4553,754,1,0
BRDA:4555,755,0,1
BRDA:4555,755,1,0
BRDA:4555,756,0,1
BRDA:4555,756,1,1
BRDA:4569,757,0,4
BRDA:4569,757,1,749
BRDA:4572,758,0,12
BRDA:4572,758,1,41995
BRDA:4572,759,0,40
BRDA:4572,759,1,41968
BRDA:4575,760,0,36
BRDA:4575,760,1,41959
BRDA:4583,761,0,0
BRDA:4583,761,1,5
BRDA:4586,762,0,2
BRDA:4586,762,1,29
BRDA:4590,763,0,0
BRDA:4590,763,1,29
BRDA:4591,764,0,0
BRDA:4591,764,1,29
BRDA:4596,765,0,0
BRDA:4596,765,1,0
BRDA:4597,766,0,0
BRDA:4597,766,1,0
BRDA:4597,766,2,0
BRDA:4613,767,0,35
BRDA:4613,767,1,122
BRDA:4655,768,0,5665
BRDA:4655,768,1,308
BRDA:4660,769,0,35
BRDA:4660,769,1,116928
BRDA:4691,770,0,0
BRDA:4691,770,1,0
BRDA:4696,771,0,1
BRDA:4696,771,1,0
BRDA:4704,772,0,7
BRDA:4704,772,1,63
BRDA:4706,773,0,63
BRDA:4706,773,1,0
BRDA:4713,774,0,1
BRDA:4713,774,1,0
BRDA:4718,775,0,1
BRDA:4718,775,1,56
BRDA:4728,776,0,0
BRDA:4728,776,1,14
BRDA:4763,777,0,6
BRDA:4763,777,1,45
BRDA:4777,778,0,18
BRDA:4777,778,1,1
BRDA:4782,779,0,0
BRDA:4782,779,1,936
BRDA:4787,780,0,112
BRDA:4787,780,1,8
BRDA:4791,781,0,111
BRDA:4791,781,1,2321
BRDA:4792,782,0,2312
BRDA:4792,782,1,120
BRDA:4792,783,0,2432
BRDA:4792,783,1,2363
BRDA:4854,784,0,3
BRDA:4854,784,1,3
BRDA:4859,785,0,1
BRDA:4859,785,1,5
BRDA:4873,786,0,0
BRDA:4873,786,1,28
BRDA:4892,787,0,20
BRDA:4892,787,1,112
BRDA:4902,788,0,3
BRDA:4902,788,1,2
BRDA:4956,789,0,0
BRDA:4956,789,1,0
BRDA:4961,790,0,0
BRDA:4961,790,1,0
BRDA:4998,791,0,1
BRDA:4998,791,1,310
BRDA:5005,792,0,1
BRDA:5005,792,1,1
BRDA:5015,793,0,1
BRDA:5015,793,1,10
BRDA:5019,794,0,1
BRDA:5019,794,1,1
BRDA:5061,795,0,2
BRDA:5061,795,1,2
BRDA:5135,796,0,0
BRDA:5135,796,1,0
BRDA:5140,797,0,1
BRDA:5140,797,1,2
BRDA:5145,798,0,0
BRDA:5145,798,1,0
BRDA:5158,799,0,11
BRDA:5158,799,1,4
BRDA:5159,800,0,1
BRDA:5159,800,1,10
BRDA:5159,801,0,11
BRDA:5159,801,1,10
BRDA:5159,801,2,6
BRDA:5165,802,0,2
BRDA:5165,802,1,8
BRDA:5169,803,0,0
BRDA:5169,803,1,10
BRDA:5179,804,0,0
BRDA:5179,804,1,0
BRDA:5192,805,0,0
BRDA:5192,805,1,7
BRDA:5192,806,0,7
BRDA:5192,806,1,7
BRDA:5192,806,2,7
BRDA:5192,806,3,5
BRDA:5201,807,0,345
BRDA:5201,807,1,337
BRDA:5202,808,0,337
BRDA:5202,808,1,0
BRDA:5203,809,0,337
BRDA:5203,809,1,321
BRDA:5216,810,0,3
BRDA:5216,810,1,0
BRDA:5259,811,0,0
BRDA:5259,811,1,0
BRDA:5287,812,0,600
BRDA:5287,812,1,14418
BRDA:5322,813,0,267
BRDA:5322,813,1,7078
BRDA:5322,814,0,2025
BRDA:5322,814,1,5053
BRDA:5326,815,0,0
BRDA:5326,815,1,2
BRDA:5331,816,0,2
BRDA:5331,816,1,0
BRDA:5333,817,0,0
BRDA:5333,817,1,2
BRDA:5334,818,0,0
BRDA:5334,818,1,0
BRDA:5341,819,0,2
BRDA:5341,819,1,0
BRDA:5369,820,0,2
BRDA:5369,820,1,6
BRDA:5369,821,0,8
BRDA:5369,821,1,8
BRDA:5371,822,0,0
BRDA:5371,822,1,6
BRDA:5380,823,0,41
BRDA:5380,823,1,0
BRDA:5381,824,0,41
BRDA:5381,824,1,41
BRDA:5411,825,0,14
BRDA:5411,825,1,0
BRDA:5420,826,0,8
BRDA:5420,826,1,2
BRDA:5430,827,0,2
BRDA:5430,827,1,91
BRDA:5433,828,0,41
BRDA:5433,828,1,50
BRDA:5436,829,0,38
BRDA:5436,829,1,12
BRDA:5449,830,0,1
BRDA:5449,830,1,74
BRDA:5451,831,0,1
BRDA:5451,831,1,1
BRDA:5451,831,2,1
BRDA:5470,832,0,9
BRDA:5470,832,1,35
BRDA:5480,833,0,3
BRDA:5480,833,1,35
BRDA:5493,834,0,0
BRDA:5493,834,1,1
BRDA:5500,835,0,6
BRDA:5500,835,1,6
BRDA:5500,835,2,4
BRDA:5500,835,3,4
BRDA:5518,836,0,1
BRDA:5518,836,1,108
BRDA:5523,837,0,51
BRDA:5523,837,1,57
BRDA:5529,838,0,22
BRDA:5529,838,1,1
BRDA:5532,839,0,2
BRDA:5532,839,1,20
BRDA:5534,840,0,10
BRDA:5534,840,1,12
BRDA:5534,841,0,22
BRDA:5534,841,1,10
BRDA:5547,842,0,0
BRDA:5547,842,1,3
BRDA:5575,843,0,0
BRDA:5575,843,1,12
BRDA:5579,844,0,6
BRDA:5579,844,1,6
BRDA:5622,845,0,5
BRDA:5622,845,1,2
BRDA:5622,845,2,0
BRDA:5653,846,0,1
BRDA:5653,846,1,3
BRDA:5657,847,0,0
BRDA:5657,847,1,3
BRDA:5658,848,0,0
BRDA:5658,848,1,3
BRDA:5659,849,0,0
BRDA:5659,849,1,0
BRDA:5666,850,0,41
BRDA:5666,850,1,0
BRDA:5667,851,0,41
BRDA:5667,851,1,41
BRDA:5671,852,0,0
BRDA:5671,852,1,0
BRDA:5678,853,0,2
BRDA:5678,853,1,0
BRDA:5687,854,0,0
BRDA:5687,854,1,2
BRDA:5700,855,0,0
BRDA:5700,855,1,0
BRDA:5707,856,0,0
BRDA:5707,856,1,0
BRDA:5717,857,0,0
BRDA:5717,857,1,10
BRDA:5717,858,0,0
BRDA:5717,858,1,10
BRDA:5730,859,0,0
BRDA:5730,859,1,0
BRDA:5732,860,0,0
BRDA:5732,860,1,0
BRDA:5737,861,0,0
BRDA:5737,861,1,0
BRDA:5750,862,0,77
BRDA:5750,862,1,74
BRDA:5753,863,0,1
BRDA:5753,863,1,76
BRDA:5753,864,0,77
BRDA:5753,864,1,3
BRDA:5759,865,0,46
BRDA:5759,865,1,369
BRDA:5761,866,0,148
BRDA:5761,866,1,221
BRDA:5764,867,0,194
BRDA:5764,867,1,221
BRDA:5765,868,0,1
BRDA:5765,868,1,193
BRDA:5769,869,0,193
BRDA:5769,869,1,9
BRDA:5769,869,2,8
BRDA:5775,870,0,193
BRDA:5775,870,1,9
BRDA:5778,871,0,190
BRDA:5778,871,1,9
BRDA:5785,872,0,132
BRDA:5785,872,1,42
BRF:1817
BRH:1351
end_of_record
